10-06-2023 08:02:46.991 [Gauge] [DEBUG] Created gauge_screenshots_dir at /Users/testinium/Desktop/EnuygunWebProject/.gauge/screenshots
10-06-2023 08:02:46.992 [Gauge] [DEBUG] Plugin java is already installed.
10-06-2023 08:02:46.993 [Gauge] [DEBUG] Plugin html-report is already installed.
10-06-2023 08:02:46.993 [Gauge] [DEBUG] Parsing started.
10-06-2023 08:02:46.993 [Gauge] [DEBUG] Started concepts parsing.
10-06-2023 08:02:46.994 [Gauge] [DEBUG] 2 concepts parsing completed.
10-06-2023 08:02:46.994 [Gauge] [DEBUG] Started specifications parsing.
10-06-2023 08:02:46.994 [Gauge] [DEBUG] 1 specifications parsing completed.
10-06-2023 08:02:46.994 [Gauge] [DEBUG] Parsing completed.
10-06-2023 08:02:47.005 [java] [DEBUG] ***** Printing Properties/Env Values *****
10-06-2023 08:02:47.005 [java] [DEBUG] PATH: /Users/testinium/Library/Android/sdk/tools/bin:/Users/testinium/Library/Android/sdk/tools:/Users/testinium/Library/Android/sdk/platform-tools:/Users/testinium/Library/Android/sdk/build-tools:/opt/homebrew/bin:/opt/homebrew/sbin:/usr/local/bin:/usr/bin:/bin:/usr/sbin:/sbin:/Library/Apple/usr/bin:/Library/Java/JavaVirtualMachines/jdk1.8.0_351.jdk/Contents/Home/bin:/Library/Java/JavaVirtualMachines/jdk1.8.0_351.jdk/Contents/Home/lib:/Users/testinium/.gauge/plugins/screenshot/0.1.0
10-06-2023 08:02:47.005 [java] [DEBUG] JAVA_HOME: /Library/Java/JavaVirtualMachines/jdk1.8.0_351.jdk/Contents/Home
10-06-2023 08:02:47.005 [java] [DEBUG] gauge_project_root: 
10-06-2023 08:02:47.005 [java] [DEBUG] gauge_parallel_streams_count: 
10-06-2023 08:02:47.005 [java] [DEBUG] gauge_reports_dir: reports
10-06-2023 08:02:47.005 [java] [DEBUG] overwrite_reports: true
10-06-2023 08:02:47.005 [java] [DEBUG] logs_directory: logs
10-06-2023 08:02:47.005 [java] [DEBUG] enable_multithreading: 
10-06-2023 08:02:47.005 [java] [DEBUG] gauge_specs_dir: specs
10-06-2023 08:02:47.005 [java] [DEBUG] csv_delimiter: ,
10-06-2023 08:02:47.005 [java] [DEBUG] gauge_java_home: 
10-06-2023 08:02:47.005 [java] [DEBUG] gauge_custom_build_path: 
10-06-2023 08:02:47.005 [java] [DEBUG] gauge_additional_libs: libs/*
10-06-2023 08:02:47.005 [java] [DEBUG] gauge_jvm_args: 
10-06-2023 08:02:47.005 [java] [DEBUG] gauge_custom_compile_dir: 
10-06-2023 08:02:47.005 [java] [DEBUG] gauge_clear_state_level: scenario
10-06-2023 08:02:47.005 [java] [DEBUG] ***** END *****
10-06-2023 08:02:47.594 [Gauge] [DEBUG] Checking updates...
10-06-2023 08:02:47.595 [Gauge] [DEBUG] Downloading https://downloads.gauge.org/plugin/flash?l=java&p=flash,html-report,java,screenshot,spectacle,xml-report&o=darwin&a=arm64
10-06-2023 08:02:48.868 [Gauge] [DEBUG] Downloading https://downloads.gauge.org/plugin/html-report?l=java&p=flash,html-report,java,screenshot,spectacle,xml-report&o=darwin&a=arm64
10-06-2023 08:02:48.927 [Gauge] [DEBUG] Downloading https://downloads.gauge.org/plugin/java?l=java&p=flash,html-report,java,screenshot,spectacle,xml-report&o=darwin&a=arm64
10-06-2023 08:02:48.995 [Gauge] [DEBUG] Downloading https://downloads.gauge.org/plugin/screenshot?l=java&p=flash,html-report,java,screenshot,spectacle,xml-report&o=darwin&a=arm64
10-06-2023 08:02:49.053 [Gauge] [DEBUG] Downloading https://downloads.gauge.org/plugin/spectacle?l=java&p=flash,html-report,java,screenshot,spectacle,xml-report&o=darwin&a=arm64
10-06-2023 08:02:49.114 [Gauge] [DEBUG] Downloading https://downloads.gauge.org/plugin/xml-report?l=java&p=flash,html-report,java,screenshot,spectacle,xml-report&o=darwin&a=arm64
10-06-2023 08:02:51.744 [java] [DEBUG] classpath set to /Library/Java/JavaVirtualMachines/jdk1.8.0_351.jdk/Contents/Home/jre/lib/charsets.jar:/Library/Java/JavaVirtualMachines/jdk1.8.0_351.jdk/Contents/Home/jre/lib/deploy.jar:/Library/Java/JavaVirtualMachines/jdk1.8.0_351.jdk/Contents/Home/jre/lib/ext/cldrdata.jar:/Library/Java/JavaVirtualMachines/jdk1.8.0_351.jdk/Contents/Home/jre/lib/ext/dnsns.jar:/Library/Java/JavaVirtualMachines/jdk1.8.0_351.jdk/Contents/Home/jre/lib/ext/jaccess.jar:/Library/Java/JavaVirtualMachines/jdk1.8.0_351.jdk/Contents/Home/jre/lib/ext/jfxrt.jar:/Library/Java/JavaVirtualMachines/jdk1.8.0_351.jdk/Contents/Home/jre/lib/ext/localedata.jar:/Library/Java/JavaVirtualMachines/jdk1.8.0_351.jdk/Contents/Home/jre/lib/ext/nashorn.jar:/Library/Java/JavaVirtualMachines/jdk1.8.0_351.jdk/Contents/Home/jre/lib/ext/sunec.jar:/Library/Java/JavaVirtualMachines/jdk1.8.0_351.jdk/Contents/Home/jre/lib/ext/sunjce_provider.jar:/Library/Java/JavaVirtualMachines/jdk1.8.0_351.jdk/Contents/Home/jre/lib/ext/sunpkcs11.jar:/Library/Java/JavaVirtualMachines/jdk1.8.0_351.jdk/Contents/Home/jre/lib/ext/zipfs.jar:/Library/Java/JavaVirtualMachines/jdk1.8.0_351.jdk/Contents/Home/jre/lib/javaws.jar:/Library/Java/JavaVirtualMachines/jdk1.8.0_351.jdk/Contents/Home/jre/lib/jce.jar:/Library/Java/JavaVirtualMachines/jdk1.8.0_351.jdk/Contents/Home/jre/lib/jfr.jar:/Library/Java/JavaVirtualMachines/jdk1.8.0_351.jdk/Contents/Home/jre/lib/jfxswt.jar:/Library/Java/JavaVirtualMachines/jdk1.8.0_351.jdk/Contents/Home/jre/lib/jsse.jar:/Library/Java/JavaVirtualMachines/jdk1.8.0_351.jdk/Contents/Home/jre/lib/management-agent.jar:/Library/Java/JavaVirtualMachines/jdk1.8.0_351.jdk/Contents/Home/jre/lib/plugin.jar:/Library/Java/JavaVirtualMachines/jdk1.8.0_351.jdk/Contents/Home/jre/lib/resources.jar:/Library/Java/JavaVirtualMachines/jdk1.8.0_351.jdk/Contents/Home/jre/lib/rt.jar:/Users/testinium/Desktop/EnuygunWebProject/target/test-classes:/Users/testinium/.m2/repository/com/thoughtworks/gauge/gauge-java/0.9.1/gauge-java-0.9.1.jar:/Users/testinium/.m2/repository/org/assertj/assertj-core/3.22.0/assertj-core-3.22.0.jar:/Users/testinium/.m2/repository/org/reflections/reflections/0.10.2/reflections-0.10.2.jar:/Users/testinium/.m2/repository/org/javassist/javassist/3.28.0-GA/javassist-3.28.0-GA.jar:/Users/testinium/.m2/repository/com/google/code/findbugs/jsr305/3.0.2/jsr305-3.0.2.jar:/Users/testinium/.m2/repository/com/github/javaparser/javaparser-core/3.16.3/javaparser-core-3.16.3.jar:/Users/testinium/.m2/repository/commons-io/commons-io/2.11.0/commons-io-2.11.0.jar:/Users/testinium/.m2/repository/commons-lang/commons-lang/2.6/commons-lang-2.6.jar:/Users/testinium/.m2/repository/org/json/json/20220320/json-20220320.jar:/Users/testinium/.m2/repository/com/google/protobuf/protobuf-java/3.19.4/protobuf-java-3.19.4.jar:/Users/testinium/.m2/repository/io/grpc/grpc-netty-shaded/1.41.2/grpc-netty-shaded-1.41.2.jar:/Users/testinium/.m2/repository/com/google/errorprone/error_prone_annotations/2.9.0/error_prone_annotations-2.9.0.jar:/Users/testinium/.m2/repository/io/perfmark/perfmark-api/0.23.0/perfmark-api-0.23.0.jar:/Users/testinium/.m2/repository/io/grpc/grpc-core/1.41.2/grpc-core-1.41.2.jar:/Users/testinium/.m2/repository/com/google/android/annotations/4.1.1.4/annotations-4.1.1.4.jar:/Users/testinium/.m2/repository/org/codehaus/mojo/animal-sniffer-annotations/1.19/animal-sniffer-annotations-1.19.jar:/Users/testinium/.m2/repository/io/grpc/grpc-protobuf/1.41.2/grpc-protobuf-1.41.2.jar:/Users/testinium/.m2/repository/io/grpc/grpc-api/1.41.2/grpc-api-1.41.2.jar:/Users/testinium/.m2/repository/io/grpc/grpc-context/1.41.2/grpc-context-1.41.2.jar:/Users/testinium/.m2/repository/com/google/api/grpc/proto-google-common-protos/2.0.1/proto-google-common-protos-2.0.1.jar:/Users/testinium/.m2/repository/io/grpc/grpc-protobuf-lite/1.41.2/grpc-protobuf-lite-1.41.2.jar:/Users/testinium/.m2/repository/io/grpc/grpc-stub/1.41.2/grpc-stub-1.41.2.jar:/Users/testinium/.m2/repository/javax/annotation/javax.annotation-api/1.3.2/javax.annotation-api-1.3.2.jar:/Users/testinium/.m2/repository/org/junit/jupiter/junit-jupiter-engine/5.1.0/junit-jupiter-engine-5.1.0.jar:/Users/testinium/.m2/repository/org/apiguardian/apiguardian-api/1.0.0/apiguardian-api-1.0.0.jar:/Users/testinium/.m2/repository/org/junit/platform/junit-platform-engine/1.1.0/junit-platform-engine-1.1.0.jar:/Users/testinium/.m2/repository/org/junit/platform/junit-platform-commons/1.1.0/junit-platform-commons-1.1.0.jar:/Users/testinium/.m2/repository/org/opentest4j/opentest4j/1.0.0/opentest4j-1.0.0.jar:/Users/testinium/.m2/repository/org/junit/jupiter/junit-jupiter-api/5.1.0/junit-jupiter-api-5.1.0.jar:/Users/testinium/.m2/repository/org/seleniumhq/selenium/selenium-java/4.10.0/selenium-java-4.10.0.jar:/Users/testinium/.m2/repository/org/seleniumhq/selenium/selenium-api/4.10.0/selenium-api-4.10.0.jar:/Users/testinium/.m2/repository/org/seleniumhq/selenium/selenium-chrome-driver/4.10.0/selenium-chrome-driver-4.10.0.jar:/Users/testinium/.m2/repository/com/google/auto/service/auto-service-annotations/1.0.1/auto-service-annotations-1.0.1.jar:/Users/testinium/.m2/repository/com/google/auto/service/auto-service/1.0.1/auto-service-1.0.1.jar:/Users/testinium/.m2/repository/com/google/auto/auto-common/1.2/auto-common-1.2.jar:/Users/testinium/.m2/repository/com/google/guava/guava/31.1-jre/guava-31.1-jre.jar:/Users/testinium/.m2/repository/com/google/guava/failureaccess/1.0.1/failureaccess-1.0.1.jar:/Users/testinium/.m2/repository/com/google/guava/listenablefuture/9999.0-empty-to-avoid-conflict-with-guava/listenablefuture-9999.0-empty-to-avoid-conflict-with-guava.jar:/Users/testinium/.m2/repository/org/checkerframework/checker-qual/3.12.0/checker-qual-3.12.0.jar:/Users/testinium/.m2/repository/com/google/j2objc/j2objc-annotations/1.3/j2objc-annotations-1.3.jar:/Users/testinium/.m2/repository/org/seleniumhq/selenium/selenium-chromium-driver/4.10.0/selenium-chromium-driver-4.10.0.jar:/Users/testinium/.m2/repository/org/seleniumhq/selenium/selenium-json/4.10.0/selenium-json-4.10.0.jar:/Users/testinium/.m2/repository/org/seleniumhq/selenium/selenium-manager/4.10.0/selenium-manager-4.10.0.jar:/Users/testinium/.m2/repository/org/seleniumhq/selenium/selenium-devtools-v112/4.10.0/selenium-devtools-v112-4.10.0.jar:/Users/testinium/.m2/repository/org/seleniumhq/selenium/selenium-devtools-v113/4.10.0/selenium-devtools-v113-4.10.0.jar:/Users/testinium/.m2/repository/org/seleniumhq/selenium/selenium-devtools-v114/4.10.0/selenium-devtools-v114-4.10.0.jar:/Users/testinium/.m2/repository/org/seleniumhq/selenium/selenium-devtools-v85/4.10.0/selenium-devtools-v85-4.10.0.jar:/Users/testinium/.m2/repository/org/seleniumhq/selenium/selenium-edge-driver/4.10.0/selenium-edge-driver-4.10.0.jar:/Users/testinium/.m2/repository/org/seleniumhq/selenium/selenium-firefox-driver/4.10.0/selenium-firefox-driver-4.10.0.jar:/Users/testinium/.m2/repository/org/seleniumhq/selenium/selenium-http/4.10.0/selenium-http-4.10.0.jar:/Users/testinium/.m2/repository/dev/failsafe/failsafe/3.3.1/failsafe-3.3.1.jar:/Users/testinium/.m2/repository/org/seleniumhq/selenium/selenium-ie-driver/4.10.0/selenium-ie-driver-4.10.0.jar:/Users/testinium/.m2/repository/org/seleniumhq/selenium/selenium-remote-driver/4.10.0/selenium-remote-driver-4.10.0.jar:/Users/testinium/.m2/repository/io/netty/netty-buffer/4.1.92.Final/netty-buffer-4.1.92.Final.jar:/Users/testinium/.m2/repository/io/netty/netty-codec-http/4.1.92.Final/netty-codec-http-4.1.92.Final.jar:/Users/testinium/.m2/repository/io/netty/netty-codec/4.1.92.Final/netty-codec-4.1.92.Final.jar:/Users/testinium/.m2/repository/io/netty/netty-handler/4.1.92.Final/netty-handler-4.1.92.Final.jar:/Users/testinium/.m2/repository/io/netty/netty-common/4.1.92.Final/netty-common-4.1.92.Final.jar:/Users/testinium/.m2/repository/io/netty/netty-transport-classes-epoll/4.1.92.Final/netty-transport-classes-epoll-4.1.92.Final.jar:/Users/testinium/.m2/repository/io/netty/netty-transport-classes-kqueue/4.1.92.Final/netty-transport-classes-kqueue-4.1.92.Final.jar:/Users/testinium/.m2/repository/io/netty/netty-transport-native-epoll/4.1.92.Final/netty-transport-native-epoll-4.1.92.Final.jar:/Users/testinium/.m2/repository/io/netty/netty-transport-native-kqueue/4.1.92.Final/netty-transport-native-kqueue-4.1.92.Final.jar:/Users/testinium/.m2/repository/io/netty/netty-transport-native-unix-common/4.1.92.Final/netty-transport-native-unix-common-4.1.92.Final.jar:/Users/testinium/.m2/repository/io/netty/netty-transport/4.1.92.Final/netty-transport-4.1.92.Final.jar:/Users/testinium/.m2/repository/io/netty/netty-resolver/4.1.92.Final/netty-resolver-4.1.92.Final.jar:/Users/testinium/.m2/repository/io/opentelemetry/opentelemetry-api/1.26.0/opentelemetry-api-1.26.0.jar:/Users/testinium/.m2/repository/io/opentelemetry/opentelemetry-context/1.26.0/opentelemetry-context-1.26.0.jar:/Users/testinium/.m2/repository/io/opentelemetry/opentelemetry-exporter-logging/1.26.0/opentelemetry-exporter-logging-1.26.0.jar:/Users/testinium/.m2/repository/io/opentelemetry/opentelemetry-sdk-metrics/1.26.0/opentelemetry-sdk-metrics-1.26.0.jar:/Users/testinium/.m2/repository/io/opentelemetry/opentelemetry-extension-incubator/1.26.0-alpha/opentelemetry-extension-incubator-1.26.0-alpha.jar:/Users/testinium/.m2/repository/io/opentelemetry/opentelemetry-sdk-logs/1.26.0-alpha/opentelemetry-sdk-logs-1.26.0-alpha.jar:/Users/testinium/.m2/repository/io/opentelemetry/opentelemetry-api-logs/1.26.0-alpha/opentelemetry-api-logs-1.26.0-alpha.jar:/Users/testinium/.m2/repository/io/opentelemetry/opentelemetry-api-events/1.26.0-alpha/opentelemetry-api-events-1.26.0-alpha.jar:/Users/testinium/.m2/repository/io/opentelemetry/opentelemetry-sdk-common/1.26.0/opentelemetry-sdk-common-1.26.0.jar:/Users/testinium/.m2/repository/io/opentelemetry/opentelemetry-sdk-extension-autoconfigure-spi/1.26.0/opentelemetry-sdk-extension-autoconfigure-spi-1.26.0.jar:/Users/testinium/.m2/repository/io/opentelemetry/opentelemetry-sdk-extension-autoconfigure/1.26.0-alpha/opentelemetry-sdk-extension-autoconfigure-1.26.0-alpha.jar:/Users/testinium/.m2/repository/io/opentelemetry/opentelemetry-sdk-trace/1.26.0/opentelemetry-sdk-trace-1.26.0.jar:/Users/testinium/.m2/repository/io/opentelemetry/opentelemetry-sdk/1.26.0/opentelemetry-sdk-1.26.0.jar:/Users/testinium/.m2/repository/io/opentelemetry/opentelemetry-semconv/1.26.0-alpha/opentelemetry-semconv-1.26.0-alpha.jar:/Users/testinium/.m2/repository/net/bytebuddy/byte-buddy/1.14.4/byte-buddy-1.14.4.jar:/Users/testinium/.m2/repository/org/apache/commons/commons-exec/1.3/commons-exec-1.3.jar:/Users/testinium/.m2/repository/org/asynchttpclient/async-http-client/2.12.3/async-http-client-2.12.3.jar:/Users/testinium/.m2/repository/org/asynchttpclient/async-http-client-netty-utils/2.12.3/async-http-client-netty-utils-2.12.3.jar:/Users/testinium/.m2/repository/io/netty/netty-codec-socks/4.1.60.Final/netty-codec-socks-4.1.60.Final.jar:/Users/testinium/.m2/repository/io/netty/netty-handler-proxy/4.1.60.Final/netty-handler-proxy-4.1.60.Final.jar:/Users/testinium/.m2/repository/io/netty/netty-transport-native-epoll/4.1.60.Final/netty-transport-native-epoll-4.1.60.Final-linux-x86_64.jar:/Users/testinium/.m2/repository/io/netty/netty-transport-native-kqueue/4.1.60.Final/netty-transport-native-kqueue-4.1.60.Final-osx-x86_64.jar:/Users/testinium/.m2/repository/org/reactivestreams/reactive-streams/1.0.3/reactive-streams-1.0.3.jar:/Users/testinium/.m2/repository/com/typesafe/netty/netty-reactive-streams/2.0.4/netty-reactive-streams-2.0.4.jar:/Users/testinium/.m2/repository/com/sun/activation/jakarta.activation/1.2.2/jakarta.activation-1.2.2.jar:/Users/testinium/.m2/repository/org/seleniumhq/selenium/selenium-safari-driver/4.10.0/selenium-safari-driver-4.10.0.jar:/Users/testinium/.m2/repository/org/seleniumhq/selenium/selenium-support/4.10.0/selenium-support-4.10.0.jar:/Users/testinium/.m2/repository/org/slf4j/slf4j-log4j12/1.7.30/slf4j-log4j12-1.7.30.jar:/Users/testinium/.m2/repository/log4j/log4j/1.2.17/log4j-1.2.17.jar:/Users/testinium/.m2/repository/org/slf4j/slf4j-api/1.7.30/slf4j-api-1.7.30.jar:/Users/testinium/.m2/repository/com/google/code/gson/gson/2.8.8/gson-2.8.8.jar:/Users/testinium/.m2/repository/io/github/bonigarcia/webdrivermanager/4.4.3/webdrivermanager-4.4.3.jar:/Users/testinium/.m2/repository/org/apache/commons/commons-lang3/3.12.0/commons-lang3-3.12.0.jar:/Users/testinium/.m2/repository/org/apache/httpcomponents/client5/httpclient5/5.0.3/httpclient5-5.0.3.jar:/Users/testinium/.m2/repository/org/apache/httpcomponents/core5/httpcore5/5.0.2/httpcore5-5.0.2.jar:/Users/testinium/.m2/repository/org/apache/httpcomponents/core5/httpcore5-h2/5.0.2/httpcore5-h2-5.0.2.jar:/Users/testinium/.m2/repository/commons-codec/commons-codec/1.13/commons-codec-1.13.jar:/Users/testinium/.m2/repository/org/rauschig/jarchivelib/1.1.0/jarchivelib-1.1.0.jar:/Users/testinium/.m2/repository/org/apache/commons/commons-compress/1.20/commons-compress-1.20.jar:/Users/testinium/.m2/repository/org/jsoup/jsoup/1.13.1/jsoup-1.13.1.jar
10-06-2023 08:02:51.748 [java] [DEBUG] found java executable in /Library/Java/JavaVirtualMachines/jdk1.8.0_351.jdk/Contents/Home/jre/bin/java
10-06-2023 08:02:51.748 [java] [DEBUG] running - /Library/Java/JavaVirtualMachines/jdk1.8.0_351.jdk/Contents/Home/jre/bin/java [-Dfile.encoding=UTF-8 com.thoughtworks.gauge.GaugeRuntime --start]
10-06-2023 08:02:51.748 [java] [DEBUG] stdout/stderr is logged to logs/14477-java.out
10-06-2023 08:02:51.965 [java] [DEBUG] multithreading is set to false
10-06-2023 08:02:52.614 [java] [DEBUG] Using reflection to scan dependencies for gauge implementations...
10-06-2023 08:02:52.834 [java] [ERROR] SLF4J: A number (18) of logging calls during the initialization phase have been intercepted and are
10-06-2023 08:02:52.834 [java] [ERROR] SLF4J: now being replayed. These are subject to the filtering rules of the underlying logging system.
10-06-2023 08:02:52.834 [java] [ERROR] SLF4J: See also http://www.slf4j.org/codes.html#replay
10-06-2023 08:02:53.114 [java] [DEBUG] gauge-java took 1150milliseconds to load and scan. This should be less than 'runner_connection_timeout' config value.
10-06-2023 08:02:53.115 [java] [DEBUG] run 'gauge config runner_connection_timeout' and verify that it is < 1150
10-06-2023 08:02:53.115 [java] [DEBUG] starting gRPC server...
10-06-2023 08:02:56.227 [java] [INFO] 2023-06-10 08:02:56 INFO  Reflections:219 scan - Reflections took 3383 ms to scan 127 urls, producing 11198 keys and 62948 values
10-06-2023 08:02:57.030 [java] [DEBUG] Scanning packages for steps
10-06-2023 08:02:57.076 [java] [DEBUG] Comparing 'org.enuygun.step.BaseSteps.waitBySeconds' and 'org.enuygun.step.BaseSteps.waitBySeconds'
10-06-2023 08:02:57.076 [java] [DEBUG] Found {} saniye beklenir in current project scope.
10-06-2023 08:02:57.077 [java] [DEBUG] Comparing 'org.enuygun.step.BaseSteps.sendKeys' and 'org.enuygun.step.BaseSteps.sendKeys'
10-06-2023 08:02:57.077 [java] [DEBUG] Found {} elementine {} texti yazılır in current project scope.
10-06-2023 08:02:57.078 [java] [DEBUG] Comparing 'org.enuygun.step.BaseSteps.clickElement' and 'org.enuygun.step.BaseSteps.clickElement'
10-06-2023 08:02:57.078 [java] [DEBUG] Found {} elementine tıklanır in current project scope.
10-06-2023 08:02:57.078 [java] [DEBUG] Comparing 'org.enuygun.step.BaseSteps.checkElement' and 'org.enuygun.step.BaseSteps.checkElement'
10-06-2023 08:02:57.078 [java] [DEBUG] Found {} elementinin görünürlüğü kontrol edilir in current project scope.
10-06-2023 08:02:57.079 [java] [DEBUG] Comparing 'org.enuygun.step.BaseSteps.selectDate' and 'org.enuygun.step.BaseSteps.selectDate'
10-06-2023 08:02:57.079 [java] [DEBUG] Found Gün-Ay-Yıl(ddMMyy) formatında {}-{}-{} bilet tarihi girişi yapılır in current project scope.
10-06-2023 08:02:57.079 [java] [DEBUG] Comparing 'org.enuygun.step.BaseSteps.passengerSelection' and 'org.enuygun.step.BaseSteps.passengerSelection'
10-06-2023 08:02:57.079 [java] [DEBUG] Found {} biletini {} adet {} biletini {} adet {} biletini {} adet {} biletini {} {} biletini {} adet arttır in current project scope.
10-06-2023 08:02:57.079 [java] [DEBUG] Comparing 'org.enuygun.step.BaseSteps.goToUrl' and 'org.enuygun.step.BaseSteps.goToUrl'
10-06-2023 08:02:57.079 [java] [DEBUG] Found {} adresine gidilir in current project scope.
10-06-2023 08:02:57.079 [java] [DEBUG] Comparing 'org.enuygun.step.BaseSteps.selectionCheckbox' and 'org.enuygun.step.BaseSteps.selectionCheckbox'
10-06-2023 08:02:57.079 [java] [DEBUG] Found {} checkboxı seçili degilse seçilir in current project scope.
10-06-2023 08:02:57.079 [java] [DEBUG] Comparing 'org.enuygun.step.BaseSteps.clickToElementWithJavaScript' and 'org.enuygun.step.BaseSteps.clickToElementWithJavaScript'
10-06-2023 08:02:57.080 [java] [DEBUG] Found {} elementine javascript ile tıklanır in current project scope.
10-06-2023 08:02:57.080 [java] [DEBUG] Comparing 'org.enuygun.step.BaseSteps.unselectedCheckbox' and 'org.enuygun.step.BaseSteps.unselectedCheckbox'
10-06-2023 08:02:57.080 [java] [DEBUG] Found {} checkboxı seçili ise seçim kaldırılır in current project scope.
10-06-2023 08:02:57.080 [java] [DEBUG] Scanning packages for hooks
10-06-2023 08:02:57.095 [java] [DEBUG] Scanned steps (using static parsing + reflections): 
10-06-2023 08:02:57.096 [java] [DEBUG] 	{} checkboxı seçili ise seçim kaldırılır : public void unselectedCheckbox(String key)
10-06-2023 08:02:57.096 [java] [DEBUG] 	{} elementine {} texti yazılır : public void sendKeys(String key, String text)
10-06-2023 08:02:57.096 [java] [DEBUG] 	{} elementinin görünürlüğü kontrol edilir : public void checkElement(String key)
10-06-2023 08:02:57.096 [java] [DEBUG] 	{} elementine javascript ile tıklanır : public void clickToElementWithJavaScript(String key)
10-06-2023 08:02:57.096 [java] [DEBUG] 	{} elementine tıklanır : public void clickElement(String key)
10-06-2023 08:02:57.096 [java] [DEBUG] 	{} saniye beklenir : public void waitBySeconds(ınt saniye) throws InterruptedException
10-06-2023 08:02:57.096 [java] [DEBUG] 	Gün-Ay-Yıl(ddMMyy) formatında {}-{}-{} bilet tarihi girişi yapılır : public void selectDate(String day, String month, ınt year) throws InterruptedException
10-06-2023 08:02:57.096 [java] [DEBUG] 	{} adresine gidilir : public void goToUrl(String url)
10-06-2023 08:02:57.096 [java] [DEBUG] 	{} biletini {} adet {} biletini {} adet {} biletini {} adet {} biletini {} {} biletini {} adet arttır : public void passengerSelection(String yetiskin, ınt adet1, String cocuk, ınt adet2, String bebek, ınt adet3, String yas65, ınt adet4, String ogrenci, ınt adet5)
10-06-2023 08:02:57.096 [java] [DEBUG] 	{} checkboxı seçili degilse seçilir : public void selectionCheckbox(String key)
10-06-2023 08:02:58.349 [java] [DEBUG] started gRPC server on port 62064
10-06-2023 08:02:58.350 [Gauge] [DEBUG] Attempting to connect to grpc server at port: 62064
10-06-2023 08:02:58.439 [Gauge] [DEBUG] Successfully made the connection with runner with port: 62064
10-06-2023 08:02:58.439 [Gauge] [DEBUG] Validation started.
10-06-2023 08:02:59.466 [java] [INFO] 2023-06-10 08:02:59 INFO  Reflections:219 scan - Reflections took 957 ms to scan 127 urls, producing 11099 keys and 51964 values
10-06-2023 08:02:59.614 [Gauge] [DEBUG] Validation completed.
10-06-2023 08:02:59.616 [Gauge] [DEBUG] Run started
10-06-2023 08:02:59.616 [Gauge] [DEBUG] Starting Html Report plugin
10-06-2023 08:02:59.652 [Gauge] [DEBUG] Attempting to connect to grpc server at port: 62073
10-06-2023 08:02:59.654 [Gauge] [DEBUG] Successfully made the connection with plugin with port: 62073
10-06-2023 08:02:59.654 [Gauge] [DEBUG] Initialising suite data store.
10-06-2023 08:03:01.134 [java] [INFO] 2023-06-10 08:03:01 INFO  WebDriverManager:632 resolveDriverVersion - Using chromedriver 114.0.5735.90 (resolved driver for Chrome 114)
10-06-2023 08:03:01.170 [java] [INFO] 2023-06-10 08:03:01 INFO  WebDriverManager:689 exportDriver - Exporting webdriver.chrome.driver as /Users/testinium/.cache/selenium/chromedriver/mac64/114.0.5735.90/chromedriver
10-06-2023 08:03:01.202 [java] [ERROR] Haz 10, 2023 8:03:01 AM org.openqa.selenium.remote.service.DriverService$Builder getLogOutput
10-06-2023 08:03:01.202 [java] [ERROR] INFO: Driver logs no longer sent to console by default; https://www.selenium.dev/documentation/webdriver/drivers/service/#setting-log-output
10-06-2023 08:03:14.665 [Gauge] [DEBUG] Created gauge_screenshots_dir at /Users/testinium/Desktop/EnuygunWebProject/.gauge/screenshots
10-06-2023 08:03:14.665 [Gauge] [DEBUG] Plugin java is already installed.
10-06-2023 08:03:14.665 [Gauge] [DEBUG] Plugin html-report is already installed.
10-06-2023 08:03:14.666 [Gauge] [DEBUG] Parsing started.
10-06-2023 08:03:14.666 [Gauge] [DEBUG] Started concepts parsing.
10-06-2023 08:03:14.666 [Gauge] [DEBUG] 2 concepts parsing completed.
10-06-2023 08:03:14.667 [Gauge] [DEBUG] Started specifications parsing.
10-06-2023 08:03:14.667 [Gauge] [DEBUG] 1 specifications parsing completed.
10-06-2023 08:03:14.667 [Gauge] [DEBUG] Parsing completed.
10-06-2023 08:03:14.671 [java] [DEBUG] ***** Printing Properties/Env Values *****
10-06-2023 08:03:14.672 [java] [DEBUG] PATH: /Users/testinium/Library/Android/sdk/tools/bin:/Users/testinium/Library/Android/sdk/tools:/Users/testinium/Library/Android/sdk/platform-tools:/Users/testinium/Library/Android/sdk/build-tools:/opt/homebrew/bin:/opt/homebrew/sbin:/usr/local/bin:/usr/bin:/bin:/usr/sbin:/sbin:/Library/Apple/usr/bin:/Library/Java/JavaVirtualMachines/jdk1.8.0_351.jdk/Contents/Home/bin:/Library/Java/JavaVirtualMachines/jdk1.8.0_351.jdk/Contents/Home/lib:/Users/testinium/.gauge/plugins/screenshot/0.1.0
10-06-2023 08:03:14.672 [java] [DEBUG] JAVA_HOME: /Library/Java/JavaVirtualMachines/jdk1.8.0_351.jdk/Contents/Home
10-06-2023 08:03:14.672 [java] [DEBUG] gauge_project_root: 
10-06-2023 08:03:14.672 [java] [DEBUG] gauge_parallel_streams_count: 
10-06-2023 08:03:14.672 [java] [DEBUG] gauge_reports_dir: reports
10-06-2023 08:03:14.672 [java] [DEBUG] overwrite_reports: true
10-06-2023 08:03:14.672 [java] [DEBUG] logs_directory: logs
10-06-2023 08:03:14.672 [java] [DEBUG] enable_multithreading: 
10-06-2023 08:03:14.672 [java] [DEBUG] gauge_specs_dir: specs
10-06-2023 08:03:14.672 [java] [DEBUG] csv_delimiter: ,
10-06-2023 08:03:14.672 [java] [DEBUG] gauge_java_home: 
10-06-2023 08:03:14.672 [java] [DEBUG] gauge_custom_build_path: 
10-06-2023 08:03:14.672 [java] [DEBUG] gauge_additional_libs: libs/*
10-06-2023 08:03:14.672 [java] [DEBUG] gauge_jvm_args: 
10-06-2023 08:03:14.672 [java] [DEBUG] gauge_custom_compile_dir: 
10-06-2023 08:03:14.672 [java] [DEBUG] gauge_clear_state_level: scenario
10-06-2023 08:03:14.672 [java] [DEBUG] ***** END *****
10-06-2023 08:03:15.526 [Gauge] [DEBUG] Checking updates...
10-06-2023 08:03:15.526 [Gauge] [DEBUG] Downloading https://downloads.gauge.org/plugin/flash?l=java&p=flash,html-report,java,screenshot,spectacle,xml-report&o=darwin&a=arm64
10-06-2023 08:03:15.696 [Gauge] [DEBUG] Downloading https://downloads.gauge.org/plugin/html-report?l=java&p=flash,html-report,java,screenshot,spectacle,xml-report&o=darwin&a=arm64
10-06-2023 08:03:15.884 [Gauge] [DEBUG] Downloading https://downloads.gauge.org/plugin/java?l=java&p=flash,html-report,java,screenshot,spectacle,xml-report&o=darwin&a=arm64
10-06-2023 08:03:15.941 [Gauge] [DEBUG] Downloading https://downloads.gauge.org/plugin/screenshot?l=java&p=flash,html-report,java,screenshot,spectacle,xml-report&o=darwin&a=arm64
10-06-2023 08:03:15.998 [Gauge] [DEBUG] Downloading https://downloads.gauge.org/plugin/spectacle?l=java&p=flash,html-report,java,screenshot,spectacle,xml-report&o=darwin&a=arm64
10-06-2023 08:03:16.066 [Gauge] [DEBUG] Downloading https://downloads.gauge.org/plugin/xml-report?l=java&p=flash,html-report,java,screenshot,spectacle,xml-report&o=darwin&a=arm64
10-06-2023 08:03:19.188 [java] [DEBUG] classpath set to /Library/Java/JavaVirtualMachines/jdk1.8.0_351.jdk/Contents/Home/jre/lib/charsets.jar:/Library/Java/JavaVirtualMachines/jdk1.8.0_351.jdk/Contents/Home/jre/lib/deploy.jar:/Library/Java/JavaVirtualMachines/jdk1.8.0_351.jdk/Contents/Home/jre/lib/ext/cldrdata.jar:/Library/Java/JavaVirtualMachines/jdk1.8.0_351.jdk/Contents/Home/jre/lib/ext/dnsns.jar:/Library/Java/JavaVirtualMachines/jdk1.8.0_351.jdk/Contents/Home/jre/lib/ext/jaccess.jar:/Library/Java/JavaVirtualMachines/jdk1.8.0_351.jdk/Contents/Home/jre/lib/ext/jfxrt.jar:/Library/Java/JavaVirtualMachines/jdk1.8.0_351.jdk/Contents/Home/jre/lib/ext/localedata.jar:/Library/Java/JavaVirtualMachines/jdk1.8.0_351.jdk/Contents/Home/jre/lib/ext/nashorn.jar:/Library/Java/JavaVirtualMachines/jdk1.8.0_351.jdk/Contents/Home/jre/lib/ext/sunec.jar:/Library/Java/JavaVirtualMachines/jdk1.8.0_351.jdk/Contents/Home/jre/lib/ext/sunjce_provider.jar:/Library/Java/JavaVirtualMachines/jdk1.8.0_351.jdk/Contents/Home/jre/lib/ext/sunpkcs11.jar:/Library/Java/JavaVirtualMachines/jdk1.8.0_351.jdk/Contents/Home/jre/lib/ext/zipfs.jar:/Library/Java/JavaVirtualMachines/jdk1.8.0_351.jdk/Contents/Home/jre/lib/javaws.jar:/Library/Java/JavaVirtualMachines/jdk1.8.0_351.jdk/Contents/Home/jre/lib/jce.jar:/Library/Java/JavaVirtualMachines/jdk1.8.0_351.jdk/Contents/Home/jre/lib/jfr.jar:/Library/Java/JavaVirtualMachines/jdk1.8.0_351.jdk/Contents/Home/jre/lib/jfxswt.jar:/Library/Java/JavaVirtualMachines/jdk1.8.0_351.jdk/Contents/Home/jre/lib/jsse.jar:/Library/Java/JavaVirtualMachines/jdk1.8.0_351.jdk/Contents/Home/jre/lib/management-agent.jar:/Library/Java/JavaVirtualMachines/jdk1.8.0_351.jdk/Contents/Home/jre/lib/plugin.jar:/Library/Java/JavaVirtualMachines/jdk1.8.0_351.jdk/Contents/Home/jre/lib/resources.jar:/Library/Java/JavaVirtualMachines/jdk1.8.0_351.jdk/Contents/Home/jre/lib/rt.jar:/Users/testinium/Desktop/EnuygunWebProject/target/test-classes:/Users/testinium/.m2/repository/com/thoughtworks/gauge/gauge-java/0.9.1/gauge-java-0.9.1.jar:/Users/testinium/.m2/repository/org/assertj/assertj-core/3.22.0/assertj-core-3.22.0.jar:/Users/testinium/.m2/repository/org/reflections/reflections/0.10.2/reflections-0.10.2.jar:/Users/testinium/.m2/repository/org/javassist/javassist/3.28.0-GA/javassist-3.28.0-GA.jar:/Users/testinium/.m2/repository/com/google/code/findbugs/jsr305/3.0.2/jsr305-3.0.2.jar:/Users/testinium/.m2/repository/com/github/javaparser/javaparser-core/3.16.3/javaparser-core-3.16.3.jar:/Users/testinium/.m2/repository/commons-io/commons-io/2.11.0/commons-io-2.11.0.jar:/Users/testinium/.m2/repository/commons-lang/commons-lang/2.6/commons-lang-2.6.jar:/Users/testinium/.m2/repository/org/json/json/20220320/json-20220320.jar:/Users/testinium/.m2/repository/com/google/protobuf/protobuf-java/3.19.4/protobuf-java-3.19.4.jar:/Users/testinium/.m2/repository/io/grpc/grpc-netty-shaded/1.41.2/grpc-netty-shaded-1.41.2.jar:/Users/testinium/.m2/repository/com/google/errorprone/error_prone_annotations/2.9.0/error_prone_annotations-2.9.0.jar:/Users/testinium/.m2/repository/io/perfmark/perfmark-api/0.23.0/perfmark-api-0.23.0.jar:/Users/testinium/.m2/repository/io/grpc/grpc-core/1.41.2/grpc-core-1.41.2.jar:/Users/testinium/.m2/repository/com/google/android/annotations/4.1.1.4/annotations-4.1.1.4.jar:/Users/testinium/.m2/repository/org/codehaus/mojo/animal-sniffer-annotations/1.19/animal-sniffer-annotations-1.19.jar:/Users/testinium/.m2/repository/io/grpc/grpc-protobuf/1.41.2/grpc-protobuf-1.41.2.jar:/Users/testinium/.m2/repository/io/grpc/grpc-api/1.41.2/grpc-api-1.41.2.jar:/Users/testinium/.m2/repository/io/grpc/grpc-context/1.41.2/grpc-context-1.41.2.jar:/Users/testinium/.m2/repository/com/google/api/grpc/proto-google-common-protos/2.0.1/proto-google-common-protos-2.0.1.jar:/Users/testinium/.m2/repository/io/grpc/grpc-protobuf-lite/1.41.2/grpc-protobuf-lite-1.41.2.jar:/Users/testinium/.m2/repository/io/grpc/grpc-stub/1.41.2/grpc-stub-1.41.2.jar:/Users/testinium/.m2/repository/javax/annotation/javax.annotation-api/1.3.2/javax.annotation-api-1.3.2.jar:/Users/testinium/.m2/repository/org/junit/jupiter/junit-jupiter-engine/5.1.0/junit-jupiter-engine-5.1.0.jar:/Users/testinium/.m2/repository/org/apiguardian/apiguardian-api/1.0.0/apiguardian-api-1.0.0.jar:/Users/testinium/.m2/repository/org/junit/platform/junit-platform-engine/1.1.0/junit-platform-engine-1.1.0.jar:/Users/testinium/.m2/repository/org/junit/platform/junit-platform-commons/1.1.0/junit-platform-commons-1.1.0.jar:/Users/testinium/.m2/repository/org/opentest4j/opentest4j/1.0.0/opentest4j-1.0.0.jar:/Users/testinium/.m2/repository/org/junit/jupiter/junit-jupiter-api/5.1.0/junit-jupiter-api-5.1.0.jar:/Users/testinium/.m2/repository/org/seleniumhq/selenium/selenium-java/4.10.0/selenium-java-4.10.0.jar:/Users/testinium/.m2/repository/org/seleniumhq/selenium/selenium-api/4.10.0/selenium-api-4.10.0.jar:/Users/testinium/.m2/repository/org/seleniumhq/selenium/selenium-chrome-driver/4.10.0/selenium-chrome-driver-4.10.0.jar:/Users/testinium/.m2/repository/com/google/auto/service/auto-service-annotations/1.0.1/auto-service-annotations-1.0.1.jar:/Users/testinium/.m2/repository/com/google/auto/service/auto-service/1.0.1/auto-service-1.0.1.jar:/Users/testinium/.m2/repository/com/google/auto/auto-common/1.2/auto-common-1.2.jar:/Users/testinium/.m2/repository/com/google/guava/guava/31.1-jre/guava-31.1-jre.jar:/Users/testinium/.m2/repository/com/google/guava/failureaccess/1.0.1/failureaccess-1.0.1.jar:/Users/testinium/.m2/repository/com/google/guava/listenablefuture/9999.0-empty-to-avoid-conflict-with-guava/listenablefuture-9999.0-empty-to-avoid-conflict-with-guava.jar:/Users/testinium/.m2/repository/org/checkerframework/checker-qual/3.12.0/checker-qual-3.12.0.jar:/Users/testinium/.m2/repository/com/google/j2objc/j2objc-annotations/1.3/j2objc-annotations-1.3.jar:/Users/testinium/.m2/repository/org/seleniumhq/selenium/selenium-chromium-driver/4.10.0/selenium-chromium-driver-4.10.0.jar:/Users/testinium/.m2/repository/org/seleniumhq/selenium/selenium-json/4.10.0/selenium-json-4.10.0.jar:/Users/testinium/.m2/repository/org/seleniumhq/selenium/selenium-manager/4.10.0/selenium-manager-4.10.0.jar:/Users/testinium/.m2/repository/org/seleniumhq/selenium/selenium-devtools-v112/4.10.0/selenium-devtools-v112-4.10.0.jar:/Users/testinium/.m2/repository/org/seleniumhq/selenium/selenium-devtools-v113/4.10.0/selenium-devtools-v113-4.10.0.jar:/Users/testinium/.m2/repository/org/seleniumhq/selenium/selenium-devtools-v114/4.10.0/selenium-devtools-v114-4.10.0.jar:/Users/testinium/.m2/repository/org/seleniumhq/selenium/selenium-devtools-v85/4.10.0/selenium-devtools-v85-4.10.0.jar:/Users/testinium/.m2/repository/org/seleniumhq/selenium/selenium-edge-driver/4.10.0/selenium-edge-driver-4.10.0.jar:/Users/testinium/.m2/repository/org/seleniumhq/selenium/selenium-firefox-driver/4.10.0/selenium-firefox-driver-4.10.0.jar:/Users/testinium/.m2/repository/org/seleniumhq/selenium/selenium-http/4.10.0/selenium-http-4.10.0.jar:/Users/testinium/.m2/repository/dev/failsafe/failsafe/3.3.1/failsafe-3.3.1.jar:/Users/testinium/.m2/repository/org/seleniumhq/selenium/selenium-ie-driver/4.10.0/selenium-ie-driver-4.10.0.jar:/Users/testinium/.m2/repository/org/seleniumhq/selenium/selenium-remote-driver/4.10.0/selenium-remote-driver-4.10.0.jar:/Users/testinium/.m2/repository/io/netty/netty-buffer/4.1.92.Final/netty-buffer-4.1.92.Final.jar:/Users/testinium/.m2/repository/io/netty/netty-codec-http/4.1.92.Final/netty-codec-http-4.1.92.Final.jar:/Users/testinium/.m2/repository/io/netty/netty-codec/4.1.92.Final/netty-codec-4.1.92.Final.jar:/Users/testinium/.m2/repository/io/netty/netty-handler/4.1.92.Final/netty-handler-4.1.92.Final.jar:/Users/testinium/.m2/repository/io/netty/netty-common/4.1.92.Final/netty-common-4.1.92.Final.jar:/Users/testinium/.m2/repository/io/netty/netty-transport-classes-epoll/4.1.92.Final/netty-transport-classes-epoll-4.1.92.Final.jar:/Users/testinium/.m2/repository/io/netty/netty-transport-classes-kqueue/4.1.92.Final/netty-transport-classes-kqueue-4.1.92.Final.jar:/Users/testinium/.m2/repository/io/netty/netty-transport-native-epoll/4.1.92.Final/netty-transport-native-epoll-4.1.92.Final.jar:/Users/testinium/.m2/repository/io/netty/netty-transport-native-kqueue/4.1.92.Final/netty-transport-native-kqueue-4.1.92.Final.jar:/Users/testinium/.m2/repository/io/netty/netty-transport-native-unix-common/4.1.92.Final/netty-transport-native-unix-common-4.1.92.Final.jar:/Users/testinium/.m2/repository/io/netty/netty-transport/4.1.92.Final/netty-transport-4.1.92.Final.jar:/Users/testinium/.m2/repository/io/netty/netty-resolver/4.1.92.Final/netty-resolver-4.1.92.Final.jar:/Users/testinium/.m2/repository/io/opentelemetry/opentelemetry-api/1.26.0/opentelemetry-api-1.26.0.jar:/Users/testinium/.m2/repository/io/opentelemetry/opentelemetry-context/1.26.0/opentelemetry-context-1.26.0.jar:/Users/testinium/.m2/repository/io/opentelemetry/opentelemetry-exporter-logging/1.26.0/opentelemetry-exporter-logging-1.26.0.jar:/Users/testinium/.m2/repository/io/opentelemetry/opentelemetry-sdk-metrics/1.26.0/opentelemetry-sdk-metrics-1.26.0.jar:/Users/testinium/.m2/repository/io/opentelemetry/opentelemetry-extension-incubator/1.26.0-alpha/opentelemetry-extension-incubator-1.26.0-alpha.jar:/Users/testinium/.m2/repository/io/opentelemetry/opentelemetry-sdk-logs/1.26.0-alpha/opentelemetry-sdk-logs-1.26.0-alpha.jar:/Users/testinium/.m2/repository/io/opentelemetry/opentelemetry-api-logs/1.26.0-alpha/opentelemetry-api-logs-1.26.0-alpha.jar:/Users/testinium/.m2/repository/io/opentelemetry/opentelemetry-api-events/1.26.0-alpha/opentelemetry-api-events-1.26.0-alpha.jar:/Users/testinium/.m2/repository/io/opentelemetry/opentelemetry-sdk-common/1.26.0/opentelemetry-sdk-common-1.26.0.jar:/Users/testinium/.m2/repository/io/opentelemetry/opentelemetry-sdk-extension-autoconfigure-spi/1.26.0/opentelemetry-sdk-extension-autoconfigure-spi-1.26.0.jar:/Users/testinium/.m2/repository/io/opentelemetry/opentelemetry-sdk-extension-autoconfigure/1.26.0-alpha/opentelemetry-sdk-extension-autoconfigure-1.26.0-alpha.jar:/Users/testinium/.m2/repository/io/opentelemetry/opentelemetry-sdk-trace/1.26.0/opentelemetry-sdk-trace-1.26.0.jar:/Users/testinium/.m2/repository/io/opentelemetry/opentelemetry-sdk/1.26.0/opentelemetry-sdk-1.26.0.jar:/Users/testinium/.m2/repository/io/opentelemetry/opentelemetry-semconv/1.26.0-alpha/opentelemetry-semconv-1.26.0-alpha.jar:/Users/testinium/.m2/repository/net/bytebuddy/byte-buddy/1.14.4/byte-buddy-1.14.4.jar:/Users/testinium/.m2/repository/org/apache/commons/commons-exec/1.3/commons-exec-1.3.jar:/Users/testinium/.m2/repository/org/asynchttpclient/async-http-client/2.12.3/async-http-client-2.12.3.jar:/Users/testinium/.m2/repository/org/asynchttpclient/async-http-client-netty-utils/2.12.3/async-http-client-netty-utils-2.12.3.jar:/Users/testinium/.m2/repository/io/netty/netty-codec-socks/4.1.60.Final/netty-codec-socks-4.1.60.Final.jar:/Users/testinium/.m2/repository/io/netty/netty-handler-proxy/4.1.60.Final/netty-handler-proxy-4.1.60.Final.jar:/Users/testinium/.m2/repository/io/netty/netty-transport-native-epoll/4.1.60.Final/netty-transport-native-epoll-4.1.60.Final-linux-x86_64.jar:/Users/testinium/.m2/repository/io/netty/netty-transport-native-kqueue/4.1.60.Final/netty-transport-native-kqueue-4.1.60.Final-osx-x86_64.jar:/Users/testinium/.m2/repository/org/reactivestreams/reactive-streams/1.0.3/reactive-streams-1.0.3.jar:/Users/testinium/.m2/repository/com/typesafe/netty/netty-reactive-streams/2.0.4/netty-reactive-streams-2.0.4.jar:/Users/testinium/.m2/repository/com/sun/activation/jakarta.activation/1.2.2/jakarta.activation-1.2.2.jar:/Users/testinium/.m2/repository/org/seleniumhq/selenium/selenium-safari-driver/4.10.0/selenium-safari-driver-4.10.0.jar:/Users/testinium/.m2/repository/org/seleniumhq/selenium/selenium-support/4.10.0/selenium-support-4.10.0.jar:/Users/testinium/.m2/repository/org/slf4j/slf4j-log4j12/1.7.30/slf4j-log4j12-1.7.30.jar:/Users/testinium/.m2/repository/log4j/log4j/1.2.17/log4j-1.2.17.jar:/Users/testinium/.m2/repository/org/slf4j/slf4j-api/1.7.30/slf4j-api-1.7.30.jar:/Users/testinium/.m2/repository/com/google/code/gson/gson/2.8.8/gson-2.8.8.jar:/Users/testinium/.m2/repository/io/github/bonigarcia/webdrivermanager/4.4.3/webdrivermanager-4.4.3.jar:/Users/testinium/.m2/repository/org/apache/commons/commons-lang3/3.12.0/commons-lang3-3.12.0.jar:/Users/testinium/.m2/repository/org/apache/httpcomponents/client5/httpclient5/5.0.3/httpclient5-5.0.3.jar:/Users/testinium/.m2/repository/org/apache/httpcomponents/core5/httpcore5/5.0.2/httpcore5-5.0.2.jar:/Users/testinium/.m2/repository/org/apache/httpcomponents/core5/httpcore5-h2/5.0.2/httpcore5-h2-5.0.2.jar:/Users/testinium/.m2/repository/commons-codec/commons-codec/1.13/commons-codec-1.13.jar:/Users/testinium/.m2/repository/org/rauschig/jarchivelib/1.1.0/jarchivelib-1.1.0.jar:/Users/testinium/.m2/repository/org/apache/commons/commons-compress/1.20/commons-compress-1.20.jar:/Users/testinium/.m2/repository/org/jsoup/jsoup/1.13.1/jsoup-1.13.1.jar
10-06-2023 08:03:19.189 [java] [DEBUG] found java executable in /Library/Java/JavaVirtualMachines/jdk1.8.0_351.jdk/Contents/Home/jre/bin/java
10-06-2023 08:03:19.189 [java] [DEBUG] running - /Library/Java/JavaVirtualMachines/jdk1.8.0_351.jdk/Contents/Home/jre/bin/java [-Dfile.encoding=UTF-8 com.thoughtworks.gauge.GaugeRuntime --start]
10-06-2023 08:03:19.189 [java] [DEBUG] stdout/stderr is logged to logs/14526-java.out
10-06-2023 08:03:19.402 [java] [DEBUG] multithreading is set to false
10-06-2023 08:03:20.042 [java] [DEBUG] Using reflection to scan dependencies for gauge implementations...
10-06-2023 08:03:20.259 [java] [ERROR] SLF4J: A number (18) of logging calls during the initialization phase have been intercepted and are
10-06-2023 08:03:20.259 [java] [ERROR] SLF4J: now being replayed. These are subject to the filtering rules of the underlying logging system.
10-06-2023 08:03:20.259 [java] [ERROR] SLF4J: See also http://www.slf4j.org/codes.html#replay
10-06-2023 08:03:20.552 [java] [DEBUG] gauge-java took 1150milliseconds to load and scan. This should be less than 'runner_connection_timeout' config value.
10-06-2023 08:03:20.552 [java] [DEBUG] run 'gauge config runner_connection_timeout' and verify that it is < 1150
10-06-2023 08:03:20.552 [java] [DEBUG] starting gRPC server...
10-06-2023 08:03:23.593 [java] [INFO] 2023-06-10 08:03:23 INFO  Reflections:219 scan - Reflections took 3315 ms to scan 127 urls, producing 11198 keys and 62948 values
10-06-2023 08:03:24.395 [java] [DEBUG] Scanning packages for steps
10-06-2023 08:03:24.436 [java] [DEBUG] Comparing 'org.enuygun.step.BaseSteps.waitBySeconds' and 'org.enuygun.step.BaseSteps.waitBySeconds'
10-06-2023 08:03:24.436 [java] [DEBUG] Found {} saniye beklenir in current project scope.
10-06-2023 08:03:24.437 [java] [DEBUG] Comparing 'org.enuygun.step.BaseSteps.sendKeys' and 'org.enuygun.step.BaseSteps.sendKeys'
10-06-2023 08:03:24.437 [java] [DEBUG] Found {} elementine {} texti yazılır in current project scope.
10-06-2023 08:03:24.437 [java] [DEBUG] Comparing 'org.enuygun.step.BaseSteps.clickElement' and 'org.enuygun.step.BaseSteps.clickElement'
10-06-2023 08:03:24.437 [java] [DEBUG] Found {} elementine tıklanır in current project scope.
10-06-2023 08:03:24.438 [java] [DEBUG] Comparing 'org.enuygun.step.BaseSteps.checkElement' and 'org.enuygun.step.BaseSteps.checkElement'
10-06-2023 08:03:24.438 [java] [DEBUG] Found {} elementinin görünürlüğü kontrol edilir in current project scope.
10-06-2023 08:03:24.438 [java] [DEBUG] Comparing 'org.enuygun.step.BaseSteps.selectDate' and 'org.enuygun.step.BaseSteps.selectDate'
10-06-2023 08:03:24.438 [java] [DEBUG] Found Gün-Ay-Yıl(ddMMyy) formatında {}-{}-{} bilet tarihi girişi yapılır in current project scope.
10-06-2023 08:03:24.438 [java] [DEBUG] Comparing 'org.enuygun.step.BaseSteps.passengerSelection' and 'org.enuygun.step.BaseSteps.passengerSelection'
10-06-2023 08:03:24.438 [java] [DEBUG] Found {} biletini {} adet {} biletini {} adet {} biletini {} adet {} biletini {} {} biletini {} adet arttır in current project scope.
10-06-2023 08:03:24.438 [java] [DEBUG] Comparing 'org.enuygun.step.BaseSteps.goToUrl' and 'org.enuygun.step.BaseSteps.goToUrl'
10-06-2023 08:03:24.438 [java] [DEBUG] Found {} adresine gidilir in current project scope.
10-06-2023 08:03:24.439 [java] [DEBUG] Comparing 'org.enuygun.step.BaseSteps.selectionCheckbox' and 'org.enuygun.step.BaseSteps.selectionCheckbox'
10-06-2023 08:03:24.440 [java] [DEBUG] Found {} checkboxı seçili degilse seçilir in current project scope.
10-06-2023 08:03:24.440 [java] [DEBUG] Comparing 'org.enuygun.step.BaseSteps.clickToElementWithJavaScript' and 'org.enuygun.step.BaseSteps.clickToElementWithJavaScript'
10-06-2023 08:03:24.440 [java] [DEBUG] Found {} elementine javascript ile tıklanır in current project scope.
10-06-2023 08:03:24.440 [java] [DEBUG] Comparing 'org.enuygun.step.BaseSteps.unselectedCheckbox' and 'org.enuygun.step.BaseSteps.unselectedCheckbox'
10-06-2023 08:03:24.440 [java] [DEBUG] Found {} checkboxı seçili ise seçim kaldırılır in current project scope.
10-06-2023 08:03:24.440 [java] [DEBUG] Scanning packages for hooks
10-06-2023 08:03:24.454 [java] [DEBUG] Scanned steps (using static parsing + reflections): 
10-06-2023 08:03:24.454 [java] [DEBUG] 	{} checkboxı seçili ise seçim kaldırılır : public void unselectedCheckbox(String key)
10-06-2023 08:03:24.454 [java] [DEBUG] 	{} elementine {} texti yazılır : public void sendKeys(String key, String text)
10-06-2023 08:03:24.454 [java] [DEBUG] 	{} elementinin görünürlüğü kontrol edilir : public void checkElement(String key)
10-06-2023 08:03:24.455 [java] [DEBUG] 	{} elementine javascript ile tıklanır : public void clickToElementWithJavaScript(String key)
10-06-2023 08:03:24.455 [java] [DEBUG] 	{} elementine tıklanır : public void clickElement(String key)
10-06-2023 08:03:24.455 [java] [DEBUG] 	{} saniye beklenir : public void waitBySeconds(ınt saniye) throws InterruptedException
10-06-2023 08:03:24.455 [java] [DEBUG] 	Gün-Ay-Yıl(ddMMyy) formatında {}-{}-{} bilet tarihi girişi yapılır : public void selectDate(String day, String month, ınt year) throws InterruptedException
10-06-2023 08:03:24.455 [java] [DEBUG] 	{} adresine gidilir : public void goToUrl(String url)
10-06-2023 08:03:24.455 [java] [DEBUG] 	{} biletini {} adet {} biletini {} adet {} biletini {} adet {} biletini {} {} biletini {} adet arttır : public void passengerSelection(String yetiskin, ınt adet1, String cocuk, ınt adet2, String bebek, ınt adet3, String yas65, ınt adet4, String ogrenci, ınt adet5)
10-06-2023 08:03:24.455 [java] [DEBUG] 	{} checkboxı seçili degilse seçilir : public void selectionCheckbox(String key)
10-06-2023 08:03:25.804 [Gauge] [DEBUG] Attempting to connect to grpc server at port: 62188
10-06-2023 08:03:25.892 [Gauge] [DEBUG] Successfully made the connection with runner with port: 62188
10-06-2023 08:03:25.892 [Gauge] [DEBUG] Validation started.
10-06-2023 08:03:26.845 [java] [INFO] 2023-06-10 08:03:26 INFO  Reflections:219 scan - Reflections took 880 ms to scan 127 urls, producing 11099 keys and 51964 values
10-06-2023 08:03:26.980 [Gauge] [DEBUG] Validation completed.
10-06-2023 08:03:26.981 [Gauge] [DEBUG] Run started
10-06-2023 08:03:26.983 [Gauge] [DEBUG] Starting Html Report plugin
10-06-2023 08:03:27.015 [Gauge] [DEBUG] Attempting to connect to grpc server at port: 62197
10-06-2023 08:03:27.016 [Gauge] [DEBUG] Successfully made the connection with plugin with port: 62197
10-06-2023 08:03:27.016 [Gauge] [DEBUG] Initialising suite data store.
10-06-2023 08:03:27.516 [java] [INFO] 2023-06-10 08:03:27 INFO  WebDriverManager:632 resolveDriverVersion - Using chromedriver 114.0.5735.90 (resolved driver for Chrome 114)
10-06-2023 08:03:27.539 [java] [INFO] 2023-06-10 08:03:27 INFO  WebDriverManager:689 exportDriver - Exporting webdriver.chrome.driver as /Users/testinium/.cache/selenium/chromedriver/mac64/114.0.5735.90/chromedriver
10-06-2023 08:03:27.569 [java] [ERROR] Haz 10, 2023 8:03:27 AM org.openqa.selenium.remote.service.DriverService$Builder getLogOutput
10-06-2023 08:03:27.569 [java] [ERROR] INFO: Driver logs no longer sent to console by default; https://www.selenium.dev/documentation/webdriver/drivers/service/#setting-log-output
10-06-2023 08:03:39.851 [java] [DEBUG] Executing '{} adresine gidilir' using 'class org.enuygun.step.BaseSteps.goToUrl
10-06-2023 08:04:01.074 [java] [DEBUG] Executing '{} elementine tıklanır' using 'class org.enuygun.step.BaseSteps.clickElement
10-06-2023 08:04:04.096 [java] [INFO] 2023-06-10 08:04:04 INFO  BaseSteps:81 clickElement - neredenPlaceholder elementine tiklandi
10-06-2023 08:04:04.123 [java] [DEBUG] Executing '{} elementine {} texti yazılır' using 'class org.enuygun.step.BaseSteps.sendKeys
10-06-2023 08:04:06.427 [java] [INFO] 2023-06-10 08:04:06 INFO  BaseSteps:102 sendKeys - neredenPlaceholder elementine Samsun texti yazildi
10-06-2023 08:04:06.442 [java] [DEBUG] Executing '{} elementine tıklanır' using 'class org.enuygun.step.BaseSteps.clickElement
10-06-2023 08:04:10.021 [java] [INFO] 2023-06-10 08:04:10 INFO  BaseSteps:81 clickElement - gidisSecim elementine tiklandi
10-06-2023 08:04:10.037 [java] [DEBUG] Executing '{} elementine tıklanır' using 'class org.enuygun.step.BaseSteps.clickElement
10-06-2023 08:04:11.025 [java] [INFO] 2023-06-10 08:04:11 INFO  BaseSteps:81 clickElement - nereyePlaceholder elementine tiklandi
10-06-2023 08:04:11.036 [java] [DEBUG] Executing '{} elementine {} texti yazılır' using 'class org.enuygun.step.BaseSteps.sendKeys
10-06-2023 08:04:12.364 [java] [INFO] 2023-06-10 08:04:12 INFO  BaseSteps:102 sendKeys - nereyePlaceholder elementine Ankara texti yazildi
10-06-2023 08:04:12.373 [java] [DEBUG] Executing '{} elementine tıklanır' using 'class org.enuygun.step.BaseSteps.clickElement
10-06-2023 08:04:13.428 [java] [INFO] 2023-06-10 08:04:13 INFO  BaseSteps:81 clickElement - donusSecim elementine tiklandi
10-06-2023 08:04:13.446 [java] [DEBUG] Executing '{} checkboxı seçili ise seçim kaldırılır' using 'class org.enuygun.step.BaseSteps.unselectedCheckbox
10-06-2023 08:04:13.476 [java] [INFO] Tek yon checkboxi secili.true
10-06-2023 08:04:17.726 [java] [INFO] 2023-06-10 08:04:17 INFO  BaseSteps:81 clickElement - tekYonCheckbox elementine tiklandi
10-06-2023 08:04:17.726 [java] [INFO] ek yon checkboxi secildi.
10-06-2023 08:04:17.736 [java] [DEBUG] Executing '{} elementine tıklanır' using 'class org.enuygun.step.BaseSteps.clickElement
10-06-2023 08:04:19.230 [java] [INFO] 2023-06-10 08:04:19 INFO  BaseSteps:81 clickElement - gidisTarihiPlaceholder elementine tiklandi
10-06-2023 08:04:19.243 [java] [DEBUG] Executing 'Gün-Ay-Yıl(ddMMyy) formatında {}-{}-{} bilet tarihi girişi yapılır' using 'class org.enuygun.step.BaseSteps.selectDate
10-06-2023 08:04:19.244 [java] [INFO] Ay ve yıl bilgisi : Temmuz 2023
10-06-2023 08:04:23.696 [java] [INFO] 2023-06-10 08:04:23 INFO  BaseSteps:81 clickElement - gelecekAyButonu elementine tiklandi
10-06-2023 08:04:30.216 [java] [INFO] Elemente tiklandi..
10-06-2023 08:04:30.234 [java] [DEBUG] Executing '{} elementine javascript ile tıklanır' using 'class org.enuygun.step.BaseSteps.clickToElementWithJavaScript
10-06-2023 08:04:30.651 [java] [INFO] 2023-06-10 08:04:30 INFO  BaseSteps:94 clickToElementWithJavaScript - donusTarihiPlaceholder elementine javascript ile tiklandi
10-06-2023 08:04:30.666 [java] [DEBUG] Executing 'Gün-Ay-Yıl(ddMMyy) formatında {}-{}-{} bilet tarihi girişi yapılır' using 'class org.enuygun.step.BaseSteps.selectDate
10-06-2023 08:04:30.666 [java] [INFO] Ay ve yıl bilgisi : Eylül 2023
10-06-2023 08:04:32.647 [java] [INFO] 2023-06-10 08:04:32 INFO  BaseSteps:81 clickElement - gelecekAyButonu elementine tiklandi
10-06-2023 08:04:35.112 [java] [INFO] 2023-06-10 08:04:35 INFO  BaseSteps:81 clickElement - gelecekAyButonu elementine tiklandi
10-06-2023 08:04:37.512 [java] [DEBUG] Executing '{} checkboxı seçili degilse seçilir' using 'class org.enuygun.step.BaseSteps.selectionCheckbox
10-06-2023 08:04:37.796 [java] [INFO] Aktarmasiz checkboxi seçili değilfalse
10-06-2023 08:04:38.757 [java] [INFO] 2023-06-10 08:04:38 INFO  BaseSteps:81 clickElement - aktarmasizCheckbox elementine tiklandi
10-06-2023 08:04:38.759 [java] [INFO] Aktarmasiz checkboxi secildi.
10-06-2023 08:04:38.773 [java] [DEBUG] Executing '{} elementine tıklanır' using 'class org.enuygun.step.BaseSteps.clickElement
10-06-2023 08:04:39.424 [java] [INFO] 2023-06-10 08:04:39 INFO  BaseSteps:81 clickElement - yolcuSecimPlaceholder elementine tiklandi
10-06-2023 08:04:39.432 [java] [DEBUG] Executing '{} elementine tıklanır' using 'class org.enuygun.step.BaseSteps.clickElement
10-06-2023 08:04:39.839 [java] [INFO] 2023-06-10 08:04:39 INFO  BaseSteps:81 clickElement - businessButonu elementine tiklandi
10-06-2023 08:04:39.844 [java] [DEBUG] Executing '{} biletini {} adet {} biletini {} adet {} biletini {} adet {} biletini {} {} biletini {} adet arttır' using 'class org.enuygun.step.BaseSteps.passengerSelection
10-06-2023 08:04:40.359 [java] [INFO] 2023-06-10 08:04:40 INFO  BaseSteps:81 clickElement - yetiskinYolcuSayisiArttirmaButonu elementine tiklandi
10-06-2023 08:04:40.795 [java] [INFO] 2023-06-10 08:04:40 INFO  BaseSteps:81 clickElement - yetiskinYolcuSayisiArttirmaButonu elementine tiklandi
10-06-2023 08:04:41.095 [java] [INFO] 2023-06-10 08:04:41 INFO  BaseSteps:81 clickElement - yetiskinYolcuSayisiAzaltmaButonu elementine tiklandi
10-06-2023 08:04:41.553 [java] [INFO] 2023-06-10 08:04:41 INFO  BaseSteps:81 clickElement - cocukYolcuSayisiArttirmaButonu elementine tiklandi
10-06-2023 08:04:41.668 [java] [INFO] 2023-06-10 08:04:41 INFO  BaseSteps:81 clickElement - bebekYolcuSayisiArttirmaButonu elementine tiklandi
10-06-2023 08:04:41.865 [java] [INFO] 2023-06-10 08:04:41 INFO  BaseSteps:81 clickElement - bebekYolcuSayisiArttirmaButonu elementine tiklandi
10-06-2023 08:04:42.028 [java] [INFO] 2023-06-10 08:04:42 INFO  BaseSteps:81 clickElement - 65YasYolcuSayisiArttirmaButonu elementine tiklandi
10-06-2023 08:04:42.516 [java] [INFO] 2023-06-10 08:04:42 INFO  BaseSteps:81 clickElement - 65YasYolcuSayisiArttirmaButonu elementine tiklandi
10-06-2023 08:04:42.790 [java] [INFO] 2023-06-10 08:04:42 INFO  BaseSteps:81 clickElement - 65YasYolcuSayisiArttirmaButonu elementine tiklandi
10-06-2023 08:04:42.874 [java] [INFO] 2023-06-10 08:04:42 INFO  BaseSteps:81 clickElement - ogrenciYolcuSayisiArttirmaButonu elementine tiklandi
10-06-2023 08:04:43.073 [java] [INFO] 2023-06-10 08:04:43 INFO  BaseSteps:81 clickElement - ogrenciYolcuSayisiArttirmaButonu elementine tiklandi
10-06-2023 08:04:43.388 [java] [INFO] 2023-06-10 08:04:43 INFO  BaseSteps:81 clickElement - yolcuTamamButonu elementine tiklandi
10-06-2023 08:04:43.398 [java] [DEBUG] Executing '{} elementine tıklanır' using 'class org.enuygun.step.BaseSteps.clickElement
10-06-2023 08:05:30.646 [java] [INFO] 2023-06-10 08:05:30 INFO  BaseSteps:81 clickElement - ucuzBiletBulButonu elementine tiklandi
10-06-2023 08:05:30.667 [java] [DEBUG] Executing '{} elementinin görünürlüğü kontrol edilir' using 'class org.enuygun.step.BaseSteps.checkElement
10-06-2023 08:05:31.059 [java] [INFO] 2023-06-10 08:05:31 INFO  BaseSteps:135 checkElement - aramayiFavorilereEkleButonuelementi gorundu.
10-06-2023 08:05:31.232 [html-report] [DEBUG] Transformed SuiteResult to report structure
10-06-2023 08:05:31.262 [html-report] [INFO] Successfully generated html-report to => /Users/testinium/Desktop/EnuygunWebProject/reports/html-report/index.html
10-06-2023 08:05:31.263 [html-report] [DEBUG] Done generating HTML report using theme from /Users/testinium/.gauge/plugins/html-report/4.1.4/themes/default
10-06-2023 08:05:31.263 [Gauge] [DEBUG] Sending kill message to Html Report plugin.
10-06-2023 08:05:31.265 [java] [DEBUG] Killing Java runner...
10-06-2023 08:05:31.266 [java] [DEBUG] Stopping execution pool...
10-06-2023 08:05:31.267 [java] [DEBUG] Shutting down grpc server...
10-06-2023 08:05:31.282 [java] [DEBUG] Runner killed gracefully.
10-06-2023 08:05:31.781 [Gauge] [DEBUG] Runner with PID:14526 has exited
10-06-2023 08:05:31.781 [Gauge] [INFO] Specifications:	1 executed	1 passed	0 failed	0 skipped
10-06-2023 08:05:31.781 [Gauge] [INFO] Scenarios:	1 executed	1 passed	0 failed	0 skipped
10-06-2023 08:05:31.781 [Gauge] [INFO] 
Total time taken: 2m4.249s
10-06-2023 08:05:31.781 [Gauge] [INFO] Updates are available. Run `gauge update -c` for more info.
10-06-2023 08:06:53.216 [Gauge] [DEBUG] Created gauge_screenshots_dir at /Users/testinium/Desktop/EnuygunWebProject/.gauge/screenshots
10-06-2023 08:06:53.217 [Gauge] [DEBUG] Plugin java is already installed.
10-06-2023 08:06:53.217 [Gauge] [DEBUG] Plugin html-report is already installed.
10-06-2023 08:06:53.217 [Gauge] [DEBUG] Parsing started.
10-06-2023 08:06:53.217 [Gauge] [DEBUG] Started concepts parsing.
10-06-2023 08:06:53.219 [Gauge] [DEBUG] 2 concepts parsing completed.
10-06-2023 08:06:53.219 [Gauge] [DEBUG] Started specifications parsing.
10-06-2023 08:06:53.219 [Gauge] [DEBUG] 1 specifications parsing completed.
10-06-2023 08:06:53.219 [Gauge] [DEBUG] Parsing completed.
10-06-2023 08:06:53.232 [java] [DEBUG] ***** Printing Properties/Env Values *****
10-06-2023 08:06:53.232 [java] [DEBUG] PATH: /Users/testinium/Library/Android/sdk/tools/bin:/Users/testinium/Library/Android/sdk/tools:/Users/testinium/Library/Android/sdk/platform-tools:/Users/testinium/Library/Android/sdk/build-tools:/opt/homebrew/bin:/opt/homebrew/sbin:/usr/local/bin:/usr/bin:/bin:/usr/sbin:/sbin:/Library/Apple/usr/bin:/Library/Java/JavaVirtualMachines/jdk1.8.0_351.jdk/Contents/Home/bin:/Library/Java/JavaVirtualMachines/jdk1.8.0_351.jdk/Contents/Home/lib:/Users/testinium/.gauge/plugins/screenshot/0.1.0
10-06-2023 08:06:53.232 [java] [DEBUG] JAVA_HOME: /Library/Java/JavaVirtualMachines/jdk1.8.0_351.jdk/Contents/Home
10-06-2023 08:06:53.232 [java] [DEBUG] gauge_project_root: 
10-06-2023 08:06:53.232 [java] [DEBUG] gauge_parallel_streams_count: 
10-06-2023 08:06:53.232 [java] [DEBUG] gauge_reports_dir: reports
10-06-2023 08:06:53.232 [java] [DEBUG] overwrite_reports: true
10-06-2023 08:06:53.232 [java] [DEBUG] logs_directory: logs
10-06-2023 08:06:53.232 [java] [DEBUG] enable_multithreading: 
10-06-2023 08:06:53.232 [java] [DEBUG] gauge_specs_dir: specs
10-06-2023 08:06:53.232 [java] [DEBUG] csv_delimiter: ,
10-06-2023 08:06:53.232 [java] [DEBUG] gauge_java_home: 
10-06-2023 08:06:53.232 [java] [DEBUG] gauge_custom_build_path: 
10-06-2023 08:06:53.232 [java] [DEBUG] gauge_additional_libs: libs/*
10-06-2023 08:06:53.232 [java] [DEBUG] gauge_jvm_args: 
10-06-2023 08:06:53.232 [java] [DEBUG] gauge_custom_compile_dir: 
10-06-2023 08:06:53.232 [java] [DEBUG] gauge_clear_state_level: scenario
10-06-2023 08:06:53.232 [java] [DEBUG] ***** END *****
10-06-2023 08:06:54.135 [Gauge] [DEBUG] Checking updates...
10-06-2023 08:06:54.136 [Gauge] [DEBUG] Downloading https://downloads.gauge.org/plugin/flash?l=java&p=flash,html-report,java,screenshot,spectacle,xml-report&o=darwin&a=arm64
10-06-2023 08:06:54.452 [Gauge] [DEBUG] Downloading https://downloads.gauge.org/plugin/html-report?l=java&p=flash,html-report,java,screenshot,spectacle,xml-report&o=darwin&a=arm64
10-06-2023 08:06:54.510 [Gauge] [DEBUG] Downloading https://downloads.gauge.org/plugin/java?l=java&p=flash,html-report,java,screenshot,spectacle,xml-report&o=darwin&a=arm64
10-06-2023 08:06:54.574 [Gauge] [DEBUG] Downloading https://downloads.gauge.org/plugin/screenshot?l=java&p=flash,html-report,java,screenshot,spectacle,xml-report&o=darwin&a=arm64
10-06-2023 08:06:54.631 [Gauge] [DEBUG] Downloading https://downloads.gauge.org/plugin/spectacle?l=java&p=flash,html-report,java,screenshot,spectacle,xml-report&o=darwin&a=arm64
10-06-2023 08:06:54.685 [Gauge] [DEBUG] Downloading https://downloads.gauge.org/plugin/xml-report?l=java&p=flash,html-report,java,screenshot,spectacle,xml-report&o=darwin&a=arm64
10-06-2023 08:06:58.574 [java] [DEBUG] classpath set to /Library/Java/JavaVirtualMachines/jdk1.8.0_351.jdk/Contents/Home/jre/lib/charsets.jar:/Library/Java/JavaVirtualMachines/jdk1.8.0_351.jdk/Contents/Home/jre/lib/deploy.jar:/Library/Java/JavaVirtualMachines/jdk1.8.0_351.jdk/Contents/Home/jre/lib/ext/cldrdata.jar:/Library/Java/JavaVirtualMachines/jdk1.8.0_351.jdk/Contents/Home/jre/lib/ext/dnsns.jar:/Library/Java/JavaVirtualMachines/jdk1.8.0_351.jdk/Contents/Home/jre/lib/ext/jaccess.jar:/Library/Java/JavaVirtualMachines/jdk1.8.0_351.jdk/Contents/Home/jre/lib/ext/jfxrt.jar:/Library/Java/JavaVirtualMachines/jdk1.8.0_351.jdk/Contents/Home/jre/lib/ext/localedata.jar:/Library/Java/JavaVirtualMachines/jdk1.8.0_351.jdk/Contents/Home/jre/lib/ext/nashorn.jar:/Library/Java/JavaVirtualMachines/jdk1.8.0_351.jdk/Contents/Home/jre/lib/ext/sunec.jar:/Library/Java/JavaVirtualMachines/jdk1.8.0_351.jdk/Contents/Home/jre/lib/ext/sunjce_provider.jar:/Library/Java/JavaVirtualMachines/jdk1.8.0_351.jdk/Contents/Home/jre/lib/ext/sunpkcs11.jar:/Library/Java/JavaVirtualMachines/jdk1.8.0_351.jdk/Contents/Home/jre/lib/ext/zipfs.jar:/Library/Java/JavaVirtualMachines/jdk1.8.0_351.jdk/Contents/Home/jre/lib/javaws.jar:/Library/Java/JavaVirtualMachines/jdk1.8.0_351.jdk/Contents/Home/jre/lib/jce.jar:/Library/Java/JavaVirtualMachines/jdk1.8.0_351.jdk/Contents/Home/jre/lib/jfr.jar:/Library/Java/JavaVirtualMachines/jdk1.8.0_351.jdk/Contents/Home/jre/lib/jfxswt.jar:/Library/Java/JavaVirtualMachines/jdk1.8.0_351.jdk/Contents/Home/jre/lib/jsse.jar:/Library/Java/JavaVirtualMachines/jdk1.8.0_351.jdk/Contents/Home/jre/lib/management-agent.jar:/Library/Java/JavaVirtualMachines/jdk1.8.0_351.jdk/Contents/Home/jre/lib/plugin.jar:/Library/Java/JavaVirtualMachines/jdk1.8.0_351.jdk/Contents/Home/jre/lib/resources.jar:/Library/Java/JavaVirtualMachines/jdk1.8.0_351.jdk/Contents/Home/jre/lib/rt.jar:/Users/testinium/Desktop/EnuygunWebProject/target/test-classes:/Users/testinium/.m2/repository/com/thoughtworks/gauge/gauge-java/0.9.1/gauge-java-0.9.1.jar:/Users/testinium/.m2/repository/org/assertj/assertj-core/3.22.0/assertj-core-3.22.0.jar:/Users/testinium/.m2/repository/org/reflections/reflections/0.10.2/reflections-0.10.2.jar:/Users/testinium/.m2/repository/org/javassist/javassist/3.28.0-GA/javassist-3.28.0-GA.jar:/Users/testinium/.m2/repository/com/google/code/findbugs/jsr305/3.0.2/jsr305-3.0.2.jar:/Users/testinium/.m2/repository/com/github/javaparser/javaparser-core/3.16.3/javaparser-core-3.16.3.jar:/Users/testinium/.m2/repository/commons-io/commons-io/2.11.0/commons-io-2.11.0.jar:/Users/testinium/.m2/repository/commons-lang/commons-lang/2.6/commons-lang-2.6.jar:/Users/testinium/.m2/repository/org/json/json/20220320/json-20220320.jar:/Users/testinium/.m2/repository/com/google/protobuf/protobuf-java/3.19.4/protobuf-java-3.19.4.jar:/Users/testinium/.m2/repository/io/grpc/grpc-netty-shaded/1.41.2/grpc-netty-shaded-1.41.2.jar:/Users/testinium/.m2/repository/com/google/errorprone/error_prone_annotations/2.9.0/error_prone_annotations-2.9.0.jar:/Users/testinium/.m2/repository/io/perfmark/perfmark-api/0.23.0/perfmark-api-0.23.0.jar:/Users/testinium/.m2/repository/io/grpc/grpc-core/1.41.2/grpc-core-1.41.2.jar:/Users/testinium/.m2/repository/com/google/android/annotations/4.1.1.4/annotations-4.1.1.4.jar:/Users/testinium/.m2/repository/org/codehaus/mojo/animal-sniffer-annotations/1.19/animal-sniffer-annotations-1.19.jar:/Users/testinium/.m2/repository/io/grpc/grpc-protobuf/1.41.2/grpc-protobuf-1.41.2.jar:/Users/testinium/.m2/repository/io/grpc/grpc-api/1.41.2/grpc-api-1.41.2.jar:/Users/testinium/.m2/repository/io/grpc/grpc-context/1.41.2/grpc-context-1.41.2.jar:/Users/testinium/.m2/repository/com/google/api/grpc/proto-google-common-protos/2.0.1/proto-google-common-protos-2.0.1.jar:/Users/testinium/.m2/repository/io/grpc/grpc-protobuf-lite/1.41.2/grpc-protobuf-lite-1.41.2.jar:/Users/testinium/.m2/repository/io/grpc/grpc-stub/1.41.2/grpc-stub-1.41.2.jar:/Users/testinium/.m2/repository/javax/annotation/javax.annotation-api/1.3.2/javax.annotation-api-1.3.2.jar:/Users/testinium/.m2/repository/org/junit/jupiter/junit-jupiter-engine/5.1.0/junit-jupiter-engine-5.1.0.jar:/Users/testinium/.m2/repository/org/apiguardian/apiguardian-api/1.0.0/apiguardian-api-1.0.0.jar:/Users/testinium/.m2/repository/org/junit/platform/junit-platform-engine/1.1.0/junit-platform-engine-1.1.0.jar:/Users/testinium/.m2/repository/org/junit/platform/junit-platform-commons/1.1.0/junit-platform-commons-1.1.0.jar:/Users/testinium/.m2/repository/org/opentest4j/opentest4j/1.0.0/opentest4j-1.0.0.jar:/Users/testinium/.m2/repository/org/junit/jupiter/junit-jupiter-api/5.1.0/junit-jupiter-api-5.1.0.jar:/Users/testinium/.m2/repository/org/seleniumhq/selenium/selenium-java/4.10.0/selenium-java-4.10.0.jar:/Users/testinium/.m2/repository/org/seleniumhq/selenium/selenium-api/4.10.0/selenium-api-4.10.0.jar:/Users/testinium/.m2/repository/org/seleniumhq/selenium/selenium-chrome-driver/4.10.0/selenium-chrome-driver-4.10.0.jar:/Users/testinium/.m2/repository/com/google/auto/service/auto-service-annotations/1.0.1/auto-service-annotations-1.0.1.jar:/Users/testinium/.m2/repository/com/google/auto/service/auto-service/1.0.1/auto-service-1.0.1.jar:/Users/testinium/.m2/repository/com/google/auto/auto-common/1.2/auto-common-1.2.jar:/Users/testinium/.m2/repository/com/google/guava/guava/31.1-jre/guava-31.1-jre.jar:/Users/testinium/.m2/repository/com/google/guava/failureaccess/1.0.1/failureaccess-1.0.1.jar:/Users/testinium/.m2/repository/com/google/guava/listenablefuture/9999.0-empty-to-avoid-conflict-with-guava/listenablefuture-9999.0-empty-to-avoid-conflict-with-guava.jar:/Users/testinium/.m2/repository/org/checkerframework/checker-qual/3.12.0/checker-qual-3.12.0.jar:/Users/testinium/.m2/repository/com/google/j2objc/j2objc-annotations/1.3/j2objc-annotations-1.3.jar:/Users/testinium/.m2/repository/org/seleniumhq/selenium/selenium-chromium-driver/4.10.0/selenium-chromium-driver-4.10.0.jar:/Users/testinium/.m2/repository/org/seleniumhq/selenium/selenium-json/4.10.0/selenium-json-4.10.0.jar:/Users/testinium/.m2/repository/org/seleniumhq/selenium/selenium-manager/4.10.0/selenium-manager-4.10.0.jar:/Users/testinium/.m2/repository/org/seleniumhq/selenium/selenium-devtools-v112/4.10.0/selenium-devtools-v112-4.10.0.jar:/Users/testinium/.m2/repository/org/seleniumhq/selenium/selenium-devtools-v113/4.10.0/selenium-devtools-v113-4.10.0.jar:/Users/testinium/.m2/repository/org/seleniumhq/selenium/selenium-devtools-v114/4.10.0/selenium-devtools-v114-4.10.0.jar:/Users/testinium/.m2/repository/org/seleniumhq/selenium/selenium-devtools-v85/4.10.0/selenium-devtools-v85-4.10.0.jar:/Users/testinium/.m2/repository/org/seleniumhq/selenium/selenium-edge-driver/4.10.0/selenium-edge-driver-4.10.0.jar:/Users/testinium/.m2/repository/org/seleniumhq/selenium/selenium-firefox-driver/4.10.0/selenium-firefox-driver-4.10.0.jar:/Users/testinium/.m2/repository/org/seleniumhq/selenium/selenium-http/4.10.0/selenium-http-4.10.0.jar:/Users/testinium/.m2/repository/dev/failsafe/failsafe/3.3.1/failsafe-3.3.1.jar:/Users/testinium/.m2/repository/org/seleniumhq/selenium/selenium-ie-driver/4.10.0/selenium-ie-driver-4.10.0.jar:/Users/testinium/.m2/repository/org/seleniumhq/selenium/selenium-remote-driver/4.10.0/selenium-remote-driver-4.10.0.jar:/Users/testinium/.m2/repository/io/netty/netty-buffer/4.1.92.Final/netty-buffer-4.1.92.Final.jar:/Users/testinium/.m2/repository/io/netty/netty-codec-http/4.1.92.Final/netty-codec-http-4.1.92.Final.jar:/Users/testinium/.m2/repository/io/netty/netty-codec/4.1.92.Final/netty-codec-4.1.92.Final.jar:/Users/testinium/.m2/repository/io/netty/netty-handler/4.1.92.Final/netty-handler-4.1.92.Final.jar:/Users/testinium/.m2/repository/io/netty/netty-common/4.1.92.Final/netty-common-4.1.92.Final.jar:/Users/testinium/.m2/repository/io/netty/netty-transport-classes-epoll/4.1.92.Final/netty-transport-classes-epoll-4.1.92.Final.jar:/Users/testinium/.m2/repository/io/netty/netty-transport-classes-kqueue/4.1.92.Final/netty-transport-classes-kqueue-4.1.92.Final.jar:/Users/testinium/.m2/repository/io/netty/netty-transport-native-epoll/4.1.92.Final/netty-transport-native-epoll-4.1.92.Final.jar:/Users/testinium/.m2/repository/io/netty/netty-transport-native-kqueue/4.1.92.Final/netty-transport-native-kqueue-4.1.92.Final.jar:/Users/testinium/.m2/repository/io/netty/netty-transport-native-unix-common/4.1.92.Final/netty-transport-native-unix-common-4.1.92.Final.jar:/Users/testinium/.m2/repository/io/netty/netty-transport/4.1.92.Final/netty-transport-4.1.92.Final.jar:/Users/testinium/.m2/repository/io/netty/netty-resolver/4.1.92.Final/netty-resolver-4.1.92.Final.jar:/Users/testinium/.m2/repository/io/opentelemetry/opentelemetry-api/1.26.0/opentelemetry-api-1.26.0.jar:/Users/testinium/.m2/repository/io/opentelemetry/opentelemetry-context/1.26.0/opentelemetry-context-1.26.0.jar:/Users/testinium/.m2/repository/io/opentelemetry/opentelemetry-exporter-logging/1.26.0/opentelemetry-exporter-logging-1.26.0.jar:/Users/testinium/.m2/repository/io/opentelemetry/opentelemetry-sdk-metrics/1.26.0/opentelemetry-sdk-metrics-1.26.0.jar:/Users/testinium/.m2/repository/io/opentelemetry/opentelemetry-extension-incubator/1.26.0-alpha/opentelemetry-extension-incubator-1.26.0-alpha.jar:/Users/testinium/.m2/repository/io/opentelemetry/opentelemetry-sdk-logs/1.26.0-alpha/opentelemetry-sdk-logs-1.26.0-alpha.jar:/Users/testinium/.m2/repository/io/opentelemetry/opentelemetry-api-logs/1.26.0-alpha/opentelemetry-api-logs-1.26.0-alpha.jar:/Users/testinium/.m2/repository/io/opentelemetry/opentelemetry-api-events/1.26.0-alpha/opentelemetry-api-events-1.26.0-alpha.jar:/Users/testinium/.m2/repository/io/opentelemetry/opentelemetry-sdk-common/1.26.0/opentelemetry-sdk-common-1.26.0.jar:/Users/testinium/.m2/repository/io/opentelemetry/opentelemetry-sdk-extension-autoconfigure-spi/1.26.0/opentelemetry-sdk-extension-autoconfigure-spi-1.26.0.jar:/Users/testinium/.m2/repository/io/opentelemetry/opentelemetry-sdk-extension-autoconfigure/1.26.0-alpha/opentelemetry-sdk-extension-autoconfigure-1.26.0-alpha.jar:/Users/testinium/.m2/repository/io/opentelemetry/opentelemetry-sdk-trace/1.26.0/opentelemetry-sdk-trace-1.26.0.jar:/Users/testinium/.m2/repository/io/opentelemetry/opentelemetry-sdk/1.26.0/opentelemetry-sdk-1.26.0.jar:/Users/testinium/.m2/repository/io/opentelemetry/opentelemetry-semconv/1.26.0-alpha/opentelemetry-semconv-1.26.0-alpha.jar:/Users/testinium/.m2/repository/net/bytebuddy/byte-buddy/1.14.4/byte-buddy-1.14.4.jar:/Users/testinium/.m2/repository/org/apache/commons/commons-exec/1.3/commons-exec-1.3.jar:/Users/testinium/.m2/repository/org/asynchttpclient/async-http-client/2.12.3/async-http-client-2.12.3.jar:/Users/testinium/.m2/repository/org/asynchttpclient/async-http-client-netty-utils/2.12.3/async-http-client-netty-utils-2.12.3.jar:/Users/testinium/.m2/repository/io/netty/netty-codec-socks/4.1.60.Final/netty-codec-socks-4.1.60.Final.jar:/Users/testinium/.m2/repository/io/netty/netty-handler-proxy/4.1.60.Final/netty-handler-proxy-4.1.60.Final.jar:/Users/testinium/.m2/repository/io/netty/netty-transport-native-epoll/4.1.60.Final/netty-transport-native-epoll-4.1.60.Final-linux-x86_64.jar:/Users/testinium/.m2/repository/io/netty/netty-transport-native-kqueue/4.1.60.Final/netty-transport-native-kqueue-4.1.60.Final-osx-x86_64.jar:/Users/testinium/.m2/repository/org/reactivestreams/reactive-streams/1.0.3/reactive-streams-1.0.3.jar:/Users/testinium/.m2/repository/com/typesafe/netty/netty-reactive-streams/2.0.4/netty-reactive-streams-2.0.4.jar:/Users/testinium/.m2/repository/com/sun/activation/jakarta.activation/1.2.2/jakarta.activation-1.2.2.jar:/Users/testinium/.m2/repository/org/seleniumhq/selenium/selenium-safari-driver/4.10.0/selenium-safari-driver-4.10.0.jar:/Users/testinium/.m2/repository/org/seleniumhq/selenium/selenium-support/4.10.0/selenium-support-4.10.0.jar:/Users/testinium/.m2/repository/org/slf4j/slf4j-log4j12/1.7.30/slf4j-log4j12-1.7.30.jar:/Users/testinium/.m2/repository/log4j/log4j/1.2.17/log4j-1.2.17.jar:/Users/testinium/.m2/repository/org/slf4j/slf4j-api/1.7.30/slf4j-api-1.7.30.jar:/Users/testinium/.m2/repository/com/google/code/gson/gson/2.8.8/gson-2.8.8.jar:/Users/testinium/.m2/repository/io/github/bonigarcia/webdrivermanager/4.4.3/webdrivermanager-4.4.3.jar:/Users/testinium/.m2/repository/org/apache/commons/commons-lang3/3.12.0/commons-lang3-3.12.0.jar:/Users/testinium/.m2/repository/org/apache/httpcomponents/client5/httpclient5/5.0.3/httpclient5-5.0.3.jar:/Users/testinium/.m2/repository/org/apache/httpcomponents/core5/httpcore5/5.0.2/httpcore5-5.0.2.jar:/Users/testinium/.m2/repository/org/apache/httpcomponents/core5/httpcore5-h2/5.0.2/httpcore5-h2-5.0.2.jar:/Users/testinium/.m2/repository/commons-codec/commons-codec/1.13/commons-codec-1.13.jar:/Users/testinium/.m2/repository/org/rauschig/jarchivelib/1.1.0/jarchivelib-1.1.0.jar:/Users/testinium/.m2/repository/org/apache/commons/commons-compress/1.20/commons-compress-1.20.jar:/Users/testinium/.m2/repository/org/jsoup/jsoup/1.13.1/jsoup-1.13.1.jar
10-06-2023 08:06:58.578 [java] [DEBUG] found java executable in /Library/Java/JavaVirtualMachines/jdk1.8.0_351.jdk/Contents/Home/jre/bin/java
10-06-2023 08:06:58.578 [java] [DEBUG] running - /Library/Java/JavaVirtualMachines/jdk1.8.0_351.jdk/Contents/Home/jre/bin/java [-Dfile.encoding=UTF-8 com.thoughtworks.gauge.GaugeRuntime --start]
10-06-2023 08:06:58.578 [java] [DEBUG] stdout/stderr is logged to logs/14686-java.out
10-06-2023 08:06:58.803 [java] [DEBUG] multithreading is set to false
10-06-2023 08:06:59.475 [java] [DEBUG] Using reflection to scan dependencies for gauge implementations...
10-06-2023 08:06:59.708 [java] [ERROR] SLF4J: A number (18) of logging calls during the initialization phase have been intercepted and are
10-06-2023 08:06:59.708 [java] [ERROR] SLF4J: now being replayed. These are subject to the filtering rules of the underlying logging system.
10-06-2023 08:06:59.708 [java] [ERROR] SLF4J: See also http://www.slf4j.org/codes.html#replay
10-06-2023 08:07:00.031 [java] [DEBUG] gauge-java took 1228milliseconds to load and scan. This should be less than 'runner_connection_timeout' config value.
10-06-2023 08:07:00.032 [java] [DEBUG] run 'gauge config runner_connection_timeout' and verify that it is < 1228
10-06-2023 08:07:00.032 [java] [DEBUG] starting gRPC server...
10-06-2023 08:07:03.163 [java] [INFO] 2023-06-10 08:07:03 INFO  Reflections:219 scan - Reflections took 3439 ms to scan 127 urls, producing 11198 keys and 62948 values
10-06-2023 08:07:04.015 [java] [DEBUG] Scanning packages for steps
10-06-2023 08:07:04.067 [java] [DEBUG] Comparing 'org.enuygun.step.BaseSteps.waitBySeconds' and 'org.enuygun.step.BaseSteps.waitBySeconds'
10-06-2023 08:07:04.067 [java] [DEBUG] Found {} saniye beklenir in current project scope.
10-06-2023 08:07:04.068 [java] [DEBUG] Comparing 'org.enuygun.step.BaseSteps.sendKeys' and 'org.enuygun.step.BaseSteps.sendKeys'
10-06-2023 08:07:04.068 [java] [DEBUG] Found {} elementine {} texti yazılır in current project scope.
10-06-2023 08:07:04.069 [java] [DEBUG] Comparing 'org.enuygun.step.BaseSteps.clickElement' and 'org.enuygun.step.BaseSteps.clickElement'
10-06-2023 08:07:04.069 [java] [DEBUG] Found {} elementine tıklanır in current project scope.
10-06-2023 08:07:04.069 [java] [DEBUG] Comparing 'org.enuygun.step.BaseSteps.checkElement' and 'org.enuygun.step.BaseSteps.checkElement'
10-06-2023 08:07:04.069 [java] [DEBUG] Found {} elementinin görünürlüğü kontrol edilir in current project scope.
10-06-2023 08:07:04.070 [java] [DEBUG] Comparing 'org.enuygun.step.BaseSteps.selectDate' and 'org.enuygun.step.BaseSteps.selectDate'
10-06-2023 08:07:04.070 [java] [DEBUG] Found Gün-Ay-Yıl(ddMMyy) formatında {}-{}-{} bilet tarihi girişi yapılır in current project scope.
10-06-2023 08:07:04.070 [java] [DEBUG] Comparing 'org.enuygun.step.BaseSteps.passengerSelection' and 'org.enuygun.step.BaseSteps.passengerSelection'
10-06-2023 08:07:04.070 [java] [DEBUG] Found {} biletini {} adet {} biletini {} adet {} biletini {} adet {} biletini {} {} biletini {} adet arttır in current project scope.
10-06-2023 08:07:04.070 [java] [DEBUG] Comparing 'org.enuygun.step.BaseSteps.goToUrl' and 'org.enuygun.step.BaseSteps.goToUrl'
10-06-2023 08:07:04.070 [java] [DEBUG] Found {} adresine gidilir in current project scope.
10-06-2023 08:07:04.070 [java] [DEBUG] Comparing 'org.enuygun.step.BaseSteps.selectionCheckbox' and 'org.enuygun.step.BaseSteps.selectionCheckbox'
10-06-2023 08:07:04.070 [java] [DEBUG] Found {} checkboxı seçili degilse seçilir in current project scope.
10-06-2023 08:07:04.070 [java] [DEBUG] Comparing 'org.enuygun.step.BaseSteps.clickToElementWithJavaScript' and 'org.enuygun.step.BaseSteps.clickToElementWithJavaScript'
10-06-2023 08:07:04.070 [java] [DEBUG] Found {} elementine javascript ile tıklanır in current project scope.
10-06-2023 08:07:04.070 [java] [DEBUG] Comparing 'org.enuygun.step.BaseSteps.unselectedCheckbox' and 'org.enuygun.step.BaseSteps.unselectedCheckbox'
10-06-2023 08:07:04.070 [java] [DEBUG] Found {} checkboxı seçili ise seçim kaldırılır in current project scope.
10-06-2023 08:07:04.070 [java] [DEBUG] Scanning packages for hooks
10-06-2023 08:07:04.082 [java] [DEBUG] Scanned steps (using static parsing + reflections): 
10-06-2023 08:07:04.082 [java] [DEBUG] 	{} checkboxı seçili ise seçim kaldırılır : public void unselectedCheckbox(String key)
10-06-2023 08:07:04.082 [java] [DEBUG] 	{} elementine {} texti yazılır : public void sendKeys(String key, String text)
10-06-2023 08:07:04.082 [java] [DEBUG] 	{} elementinin görünürlüğü kontrol edilir : public void checkElement(String key)
10-06-2023 08:07:04.082 [java] [DEBUG] 	{} elementine javascript ile tıklanır : public void clickToElementWithJavaScript(String key)
10-06-2023 08:07:04.082 [java] [DEBUG] 	{} elementine tıklanır : public void clickElement(String key)
10-06-2023 08:07:04.082 [java] [DEBUG] 	{} saniye beklenir : public void waitBySeconds(ınt saniye) throws InterruptedException
10-06-2023 08:07:04.082 [java] [DEBUG] 	Gün-Ay-Yıl(ddMMyy) formatında {}-{}-{} bilet tarihi girişi yapılır : public void selectDate(String day, String month, ınt year) throws InterruptedException
10-06-2023 08:07:04.082 [java] [DEBUG] 	{} adresine gidilir : public void goToUrl(String url)
10-06-2023 08:07:04.082 [java] [DEBUG] 	{} biletini {} adet {} biletini {} adet {} biletini {} adet {} biletini {} {} biletini {} adet arttır : public void passengerSelection(String yetiskin, ınt adet1, String cocuk, ınt adet2, String bebek, ınt adet3, String yas65, ınt adet4, String ogrenci, ınt adet5)
10-06-2023 08:07:04.082 [java] [DEBUG] 	{} checkboxı seçili degilse seçilir : public void selectionCheckbox(String key)
10-06-2023 08:07:05.258 [Gauge] [DEBUG] Attempting to connect to grpc server at port: 63154
10-06-2023 08:07:05.355 [Gauge] [DEBUG] Successfully made the connection with runner with port: 63154
10-06-2023 08:07:05.355 [Gauge] [DEBUG] Validation started.
10-06-2023 08:07:06.597 [java] [INFO] 2023-06-10 08:07:06 INFO  Reflections:219 scan - Reflections took 1167 ms to scan 127 urls, producing 11099 keys and 51964 values
10-06-2023 08:07:06.760 [Gauge] [DEBUG] Validation completed.
10-06-2023 08:07:06.761 [Gauge] [DEBUG] Run started
10-06-2023 08:07:06.763 [Gauge] [DEBUG] Starting Html Report plugin
10-06-2023 08:07:06.796 [Gauge] [DEBUG] Attempting to connect to grpc server at port: 63163
10-06-2023 08:07:06.798 [Gauge] [DEBUG] Successfully made the connection with plugin with port: 63163
10-06-2023 08:07:06.798 [Gauge] [DEBUG] Initialising suite data store.
10-06-2023 08:07:07.267 [java] [INFO] 2023-06-10 08:07:07 INFO  WebDriverManager:632 resolveDriverVersion - Using chromedriver 114.0.5735.90 (resolved driver for Chrome 114)
10-06-2023 08:07:07.289 [java] [INFO] 2023-06-10 08:07:07 INFO  WebDriverManager:689 exportDriver - Exporting webdriver.chrome.driver as /Users/testinium/.cache/selenium/chromedriver/mac64/114.0.5735.90/chromedriver
10-06-2023 08:07:07.325 [java] [ERROR] Haz 10, 2023 8:07:07 AM org.openqa.selenium.remote.service.DriverService$Builder getLogOutput
10-06-2023 08:07:07.325 [java] [ERROR] INFO: Driver logs no longer sent to console by default; https://www.selenium.dev/documentation/webdriver/drivers/service/#setting-log-output
10-06-2023 08:07:19.541 [java] [DEBUG] Executing '{} adresine gidilir' using 'class org.enuygun.step.BaseSteps.goToUrl
10-06-2023 08:07:42.780 [java] [DEBUG] Executing '{} elementine tıklanır' using 'class org.enuygun.step.BaseSteps.clickElement
10-06-2023 08:08:13.353 [html-report] [DEBUG] Transformed SuiteResult to report structure
10-06-2023 08:08:13.366 [html-report] [INFO] Successfully generated html-report to => /Users/testinium/Desktop/EnuygunWebProject/reports/html-report/index.html
10-06-2023 08:08:13.366 [html-report] [DEBUG] Done generating HTML report using theme from /Users/testinium/.gauge/plugins/html-report/4.1.4/themes/default
10-06-2023 08:08:13.366 [Gauge] [DEBUG] Sending kill message to Html Report plugin.
10-06-2023 08:08:13.373 [java] [DEBUG] Killing Java runner...
10-06-2023 08:08:13.381 [java] [DEBUG] Stopping execution pool...
10-06-2023 08:08:13.381 [java] [DEBUG] Shutting down grpc server...
10-06-2023 08:08:13.392 [java] [DEBUG] Runner killed gracefully.
10-06-2023 08:08:13.893 [Gauge] [DEBUG] Runner with PID:14686 has exited
10-06-2023 08:08:13.893 [Gauge] [INFO] Specifications:	1 executed	0 passed	1 failed	0 skipped
10-06-2023 08:08:13.893 [Gauge] [INFO] Scenarios:	1 executed	0 passed	1 failed	0 skipped
10-06-2023 08:08:13.893 [Gauge] [INFO] 
Total time taken: 1m6.589s
10-06-2023 08:08:13.894 [Gauge] [INFO] Updates are available. Run `gauge update -c` for more info.
10-06-2023 08:09:00.130 [Gauge] [DEBUG] Created gauge_screenshots_dir at /Users/testinium/Desktop/EnuygunWebProject/.gauge/screenshots
10-06-2023 08:09:00.131 [Gauge] [DEBUG] Plugin java is already installed.
10-06-2023 08:09:00.131 [Gauge] [DEBUG] Plugin html-report is already installed.
10-06-2023 08:09:00.131 [Gauge] [DEBUG] Parsing started.
10-06-2023 08:09:00.131 [Gauge] [DEBUG] Started concepts parsing.
10-06-2023 08:09:00.133 [Gauge] [DEBUG] 2 concepts parsing completed.
10-06-2023 08:09:00.133 [Gauge] [DEBUG] Started specifications parsing.
10-06-2023 08:09:00.134 [Gauge] [DEBUG] 1 specifications parsing completed.
10-06-2023 08:09:00.134 [Gauge] [DEBUG] Parsing completed.
10-06-2023 08:09:00.146 [java] [DEBUG] ***** Printing Properties/Env Values *****
10-06-2023 08:09:00.146 [java] [DEBUG] PATH: /Users/testinium/Library/Android/sdk/tools/bin:/Users/testinium/Library/Android/sdk/tools:/Users/testinium/Library/Android/sdk/platform-tools:/Users/testinium/Library/Android/sdk/build-tools:/opt/homebrew/bin:/opt/homebrew/sbin:/usr/local/bin:/usr/bin:/bin:/usr/sbin:/sbin:/Library/Apple/usr/bin:/Library/Java/JavaVirtualMachines/jdk1.8.0_351.jdk/Contents/Home/bin:/Library/Java/JavaVirtualMachines/jdk1.8.0_351.jdk/Contents/Home/lib:/Users/testinium/.gauge/plugins/screenshot/0.1.0
10-06-2023 08:09:00.146 [java] [DEBUG] JAVA_HOME: /Library/Java/JavaVirtualMachines/jdk1.8.0_351.jdk/Contents/Home
10-06-2023 08:09:00.146 [java] [DEBUG] gauge_project_root: 
10-06-2023 08:09:00.146 [java] [DEBUG] gauge_parallel_streams_count: 
10-06-2023 08:09:00.146 [java] [DEBUG] gauge_reports_dir: reports
10-06-2023 08:09:00.146 [java] [DEBUG] overwrite_reports: true
10-06-2023 08:09:00.146 [java] [DEBUG] logs_directory: logs
10-06-2023 08:09:00.146 [java] [DEBUG] enable_multithreading: 
10-06-2023 08:09:00.146 [java] [DEBUG] gauge_specs_dir: specs
10-06-2023 08:09:00.146 [java] [DEBUG] csv_delimiter: ,
10-06-2023 08:09:00.146 [java] [DEBUG] gauge_java_home: 
10-06-2023 08:09:00.146 [java] [DEBUG] gauge_custom_build_path: 
10-06-2023 08:09:00.146 [java] [DEBUG] gauge_additional_libs: libs/*
10-06-2023 08:09:00.146 [java] [DEBUG] gauge_jvm_args: 
10-06-2023 08:09:00.146 [java] [DEBUG] gauge_custom_compile_dir: 
10-06-2023 08:09:00.146 [java] [DEBUG] gauge_clear_state_level: scenario
10-06-2023 08:09:00.146 [java] [DEBUG] ***** END *****
10-06-2023 08:09:00.664 [Gauge] [DEBUG] Checking updates...
10-06-2023 08:09:00.664 [Gauge] [DEBUG] Downloading https://downloads.gauge.org/plugin/flash?l=java&p=flash,html-report,java,screenshot,spectacle,xml-report&o=darwin&a=arm64
10-06-2023 08:09:01.020 [Gauge] [DEBUG] Downloading https://downloads.gauge.org/plugin/html-report?l=java&p=flash,html-report,java,screenshot,spectacle,xml-report&o=darwin&a=arm64
10-06-2023 08:09:01.078 [Gauge] [DEBUG] Downloading https://downloads.gauge.org/plugin/java?l=java&p=flash,html-report,java,screenshot,spectacle,xml-report&o=darwin&a=arm64
10-06-2023 08:09:01.134 [Gauge] [DEBUG] Downloading https://downloads.gauge.org/plugin/screenshot?l=java&p=flash,html-report,java,screenshot,spectacle,xml-report&o=darwin&a=arm64
10-06-2023 08:09:01.185 [Gauge] [DEBUG] Downloading https://downloads.gauge.org/plugin/spectacle?l=java&p=flash,html-report,java,screenshot,spectacle,xml-report&o=darwin&a=arm64
10-06-2023 08:09:01.235 [Gauge] [DEBUG] Downloading https://downloads.gauge.org/plugin/xml-report?l=java&p=flash,html-report,java,screenshot,spectacle,xml-report&o=darwin&a=arm64
10-06-2023 08:09:05.004 [java] [DEBUG] classpath set to /Library/Java/JavaVirtualMachines/jdk1.8.0_351.jdk/Contents/Home/jre/lib/charsets.jar:/Library/Java/JavaVirtualMachines/jdk1.8.0_351.jdk/Contents/Home/jre/lib/deploy.jar:/Library/Java/JavaVirtualMachines/jdk1.8.0_351.jdk/Contents/Home/jre/lib/ext/cldrdata.jar:/Library/Java/JavaVirtualMachines/jdk1.8.0_351.jdk/Contents/Home/jre/lib/ext/dnsns.jar:/Library/Java/JavaVirtualMachines/jdk1.8.0_351.jdk/Contents/Home/jre/lib/ext/jaccess.jar:/Library/Java/JavaVirtualMachines/jdk1.8.0_351.jdk/Contents/Home/jre/lib/ext/jfxrt.jar:/Library/Java/JavaVirtualMachines/jdk1.8.0_351.jdk/Contents/Home/jre/lib/ext/localedata.jar:/Library/Java/JavaVirtualMachines/jdk1.8.0_351.jdk/Contents/Home/jre/lib/ext/nashorn.jar:/Library/Java/JavaVirtualMachines/jdk1.8.0_351.jdk/Contents/Home/jre/lib/ext/sunec.jar:/Library/Java/JavaVirtualMachines/jdk1.8.0_351.jdk/Contents/Home/jre/lib/ext/sunjce_provider.jar:/Library/Java/JavaVirtualMachines/jdk1.8.0_351.jdk/Contents/Home/jre/lib/ext/sunpkcs11.jar:/Library/Java/JavaVirtualMachines/jdk1.8.0_351.jdk/Contents/Home/jre/lib/ext/zipfs.jar:/Library/Java/JavaVirtualMachines/jdk1.8.0_351.jdk/Contents/Home/jre/lib/javaws.jar:/Library/Java/JavaVirtualMachines/jdk1.8.0_351.jdk/Contents/Home/jre/lib/jce.jar:/Library/Java/JavaVirtualMachines/jdk1.8.0_351.jdk/Contents/Home/jre/lib/jfr.jar:/Library/Java/JavaVirtualMachines/jdk1.8.0_351.jdk/Contents/Home/jre/lib/jfxswt.jar:/Library/Java/JavaVirtualMachines/jdk1.8.0_351.jdk/Contents/Home/jre/lib/jsse.jar:/Library/Java/JavaVirtualMachines/jdk1.8.0_351.jdk/Contents/Home/jre/lib/management-agent.jar:/Library/Java/JavaVirtualMachines/jdk1.8.0_351.jdk/Contents/Home/jre/lib/plugin.jar:/Library/Java/JavaVirtualMachines/jdk1.8.0_351.jdk/Contents/Home/jre/lib/resources.jar:/Library/Java/JavaVirtualMachines/jdk1.8.0_351.jdk/Contents/Home/jre/lib/rt.jar:/Users/testinium/Desktop/EnuygunWebProject/target/test-classes:/Users/testinium/.m2/repository/com/thoughtworks/gauge/gauge-java/0.9.1/gauge-java-0.9.1.jar:/Users/testinium/.m2/repository/org/assertj/assertj-core/3.22.0/assertj-core-3.22.0.jar:/Users/testinium/.m2/repository/org/reflections/reflections/0.10.2/reflections-0.10.2.jar:/Users/testinium/.m2/repository/org/javassist/javassist/3.28.0-GA/javassist-3.28.0-GA.jar:/Users/testinium/.m2/repository/com/google/code/findbugs/jsr305/3.0.2/jsr305-3.0.2.jar:/Users/testinium/.m2/repository/com/github/javaparser/javaparser-core/3.16.3/javaparser-core-3.16.3.jar:/Users/testinium/.m2/repository/commons-io/commons-io/2.11.0/commons-io-2.11.0.jar:/Users/testinium/.m2/repository/commons-lang/commons-lang/2.6/commons-lang-2.6.jar:/Users/testinium/.m2/repository/org/json/json/20220320/json-20220320.jar:/Users/testinium/.m2/repository/com/google/protobuf/protobuf-java/3.19.4/protobuf-java-3.19.4.jar:/Users/testinium/.m2/repository/io/grpc/grpc-netty-shaded/1.41.2/grpc-netty-shaded-1.41.2.jar:/Users/testinium/.m2/repository/com/google/errorprone/error_prone_annotations/2.9.0/error_prone_annotations-2.9.0.jar:/Users/testinium/.m2/repository/io/perfmark/perfmark-api/0.23.0/perfmark-api-0.23.0.jar:/Users/testinium/.m2/repository/io/grpc/grpc-core/1.41.2/grpc-core-1.41.2.jar:/Users/testinium/.m2/repository/com/google/android/annotations/4.1.1.4/annotations-4.1.1.4.jar:/Users/testinium/.m2/repository/org/codehaus/mojo/animal-sniffer-annotations/1.19/animal-sniffer-annotations-1.19.jar:/Users/testinium/.m2/repository/io/grpc/grpc-protobuf/1.41.2/grpc-protobuf-1.41.2.jar:/Users/testinium/.m2/repository/io/grpc/grpc-api/1.41.2/grpc-api-1.41.2.jar:/Users/testinium/.m2/repository/io/grpc/grpc-context/1.41.2/grpc-context-1.41.2.jar:/Users/testinium/.m2/repository/com/google/api/grpc/proto-google-common-protos/2.0.1/proto-google-common-protos-2.0.1.jar:/Users/testinium/.m2/repository/io/grpc/grpc-protobuf-lite/1.41.2/grpc-protobuf-lite-1.41.2.jar:/Users/testinium/.m2/repository/io/grpc/grpc-stub/1.41.2/grpc-stub-1.41.2.jar:/Users/testinium/.m2/repository/javax/annotation/javax.annotation-api/1.3.2/javax.annotation-api-1.3.2.jar:/Users/testinium/.m2/repository/org/junit/jupiter/junit-jupiter-engine/5.1.0/junit-jupiter-engine-5.1.0.jar:/Users/testinium/.m2/repository/org/apiguardian/apiguardian-api/1.0.0/apiguardian-api-1.0.0.jar:/Users/testinium/.m2/repository/org/junit/platform/junit-platform-engine/1.1.0/junit-platform-engine-1.1.0.jar:/Users/testinium/.m2/repository/org/junit/platform/junit-platform-commons/1.1.0/junit-platform-commons-1.1.0.jar:/Users/testinium/.m2/repository/org/opentest4j/opentest4j/1.0.0/opentest4j-1.0.0.jar:/Users/testinium/.m2/repository/org/junit/jupiter/junit-jupiter-api/5.1.0/junit-jupiter-api-5.1.0.jar:/Users/testinium/.m2/repository/org/seleniumhq/selenium/selenium-java/4.10.0/selenium-java-4.10.0.jar:/Users/testinium/.m2/repository/org/seleniumhq/selenium/selenium-api/4.10.0/selenium-api-4.10.0.jar:/Users/testinium/.m2/repository/org/seleniumhq/selenium/selenium-chrome-driver/4.10.0/selenium-chrome-driver-4.10.0.jar:/Users/testinium/.m2/repository/com/google/auto/service/auto-service-annotations/1.0.1/auto-service-annotations-1.0.1.jar:/Users/testinium/.m2/repository/com/google/auto/service/auto-service/1.0.1/auto-service-1.0.1.jar:/Users/testinium/.m2/repository/com/google/auto/auto-common/1.2/auto-common-1.2.jar:/Users/testinium/.m2/repository/com/google/guava/guava/31.1-jre/guava-31.1-jre.jar:/Users/testinium/.m2/repository/com/google/guava/failureaccess/1.0.1/failureaccess-1.0.1.jar:/Users/testinium/.m2/repository/com/google/guava/listenablefuture/9999.0-empty-to-avoid-conflict-with-guava/listenablefuture-9999.0-empty-to-avoid-conflict-with-guava.jar:/Users/testinium/.m2/repository/org/checkerframework/checker-qual/3.12.0/checker-qual-3.12.0.jar:/Users/testinium/.m2/repository/com/google/j2objc/j2objc-annotations/1.3/j2objc-annotations-1.3.jar:/Users/testinium/.m2/repository/org/seleniumhq/selenium/selenium-chromium-driver/4.10.0/selenium-chromium-driver-4.10.0.jar:/Users/testinium/.m2/repository/org/seleniumhq/selenium/selenium-json/4.10.0/selenium-json-4.10.0.jar:/Users/testinium/.m2/repository/org/seleniumhq/selenium/selenium-manager/4.10.0/selenium-manager-4.10.0.jar:/Users/testinium/.m2/repository/org/seleniumhq/selenium/selenium-devtools-v112/4.10.0/selenium-devtools-v112-4.10.0.jar:/Users/testinium/.m2/repository/org/seleniumhq/selenium/selenium-devtools-v113/4.10.0/selenium-devtools-v113-4.10.0.jar:/Users/testinium/.m2/repository/org/seleniumhq/selenium/selenium-devtools-v114/4.10.0/selenium-devtools-v114-4.10.0.jar:/Users/testinium/.m2/repository/org/seleniumhq/selenium/selenium-devtools-v85/4.10.0/selenium-devtools-v85-4.10.0.jar:/Users/testinium/.m2/repository/org/seleniumhq/selenium/selenium-edge-driver/4.10.0/selenium-edge-driver-4.10.0.jar:/Users/testinium/.m2/repository/org/seleniumhq/selenium/selenium-firefox-driver/4.10.0/selenium-firefox-driver-4.10.0.jar:/Users/testinium/.m2/repository/org/seleniumhq/selenium/selenium-http/4.10.0/selenium-http-4.10.0.jar:/Users/testinium/.m2/repository/dev/failsafe/failsafe/3.3.1/failsafe-3.3.1.jar:/Users/testinium/.m2/repository/org/seleniumhq/selenium/selenium-ie-driver/4.10.0/selenium-ie-driver-4.10.0.jar:/Users/testinium/.m2/repository/org/seleniumhq/selenium/selenium-remote-driver/4.10.0/selenium-remote-driver-4.10.0.jar:/Users/testinium/.m2/repository/io/netty/netty-buffer/4.1.92.Final/netty-buffer-4.1.92.Final.jar:/Users/testinium/.m2/repository/io/netty/netty-codec-http/4.1.92.Final/netty-codec-http-4.1.92.Final.jar:/Users/testinium/.m2/repository/io/netty/netty-codec/4.1.92.Final/netty-codec-4.1.92.Final.jar:/Users/testinium/.m2/repository/io/netty/netty-handler/4.1.92.Final/netty-handler-4.1.92.Final.jar:/Users/testinium/.m2/repository/io/netty/netty-common/4.1.92.Final/netty-common-4.1.92.Final.jar:/Users/testinium/.m2/repository/io/netty/netty-transport-classes-epoll/4.1.92.Final/netty-transport-classes-epoll-4.1.92.Final.jar:/Users/testinium/.m2/repository/io/netty/netty-transport-classes-kqueue/4.1.92.Final/netty-transport-classes-kqueue-4.1.92.Final.jar:/Users/testinium/.m2/repository/io/netty/netty-transport-native-epoll/4.1.92.Final/netty-transport-native-epoll-4.1.92.Final.jar:/Users/testinium/.m2/repository/io/netty/netty-transport-native-kqueue/4.1.92.Final/netty-transport-native-kqueue-4.1.92.Final.jar:/Users/testinium/.m2/repository/io/netty/netty-transport-native-unix-common/4.1.92.Final/netty-transport-native-unix-common-4.1.92.Final.jar:/Users/testinium/.m2/repository/io/netty/netty-transport/4.1.92.Final/netty-transport-4.1.92.Final.jar:/Users/testinium/.m2/repository/io/netty/netty-resolver/4.1.92.Final/netty-resolver-4.1.92.Final.jar:/Users/testinium/.m2/repository/io/opentelemetry/opentelemetry-api/1.26.0/opentelemetry-api-1.26.0.jar:/Users/testinium/.m2/repository/io/opentelemetry/opentelemetry-context/1.26.0/opentelemetry-context-1.26.0.jar:/Users/testinium/.m2/repository/io/opentelemetry/opentelemetry-exporter-logging/1.26.0/opentelemetry-exporter-logging-1.26.0.jar:/Users/testinium/.m2/repository/io/opentelemetry/opentelemetry-sdk-metrics/1.26.0/opentelemetry-sdk-metrics-1.26.0.jar:/Users/testinium/.m2/repository/io/opentelemetry/opentelemetry-extension-incubator/1.26.0-alpha/opentelemetry-extension-incubator-1.26.0-alpha.jar:/Users/testinium/.m2/repository/io/opentelemetry/opentelemetry-sdk-logs/1.26.0-alpha/opentelemetry-sdk-logs-1.26.0-alpha.jar:/Users/testinium/.m2/repository/io/opentelemetry/opentelemetry-api-logs/1.26.0-alpha/opentelemetry-api-logs-1.26.0-alpha.jar:/Users/testinium/.m2/repository/io/opentelemetry/opentelemetry-api-events/1.26.0-alpha/opentelemetry-api-events-1.26.0-alpha.jar:/Users/testinium/.m2/repository/io/opentelemetry/opentelemetry-sdk-common/1.26.0/opentelemetry-sdk-common-1.26.0.jar:/Users/testinium/.m2/repository/io/opentelemetry/opentelemetry-sdk-extension-autoconfigure-spi/1.26.0/opentelemetry-sdk-extension-autoconfigure-spi-1.26.0.jar:/Users/testinium/.m2/repository/io/opentelemetry/opentelemetry-sdk-extension-autoconfigure/1.26.0-alpha/opentelemetry-sdk-extension-autoconfigure-1.26.0-alpha.jar:/Users/testinium/.m2/repository/io/opentelemetry/opentelemetry-sdk-trace/1.26.0/opentelemetry-sdk-trace-1.26.0.jar:/Users/testinium/.m2/repository/io/opentelemetry/opentelemetry-sdk/1.26.0/opentelemetry-sdk-1.26.0.jar:/Users/testinium/.m2/repository/io/opentelemetry/opentelemetry-semconv/1.26.0-alpha/opentelemetry-semconv-1.26.0-alpha.jar:/Users/testinium/.m2/repository/net/bytebuddy/byte-buddy/1.14.4/byte-buddy-1.14.4.jar:/Users/testinium/.m2/repository/org/apache/commons/commons-exec/1.3/commons-exec-1.3.jar:/Users/testinium/.m2/repository/org/asynchttpclient/async-http-client/2.12.3/async-http-client-2.12.3.jar:/Users/testinium/.m2/repository/org/asynchttpclient/async-http-client-netty-utils/2.12.3/async-http-client-netty-utils-2.12.3.jar:/Users/testinium/.m2/repository/io/netty/netty-codec-socks/4.1.60.Final/netty-codec-socks-4.1.60.Final.jar:/Users/testinium/.m2/repository/io/netty/netty-handler-proxy/4.1.60.Final/netty-handler-proxy-4.1.60.Final.jar:/Users/testinium/.m2/repository/io/netty/netty-transport-native-epoll/4.1.60.Final/netty-transport-native-epoll-4.1.60.Final-linux-x86_64.jar:/Users/testinium/.m2/repository/io/netty/netty-transport-native-kqueue/4.1.60.Final/netty-transport-native-kqueue-4.1.60.Final-osx-x86_64.jar:/Users/testinium/.m2/repository/org/reactivestreams/reactive-streams/1.0.3/reactive-streams-1.0.3.jar:/Users/testinium/.m2/repository/com/typesafe/netty/netty-reactive-streams/2.0.4/netty-reactive-streams-2.0.4.jar:/Users/testinium/.m2/repository/com/sun/activation/jakarta.activation/1.2.2/jakarta.activation-1.2.2.jar:/Users/testinium/.m2/repository/org/seleniumhq/selenium/selenium-safari-driver/4.10.0/selenium-safari-driver-4.10.0.jar:/Users/testinium/.m2/repository/org/seleniumhq/selenium/selenium-support/4.10.0/selenium-support-4.10.0.jar:/Users/testinium/.m2/repository/org/slf4j/slf4j-log4j12/1.7.30/slf4j-log4j12-1.7.30.jar:/Users/testinium/.m2/repository/log4j/log4j/1.2.17/log4j-1.2.17.jar:/Users/testinium/.m2/repository/org/slf4j/slf4j-api/1.7.30/slf4j-api-1.7.30.jar:/Users/testinium/.m2/repository/com/google/code/gson/gson/2.8.8/gson-2.8.8.jar:/Users/testinium/.m2/repository/io/github/bonigarcia/webdrivermanager/4.4.3/webdrivermanager-4.4.3.jar:/Users/testinium/.m2/repository/org/apache/commons/commons-lang3/3.12.0/commons-lang3-3.12.0.jar:/Users/testinium/.m2/repository/org/apache/httpcomponents/client5/httpclient5/5.0.3/httpclient5-5.0.3.jar:/Users/testinium/.m2/repository/org/apache/httpcomponents/core5/httpcore5/5.0.2/httpcore5-5.0.2.jar:/Users/testinium/.m2/repository/org/apache/httpcomponents/core5/httpcore5-h2/5.0.2/httpcore5-h2-5.0.2.jar:/Users/testinium/.m2/repository/commons-codec/commons-codec/1.13/commons-codec-1.13.jar:/Users/testinium/.m2/repository/org/rauschig/jarchivelib/1.1.0/jarchivelib-1.1.0.jar:/Users/testinium/.m2/repository/org/apache/commons/commons-compress/1.20/commons-compress-1.20.jar:/Users/testinium/.m2/repository/org/jsoup/jsoup/1.13.1/jsoup-1.13.1.jar
10-06-2023 08:09:05.007 [java] [DEBUG] found java executable in /Library/Java/JavaVirtualMachines/jdk1.8.0_351.jdk/Contents/Home/jre/bin/java
10-06-2023 08:09:05.007 [java] [DEBUG] running - /Library/Java/JavaVirtualMachines/jdk1.8.0_351.jdk/Contents/Home/jre/bin/java [-Dfile.encoding=UTF-8 com.thoughtworks.gauge.GaugeRuntime --start]
10-06-2023 08:09:05.007 [java] [DEBUG] stdout/stderr is logged to logs/14827-java.out
10-06-2023 08:09:05.232 [java] [DEBUG] multithreading is set to false
10-06-2023 08:09:05.953 [java] [DEBUG] Using reflection to scan dependencies for gauge implementations...
10-06-2023 08:09:06.189 [java] [ERROR] SLF4J: A number (18) of logging calls during the initialization phase have been intercepted and are
10-06-2023 08:09:06.189 [java] [ERROR] SLF4J: now being replayed. These are subject to the filtering rules of the underlying logging system.
10-06-2023 08:09:06.189 [java] [ERROR] SLF4J: See also http://www.slf4j.org/codes.html#replay
10-06-2023 08:09:06.539 [java] [DEBUG] gauge-java took 1306milliseconds to load and scan. This should be less than 'runner_connection_timeout' config value.
10-06-2023 08:09:06.539 [java] [DEBUG] run 'gauge config runner_connection_timeout' and verify that it is < 1306
10-06-2023 08:09:06.539 [java] [DEBUG] starting gRPC server...
10-06-2023 08:09:09.832 [java] [INFO] 2023-06-10 08:09:09 INFO  Reflections:219 scan - Reflections took 3626 ms to scan 127 urls, producing 11198 keys and 62948 values
10-06-2023 08:09:10.681 [java] [DEBUG] Scanning packages for steps
10-06-2023 08:09:10.725 [java] [DEBUG] Comparing 'org.enuygun.step.BaseSteps.waitBySeconds' and 'org.enuygun.step.BaseSteps.waitBySeconds'
10-06-2023 08:09:10.725 [java] [DEBUG] Found {} saniye beklenir in current project scope.
10-06-2023 08:09:10.726 [java] [DEBUG] Comparing 'org.enuygun.step.BaseSteps.sendKeys' and 'org.enuygun.step.BaseSteps.sendKeys'
10-06-2023 08:09:10.726 [java] [DEBUG] Found {} elementine {} texti yazılır in current project scope.
10-06-2023 08:09:10.727 [java] [DEBUG] Comparing 'org.enuygun.step.BaseSteps.clickElement' and 'org.enuygun.step.BaseSteps.clickElement'
10-06-2023 08:09:10.727 [java] [DEBUG] Found {} elementine tıklanır in current project scope.
10-06-2023 08:09:10.727 [java] [DEBUG] Comparing 'org.enuygun.step.BaseSteps.checkElement' and 'org.enuygun.step.BaseSteps.checkElement'
10-06-2023 08:09:10.727 [java] [DEBUG] Found {} elementinin görünürlüğü kontrol edilir in current project scope.
10-06-2023 08:09:10.727 [java] [DEBUG] Comparing 'org.enuygun.step.BaseSteps.selectDate' and 'org.enuygun.step.BaseSteps.selectDate'
10-06-2023 08:09:10.727 [java] [DEBUG] Found Gün-Ay-Yıl(ddMMyy) formatında {}-{}-{} bilet tarihi girişi yapılır in current project scope.
10-06-2023 08:09:10.727 [java] [DEBUG] Comparing 'org.enuygun.step.BaseSteps.passengerSelection' and 'org.enuygun.step.BaseSteps.passengerSelection'
10-06-2023 08:09:10.727 [java] [DEBUG] Found {} biletini {} adet {} biletini {} adet {} biletini {} adet {} biletini {} {} biletini {} adet arttır in current project scope.
10-06-2023 08:09:10.727 [java] [DEBUG] Comparing 'org.enuygun.step.BaseSteps.goToUrl' and 'org.enuygun.step.BaseSteps.goToUrl'
10-06-2023 08:09:10.728 [java] [DEBUG] Found {} adresine gidilir in current project scope.
10-06-2023 08:09:10.728 [java] [DEBUG] Comparing 'org.enuygun.step.BaseSteps.selectionCheckbox' and 'org.enuygun.step.BaseSteps.selectionCheckbox'
10-06-2023 08:09:10.728 [java] [DEBUG] Found {} checkboxı seçili degilse seçilir in current project scope.
10-06-2023 08:09:10.728 [java] [DEBUG] Comparing 'org.enuygun.step.BaseSteps.clickToElementWithJavaScript' and 'org.enuygun.step.BaseSteps.clickToElementWithJavaScript'
10-06-2023 08:09:10.728 [java] [DEBUG] Found {} elementine javascript ile tıklanır in current project scope.
10-06-2023 08:09:10.728 [java] [DEBUG] Comparing 'org.enuygun.step.BaseSteps.unselectedCheckbox' and 'org.enuygun.step.BaseSteps.unselectedCheckbox'
10-06-2023 08:09:10.728 [java] [DEBUG] Found {} checkboxı seçili ise seçim kaldırılır in current project scope.
10-06-2023 08:09:10.728 [java] [DEBUG] Scanning packages for hooks
10-06-2023 08:09:10.748 [java] [DEBUG] Scanned steps (using static parsing + reflections): 
10-06-2023 08:09:10.749 [java] [DEBUG] 	{} checkboxı seçili ise seçim kaldırılır : public void unselectedCheckbox(String key)
10-06-2023 08:09:10.749 [java] [DEBUG] 	{} elementine {} texti yazılır : public void sendKeys(String key, String text)
10-06-2023 08:09:10.749 [java] [DEBUG] 	{} elementinin görünürlüğü kontrol edilir : public void checkElement(String key)
10-06-2023 08:09:10.749 [java] [DEBUG] 	{} elementine javascript ile tıklanır : public void clickToElementWithJavaScript(String key)
10-06-2023 08:09:10.749 [java] [DEBUG] 	{} elementine tıklanır : public void clickElement(String key)
10-06-2023 08:09:10.749 [java] [DEBUG] 	{} saniye beklenir : public void waitBySeconds(ınt saniye) throws InterruptedException
10-06-2023 08:09:10.749 [java] [DEBUG] 	Gün-Ay-Yıl(ddMMyy) formatında {}-{}-{} bilet tarihi girişi yapılır : public void selectDate(String day, String month, ınt year) throws InterruptedException
10-06-2023 08:09:10.749 [java] [DEBUG] 	{} adresine gidilir : public void goToUrl(String url)
10-06-2023 08:09:10.749 [java] [DEBUG] 	{} biletini {} adet {} biletini {} adet {} biletini {} adet {} biletini {} {} biletini {} adet arttır : public void passengerSelection(String yetiskin, ınt adet1, String cocuk, ınt adet2, String bebek, ınt adet3, String yas65, ınt adet4, String ogrenci, ınt adet5)
10-06-2023 08:09:10.749 [java] [DEBUG] 	{} checkboxı seçili degilse seçilir : public void selectionCheckbox(String key)
10-06-2023 08:09:11.750 [java] [DEBUG] started gRPC server on port 63710
10-06-2023 08:09:11.750 [Gauge] [DEBUG] Attempting to connect to grpc server at port: 63710
10-06-2023 08:09:11.842 [Gauge] [DEBUG] Successfully made the connection with runner with port: 63710
10-06-2023 08:09:11.842 [Gauge] [DEBUG] Validation started.
10-06-2023 08:09:13.050 [java] [INFO] 2023-06-10 08:09:13 INFO  Reflections:219 scan - Reflections took 1132 ms to scan 127 urls, producing 11099 keys and 51964 values
10-06-2023 08:09:13.211 [Gauge] [DEBUG] Validation completed.
10-06-2023 08:09:13.212 [Gauge] [DEBUG] Run started
10-06-2023 08:09:13.213 [Gauge] [DEBUG] Starting Html Report plugin
10-06-2023 08:09:13.249 [Gauge] [DEBUG] Attempting to connect to grpc server at port: 63724
10-06-2023 08:09:13.251 [Gauge] [DEBUG] Successfully made the connection with plugin with port: 63724
10-06-2023 08:09:13.251 [Gauge] [DEBUG] Initialising suite data store.
10-06-2023 08:09:13.759 [java] [INFO] 2023-06-10 08:09:13 INFO  WebDriverManager:632 resolveDriverVersion - Using chromedriver 114.0.5735.90 (resolved driver for Chrome 114)
10-06-2023 08:09:13.795 [java] [INFO] 2023-06-10 08:09:13 INFO  WebDriverManager:689 exportDriver - Exporting webdriver.chrome.driver as /Users/testinium/.cache/selenium/chromedriver/mac64/114.0.5735.90/chromedriver
10-06-2023 08:09:13.827 [java] [ERROR] Haz 10, 2023 8:09:13 AM org.openqa.selenium.remote.service.DriverService$Builder getLogOutput
10-06-2023 08:09:13.827 [java] [ERROR] INFO: Driver logs no longer sent to console by default; https://www.selenium.dev/documentation/webdriver/drivers/service/#setting-log-output
10-06-2023 08:09:26.487 [java] [DEBUG] Executing '{} adresine gidilir' using 'class org.enuygun.step.BaseSteps.goToUrl
10-06-2023 08:09:45.920 [java] [DEBUG] Executing '{} elementine tıklanır' using 'class org.enuygun.step.BaseSteps.clickElement
10-06-2023 08:10:16.839 [html-report] [DEBUG] Transformed SuiteResult to report structure
10-06-2023 08:10:16.852 [html-report] [INFO] Successfully generated html-report to => /Users/testinium/Desktop/EnuygunWebProject/reports/html-report/index.html
10-06-2023 08:10:16.852 [html-report] [DEBUG] Done generating HTML report using theme from /Users/testinium/.gauge/plugins/html-report/4.1.4/themes/default
10-06-2023 08:10:16.852 [Gauge] [DEBUG] Sending kill message to Html Report plugin.
10-06-2023 08:10:16.856 [java] [DEBUG] Killing Java runner...
10-06-2023 08:10:16.861 [java] [DEBUG] Stopping execution pool...
10-06-2023 08:10:16.861 [java] [DEBUG] Shutting down grpc server...
10-06-2023 08:10:16.884 [java] [DEBUG] Runner killed gracefully.
10-06-2023 08:10:17.377 [Gauge] [DEBUG] Runner with PID:14827 has exited
10-06-2023 08:10:17.377 [Gauge] [INFO] Specifications:	1 executed	0 passed	1 failed	0 skipped
10-06-2023 08:10:17.377 [Gauge] [INFO] Scenarios:	1 executed	0 passed	1 failed	0 skipped
10-06-2023 08:10:17.377 [Gauge] [INFO] 
Total time taken: 1m3.595s
10-06-2023 08:10:17.378 [Gauge] [INFO] Updates are available. Run `gauge update -c` for more info.
10-06-2023 08:11:03.611 [Gauge] [DEBUG] Created gauge_screenshots_dir at /Users/testinium/Desktop/EnuygunWebProject/.gauge/screenshots
10-06-2023 08:11:03.612 [Gauge] [DEBUG] Plugin java is already installed.
10-06-2023 08:11:03.612 [Gauge] [DEBUG] Plugin html-report is already installed.
10-06-2023 08:11:03.612 [Gauge] [DEBUG] Parsing started.
10-06-2023 08:11:03.612 [Gauge] [DEBUG] Started concepts parsing.
10-06-2023 08:11:03.613 [Gauge] [DEBUG] 2 concepts parsing completed.
10-06-2023 08:11:03.613 [Gauge] [DEBUG] Started specifications parsing.
10-06-2023 08:11:03.614 [Gauge] [DEBUG] 1 specifications parsing completed.
10-06-2023 08:11:03.614 [Gauge] [DEBUG] Parsing completed.
10-06-2023 08:11:03.624 [java] [DEBUG] ***** Printing Properties/Env Values *****
10-06-2023 08:11:03.625 [java] [DEBUG] PATH: /Users/testinium/Library/Android/sdk/tools/bin:/Users/testinium/Library/Android/sdk/tools:/Users/testinium/Library/Android/sdk/platform-tools:/Users/testinium/Library/Android/sdk/build-tools:/opt/homebrew/bin:/opt/homebrew/sbin:/usr/local/bin:/usr/bin:/bin:/usr/sbin:/sbin:/Library/Apple/usr/bin:/Library/Java/JavaVirtualMachines/jdk1.8.0_351.jdk/Contents/Home/bin:/Library/Java/JavaVirtualMachines/jdk1.8.0_351.jdk/Contents/Home/lib:/Users/testinium/.gauge/plugins/screenshot/0.1.0
10-06-2023 08:11:03.625 [java] [DEBUG] JAVA_HOME: /Library/Java/JavaVirtualMachines/jdk1.8.0_351.jdk/Contents/Home
10-06-2023 08:11:03.625 [java] [DEBUG] gauge_project_root: 
10-06-2023 08:11:03.625 [java] [DEBUG] gauge_parallel_streams_count: 
10-06-2023 08:11:03.625 [java] [DEBUG] gauge_reports_dir: reports
10-06-2023 08:11:03.625 [java] [DEBUG] overwrite_reports: true
10-06-2023 08:11:03.625 [java] [DEBUG] logs_directory: logs
10-06-2023 08:11:03.625 [java] [DEBUG] enable_multithreading: 
10-06-2023 08:11:03.625 [java] [DEBUG] gauge_specs_dir: specs
10-06-2023 08:11:03.625 [java] [DEBUG] csv_delimiter: ,
10-06-2023 08:11:03.625 [java] [DEBUG] gauge_java_home: 
10-06-2023 08:11:03.625 [java] [DEBUG] gauge_custom_build_path: 
10-06-2023 08:11:03.625 [java] [DEBUG] gauge_additional_libs: libs/*
10-06-2023 08:11:03.625 [java] [DEBUG] gauge_jvm_args: 
10-06-2023 08:11:03.625 [java] [DEBUG] gauge_custom_compile_dir: 
10-06-2023 08:11:03.625 [java] [DEBUG] gauge_clear_state_level: scenario
10-06-2023 08:11:03.625 [java] [DEBUG] ***** END *****
10-06-2023 08:11:05.625 [Gauge] [DEBUG] Checking updates...
10-06-2023 08:11:05.625 [Gauge] [DEBUG] Downloading https://downloads.gauge.org/plugin/flash?l=java&p=flash,html-report,java,screenshot,spectacle,xml-report&o=darwin&a=arm64
10-06-2023 08:11:05.834 [Gauge] [DEBUG] Downloading https://downloads.gauge.org/plugin/html-report?l=java&p=flash,html-report,java,screenshot,spectacle,xml-report&o=darwin&a=arm64
10-06-2023 08:11:05.886 [Gauge] [DEBUG] Downloading https://downloads.gauge.org/plugin/java?l=java&p=flash,html-report,java,screenshot,spectacle,xml-report&o=darwin&a=arm64
10-06-2023 08:11:05.948 [Gauge] [DEBUG] Downloading https://downloads.gauge.org/plugin/screenshot?l=java&p=flash,html-report,java,screenshot,spectacle,xml-report&o=darwin&a=arm64
10-06-2023 08:11:05.999 [Gauge] [DEBUG] Downloading https://downloads.gauge.org/plugin/spectacle?l=java&p=flash,html-report,java,screenshot,spectacle,xml-report&o=darwin&a=arm64
10-06-2023 08:11:06.047 [Gauge] [DEBUG] Downloading https://downloads.gauge.org/plugin/xml-report?l=java&p=flash,html-report,java,screenshot,spectacle,xml-report&o=darwin&a=arm64
10-06-2023 08:11:08.299 [java] [DEBUG] classpath set to /Library/Java/JavaVirtualMachines/jdk1.8.0_351.jdk/Contents/Home/jre/lib/charsets.jar:/Library/Java/JavaVirtualMachines/jdk1.8.0_351.jdk/Contents/Home/jre/lib/deploy.jar:/Library/Java/JavaVirtualMachines/jdk1.8.0_351.jdk/Contents/Home/jre/lib/ext/cldrdata.jar:/Library/Java/JavaVirtualMachines/jdk1.8.0_351.jdk/Contents/Home/jre/lib/ext/dnsns.jar:/Library/Java/JavaVirtualMachines/jdk1.8.0_351.jdk/Contents/Home/jre/lib/ext/jaccess.jar:/Library/Java/JavaVirtualMachines/jdk1.8.0_351.jdk/Contents/Home/jre/lib/ext/jfxrt.jar:/Library/Java/JavaVirtualMachines/jdk1.8.0_351.jdk/Contents/Home/jre/lib/ext/localedata.jar:/Library/Java/JavaVirtualMachines/jdk1.8.0_351.jdk/Contents/Home/jre/lib/ext/nashorn.jar:/Library/Java/JavaVirtualMachines/jdk1.8.0_351.jdk/Contents/Home/jre/lib/ext/sunec.jar:/Library/Java/JavaVirtualMachines/jdk1.8.0_351.jdk/Contents/Home/jre/lib/ext/sunjce_provider.jar:/Library/Java/JavaVirtualMachines/jdk1.8.0_351.jdk/Contents/Home/jre/lib/ext/sunpkcs11.jar:/Library/Java/JavaVirtualMachines/jdk1.8.0_351.jdk/Contents/Home/jre/lib/ext/zipfs.jar:/Library/Java/JavaVirtualMachines/jdk1.8.0_351.jdk/Contents/Home/jre/lib/javaws.jar:/Library/Java/JavaVirtualMachines/jdk1.8.0_351.jdk/Contents/Home/jre/lib/jce.jar:/Library/Java/JavaVirtualMachines/jdk1.8.0_351.jdk/Contents/Home/jre/lib/jfr.jar:/Library/Java/JavaVirtualMachines/jdk1.8.0_351.jdk/Contents/Home/jre/lib/jfxswt.jar:/Library/Java/JavaVirtualMachines/jdk1.8.0_351.jdk/Contents/Home/jre/lib/jsse.jar:/Library/Java/JavaVirtualMachines/jdk1.8.0_351.jdk/Contents/Home/jre/lib/management-agent.jar:/Library/Java/JavaVirtualMachines/jdk1.8.0_351.jdk/Contents/Home/jre/lib/plugin.jar:/Library/Java/JavaVirtualMachines/jdk1.8.0_351.jdk/Contents/Home/jre/lib/resources.jar:/Library/Java/JavaVirtualMachines/jdk1.8.0_351.jdk/Contents/Home/jre/lib/rt.jar:/Users/testinium/Desktop/EnuygunWebProject/target/test-classes:/Users/testinium/.m2/repository/com/thoughtworks/gauge/gauge-java/0.9.1/gauge-java-0.9.1.jar:/Users/testinium/.m2/repository/org/assertj/assertj-core/3.22.0/assertj-core-3.22.0.jar:/Users/testinium/.m2/repository/org/reflections/reflections/0.10.2/reflections-0.10.2.jar:/Users/testinium/.m2/repository/org/javassist/javassist/3.28.0-GA/javassist-3.28.0-GA.jar:/Users/testinium/.m2/repository/com/google/code/findbugs/jsr305/3.0.2/jsr305-3.0.2.jar:/Users/testinium/.m2/repository/com/github/javaparser/javaparser-core/3.16.3/javaparser-core-3.16.3.jar:/Users/testinium/.m2/repository/commons-io/commons-io/2.11.0/commons-io-2.11.0.jar:/Users/testinium/.m2/repository/commons-lang/commons-lang/2.6/commons-lang-2.6.jar:/Users/testinium/.m2/repository/org/json/json/20220320/json-20220320.jar:/Users/testinium/.m2/repository/com/google/protobuf/protobuf-java/3.19.4/protobuf-java-3.19.4.jar:/Users/testinium/.m2/repository/io/grpc/grpc-netty-shaded/1.41.2/grpc-netty-shaded-1.41.2.jar:/Users/testinium/.m2/repository/com/google/errorprone/error_prone_annotations/2.9.0/error_prone_annotations-2.9.0.jar:/Users/testinium/.m2/repository/io/perfmark/perfmark-api/0.23.0/perfmark-api-0.23.0.jar:/Users/testinium/.m2/repository/io/grpc/grpc-core/1.41.2/grpc-core-1.41.2.jar:/Users/testinium/.m2/repository/com/google/android/annotations/4.1.1.4/annotations-4.1.1.4.jar:/Users/testinium/.m2/repository/org/codehaus/mojo/animal-sniffer-annotations/1.19/animal-sniffer-annotations-1.19.jar:/Users/testinium/.m2/repository/io/grpc/grpc-protobuf/1.41.2/grpc-protobuf-1.41.2.jar:/Users/testinium/.m2/repository/io/grpc/grpc-api/1.41.2/grpc-api-1.41.2.jar:/Users/testinium/.m2/repository/io/grpc/grpc-context/1.41.2/grpc-context-1.41.2.jar:/Users/testinium/.m2/repository/com/google/api/grpc/proto-google-common-protos/2.0.1/proto-google-common-protos-2.0.1.jar:/Users/testinium/.m2/repository/io/grpc/grpc-protobuf-lite/1.41.2/grpc-protobuf-lite-1.41.2.jar:/Users/testinium/.m2/repository/io/grpc/grpc-stub/1.41.2/grpc-stub-1.41.2.jar:/Users/testinium/.m2/repository/javax/annotation/javax.annotation-api/1.3.2/javax.annotation-api-1.3.2.jar:/Users/testinium/.m2/repository/org/junit/jupiter/junit-jupiter-engine/5.1.0/junit-jupiter-engine-5.1.0.jar:/Users/testinium/.m2/repository/org/apiguardian/apiguardian-api/1.0.0/apiguardian-api-1.0.0.jar:/Users/testinium/.m2/repository/org/junit/platform/junit-platform-engine/1.1.0/junit-platform-engine-1.1.0.jar:/Users/testinium/.m2/repository/org/junit/platform/junit-platform-commons/1.1.0/junit-platform-commons-1.1.0.jar:/Users/testinium/.m2/repository/org/opentest4j/opentest4j/1.0.0/opentest4j-1.0.0.jar:/Users/testinium/.m2/repository/org/junit/jupiter/junit-jupiter-api/5.1.0/junit-jupiter-api-5.1.0.jar:/Users/testinium/.m2/repository/org/seleniumhq/selenium/selenium-java/4.10.0/selenium-java-4.10.0.jar:/Users/testinium/.m2/repository/org/seleniumhq/selenium/selenium-api/4.10.0/selenium-api-4.10.0.jar:/Users/testinium/.m2/repository/org/seleniumhq/selenium/selenium-chrome-driver/4.10.0/selenium-chrome-driver-4.10.0.jar:/Users/testinium/.m2/repository/com/google/auto/service/auto-service-annotations/1.0.1/auto-service-annotations-1.0.1.jar:/Users/testinium/.m2/repository/com/google/auto/service/auto-service/1.0.1/auto-service-1.0.1.jar:/Users/testinium/.m2/repository/com/google/auto/auto-common/1.2/auto-common-1.2.jar:/Users/testinium/.m2/repository/com/google/guava/guava/31.1-jre/guava-31.1-jre.jar:/Users/testinium/.m2/repository/com/google/guava/failureaccess/1.0.1/failureaccess-1.0.1.jar:/Users/testinium/.m2/repository/com/google/guava/listenablefuture/9999.0-empty-to-avoid-conflict-with-guava/listenablefuture-9999.0-empty-to-avoid-conflict-with-guava.jar:/Users/testinium/.m2/repository/org/checkerframework/checker-qual/3.12.0/checker-qual-3.12.0.jar:/Users/testinium/.m2/repository/com/google/j2objc/j2objc-annotations/1.3/j2objc-annotations-1.3.jar:/Users/testinium/.m2/repository/org/seleniumhq/selenium/selenium-chromium-driver/4.10.0/selenium-chromium-driver-4.10.0.jar:/Users/testinium/.m2/repository/org/seleniumhq/selenium/selenium-json/4.10.0/selenium-json-4.10.0.jar:/Users/testinium/.m2/repository/org/seleniumhq/selenium/selenium-manager/4.10.0/selenium-manager-4.10.0.jar:/Users/testinium/.m2/repository/org/seleniumhq/selenium/selenium-devtools-v112/4.10.0/selenium-devtools-v112-4.10.0.jar:/Users/testinium/.m2/repository/org/seleniumhq/selenium/selenium-devtools-v113/4.10.0/selenium-devtools-v113-4.10.0.jar:/Users/testinium/.m2/repository/org/seleniumhq/selenium/selenium-devtools-v114/4.10.0/selenium-devtools-v114-4.10.0.jar:/Users/testinium/.m2/repository/org/seleniumhq/selenium/selenium-devtools-v85/4.10.0/selenium-devtools-v85-4.10.0.jar:/Users/testinium/.m2/repository/org/seleniumhq/selenium/selenium-edge-driver/4.10.0/selenium-edge-driver-4.10.0.jar:/Users/testinium/.m2/repository/org/seleniumhq/selenium/selenium-firefox-driver/4.10.0/selenium-firefox-driver-4.10.0.jar:/Users/testinium/.m2/repository/org/seleniumhq/selenium/selenium-http/4.10.0/selenium-http-4.10.0.jar:/Users/testinium/.m2/repository/dev/failsafe/failsafe/3.3.1/failsafe-3.3.1.jar:/Users/testinium/.m2/repository/org/seleniumhq/selenium/selenium-ie-driver/4.10.0/selenium-ie-driver-4.10.0.jar:/Users/testinium/.m2/repository/org/seleniumhq/selenium/selenium-remote-driver/4.10.0/selenium-remote-driver-4.10.0.jar:/Users/testinium/.m2/repository/io/netty/netty-buffer/4.1.92.Final/netty-buffer-4.1.92.Final.jar:/Users/testinium/.m2/repository/io/netty/netty-codec-http/4.1.92.Final/netty-codec-http-4.1.92.Final.jar:/Users/testinium/.m2/repository/io/netty/netty-codec/4.1.92.Final/netty-codec-4.1.92.Final.jar:/Users/testinium/.m2/repository/io/netty/netty-handler/4.1.92.Final/netty-handler-4.1.92.Final.jar:/Users/testinium/.m2/repository/io/netty/netty-common/4.1.92.Final/netty-common-4.1.92.Final.jar:/Users/testinium/.m2/repository/io/netty/netty-transport-classes-epoll/4.1.92.Final/netty-transport-classes-epoll-4.1.92.Final.jar:/Users/testinium/.m2/repository/io/netty/netty-transport-classes-kqueue/4.1.92.Final/netty-transport-classes-kqueue-4.1.92.Final.jar:/Users/testinium/.m2/repository/io/netty/netty-transport-native-epoll/4.1.92.Final/netty-transport-native-epoll-4.1.92.Final.jar:/Users/testinium/.m2/repository/io/netty/netty-transport-native-kqueue/4.1.92.Final/netty-transport-native-kqueue-4.1.92.Final.jar:/Users/testinium/.m2/repository/io/netty/netty-transport-native-unix-common/4.1.92.Final/netty-transport-native-unix-common-4.1.92.Final.jar:/Users/testinium/.m2/repository/io/netty/netty-transport/4.1.92.Final/netty-transport-4.1.92.Final.jar:/Users/testinium/.m2/repository/io/netty/netty-resolver/4.1.92.Final/netty-resolver-4.1.92.Final.jar:/Users/testinium/.m2/repository/io/opentelemetry/opentelemetry-api/1.26.0/opentelemetry-api-1.26.0.jar:/Users/testinium/.m2/repository/io/opentelemetry/opentelemetry-context/1.26.0/opentelemetry-context-1.26.0.jar:/Users/testinium/.m2/repository/io/opentelemetry/opentelemetry-exporter-logging/1.26.0/opentelemetry-exporter-logging-1.26.0.jar:/Users/testinium/.m2/repository/io/opentelemetry/opentelemetry-sdk-metrics/1.26.0/opentelemetry-sdk-metrics-1.26.0.jar:/Users/testinium/.m2/repository/io/opentelemetry/opentelemetry-extension-incubator/1.26.0-alpha/opentelemetry-extension-incubator-1.26.0-alpha.jar:/Users/testinium/.m2/repository/io/opentelemetry/opentelemetry-sdk-logs/1.26.0-alpha/opentelemetry-sdk-logs-1.26.0-alpha.jar:/Users/testinium/.m2/repository/io/opentelemetry/opentelemetry-api-logs/1.26.0-alpha/opentelemetry-api-logs-1.26.0-alpha.jar:/Users/testinium/.m2/repository/io/opentelemetry/opentelemetry-api-events/1.26.0-alpha/opentelemetry-api-events-1.26.0-alpha.jar:/Users/testinium/.m2/repository/io/opentelemetry/opentelemetry-sdk-common/1.26.0/opentelemetry-sdk-common-1.26.0.jar:/Users/testinium/.m2/repository/io/opentelemetry/opentelemetry-sdk-extension-autoconfigure-spi/1.26.0/opentelemetry-sdk-extension-autoconfigure-spi-1.26.0.jar:/Users/testinium/.m2/repository/io/opentelemetry/opentelemetry-sdk-extension-autoconfigure/1.26.0-alpha/opentelemetry-sdk-extension-autoconfigure-1.26.0-alpha.jar:/Users/testinium/.m2/repository/io/opentelemetry/opentelemetry-sdk-trace/1.26.0/opentelemetry-sdk-trace-1.26.0.jar:/Users/testinium/.m2/repository/io/opentelemetry/opentelemetry-sdk/1.26.0/opentelemetry-sdk-1.26.0.jar:/Users/testinium/.m2/repository/io/opentelemetry/opentelemetry-semconv/1.26.0-alpha/opentelemetry-semconv-1.26.0-alpha.jar:/Users/testinium/.m2/repository/net/bytebuddy/byte-buddy/1.14.4/byte-buddy-1.14.4.jar:/Users/testinium/.m2/repository/org/apache/commons/commons-exec/1.3/commons-exec-1.3.jar:/Users/testinium/.m2/repository/org/asynchttpclient/async-http-client/2.12.3/async-http-client-2.12.3.jar:/Users/testinium/.m2/repository/org/asynchttpclient/async-http-client-netty-utils/2.12.3/async-http-client-netty-utils-2.12.3.jar:/Users/testinium/.m2/repository/io/netty/netty-codec-socks/4.1.60.Final/netty-codec-socks-4.1.60.Final.jar:/Users/testinium/.m2/repository/io/netty/netty-handler-proxy/4.1.60.Final/netty-handler-proxy-4.1.60.Final.jar:/Users/testinium/.m2/repository/io/netty/netty-transport-native-epoll/4.1.60.Final/netty-transport-native-epoll-4.1.60.Final-linux-x86_64.jar:/Users/testinium/.m2/repository/io/netty/netty-transport-native-kqueue/4.1.60.Final/netty-transport-native-kqueue-4.1.60.Final-osx-x86_64.jar:/Users/testinium/.m2/repository/org/reactivestreams/reactive-streams/1.0.3/reactive-streams-1.0.3.jar:/Users/testinium/.m2/repository/com/typesafe/netty/netty-reactive-streams/2.0.4/netty-reactive-streams-2.0.4.jar:/Users/testinium/.m2/repository/com/sun/activation/jakarta.activation/1.2.2/jakarta.activation-1.2.2.jar:/Users/testinium/.m2/repository/org/seleniumhq/selenium/selenium-safari-driver/4.10.0/selenium-safari-driver-4.10.0.jar:/Users/testinium/.m2/repository/org/seleniumhq/selenium/selenium-support/4.10.0/selenium-support-4.10.0.jar:/Users/testinium/.m2/repository/org/slf4j/slf4j-log4j12/1.7.30/slf4j-log4j12-1.7.30.jar:/Users/testinium/.m2/repository/log4j/log4j/1.2.17/log4j-1.2.17.jar:/Users/testinium/.m2/repository/org/slf4j/slf4j-api/1.7.30/slf4j-api-1.7.30.jar:/Users/testinium/.m2/repository/com/google/code/gson/gson/2.8.8/gson-2.8.8.jar:/Users/testinium/.m2/repository/io/github/bonigarcia/webdrivermanager/4.4.3/webdrivermanager-4.4.3.jar:/Users/testinium/.m2/repository/org/apache/commons/commons-lang3/3.12.0/commons-lang3-3.12.0.jar:/Users/testinium/.m2/repository/org/apache/httpcomponents/client5/httpclient5/5.0.3/httpclient5-5.0.3.jar:/Users/testinium/.m2/repository/org/apache/httpcomponents/core5/httpcore5/5.0.2/httpcore5-5.0.2.jar:/Users/testinium/.m2/repository/org/apache/httpcomponents/core5/httpcore5-h2/5.0.2/httpcore5-h2-5.0.2.jar:/Users/testinium/.m2/repository/commons-codec/commons-codec/1.13/commons-codec-1.13.jar:/Users/testinium/.m2/repository/org/rauschig/jarchivelib/1.1.0/jarchivelib-1.1.0.jar:/Users/testinium/.m2/repository/org/apache/commons/commons-compress/1.20/commons-compress-1.20.jar:/Users/testinium/.m2/repository/org/jsoup/jsoup/1.13.1/jsoup-1.13.1.jar
10-06-2023 08:11:08.304 [java] [DEBUG] found java executable in /Library/Java/JavaVirtualMachines/jdk1.8.0_351.jdk/Contents/Home/jre/bin/java
10-06-2023 08:11:08.304 [java] [DEBUG] running - /Library/Java/JavaVirtualMachines/jdk1.8.0_351.jdk/Contents/Home/jre/bin/java [-Dfile.encoding=UTF-8 com.thoughtworks.gauge.GaugeRuntime --start]
10-06-2023 08:11:08.304 [java] [DEBUG] stdout/stderr is logged to logs/14928-java.out
10-06-2023 08:11:08.525 [java] [DEBUG] multithreading is set to false
10-06-2023 08:11:09.196 [java] [DEBUG] Using reflection to scan dependencies for gauge implementations...
10-06-2023 08:11:09.427 [java] [ERROR] SLF4J: A number (18) of logging calls during the initialization phase have been intercepted and are
10-06-2023 08:11:09.428 [java] [ERROR] SLF4J: now being replayed. These are subject to the filtering rules of the underlying logging system.
10-06-2023 08:11:09.428 [java] [ERROR] SLF4J: See also http://www.slf4j.org/codes.html#replay
10-06-2023 08:11:09.775 [java] [DEBUG] gauge-java took 1250milliseconds to load and scan. This should be less than 'runner_connection_timeout' config value.
10-06-2023 08:11:09.776 [java] [DEBUG] run 'gauge config runner_connection_timeout' and verify that it is < 1250
10-06-2023 08:11:09.776 [java] [DEBUG] starting gRPC server...
10-06-2023 08:11:12.755 [java] [INFO] 2023-06-10 08:11:12 INFO  Reflections:219 scan - Reflections took 3306 ms to scan 127 urls, producing 11198 keys and 62948 values
10-06-2023 08:11:13.566 [java] [DEBUG] Scanning packages for steps
10-06-2023 08:11:13.605 [java] [DEBUG] Comparing 'org.enuygun.step.BaseSteps.waitBySeconds' and 'org.enuygun.step.BaseSteps.waitBySeconds'
10-06-2023 08:11:13.605 [java] [DEBUG] Found {} saniye beklenir in current project scope.
10-06-2023 08:11:13.606 [java] [DEBUG] Comparing 'org.enuygun.step.BaseSteps.sendKeys' and 'org.enuygun.step.BaseSteps.sendKeys'
10-06-2023 08:11:13.606 [java] [DEBUG] Found {} elementine {} texti yazılır in current project scope.
10-06-2023 08:11:13.607 [java] [DEBUG] Comparing 'org.enuygun.step.BaseSteps.clickElement' and 'org.enuygun.step.BaseSteps.clickElement'
10-06-2023 08:11:13.607 [java] [DEBUG] Found {} elementine tıklanır in current project scope.
10-06-2023 08:11:13.607 [java] [DEBUG] Comparing 'org.enuygun.step.BaseSteps.checkElement' and 'org.enuygun.step.BaseSteps.checkElement'
10-06-2023 08:11:13.607 [java] [DEBUG] Found {} elementinin görünürlüğü kontrol edilir in current project scope.
10-06-2023 08:11:13.607 [java] [DEBUG] Comparing 'org.enuygun.step.BaseSteps.selectDate' and 'org.enuygun.step.BaseSteps.selectDate'
10-06-2023 08:11:13.607 [java] [DEBUG] Found Gün-Ay-Yıl(ddMMyy) formatında {}-{}-{} bilet tarihi girişi yapılır in current project scope.
10-06-2023 08:11:13.607 [java] [DEBUG] Comparing 'org.enuygun.step.BaseSteps.passengerSelection' and 'org.enuygun.step.BaseSteps.passengerSelection'
10-06-2023 08:11:13.607 [java] [DEBUG] Found {} biletini {} adet {} biletini {} adet {} biletini {} adet {} biletini {} {} biletini {} adet arttır in current project scope.
10-06-2023 08:11:13.608 [java] [DEBUG] Comparing 'org.enuygun.step.BaseSteps.goToUrl' and 'org.enuygun.step.BaseSteps.goToUrl'
10-06-2023 08:11:13.608 [java] [DEBUG] Found {} adresine gidilir in current project scope.
10-06-2023 08:11:13.608 [java] [DEBUG] Comparing 'org.enuygun.step.BaseSteps.selectionCheckbox' and 'org.enuygun.step.BaseSteps.selectionCheckbox'
10-06-2023 08:11:13.608 [java] [DEBUG] Found {} checkboxı seçili degilse seçilir in current project scope.
10-06-2023 08:11:13.608 [java] [DEBUG] Comparing 'org.enuygun.step.BaseSteps.clickToElementWithJavaScript' and 'org.enuygun.step.BaseSteps.clickToElementWithJavaScript'
10-06-2023 08:11:13.608 [java] [DEBUG] Found {} elementine javascript ile tıklanır in current project scope.
10-06-2023 08:11:13.608 [java] [DEBUG] Comparing 'org.enuygun.step.BaseSteps.unselectedCheckbox' and 'org.enuygun.step.BaseSteps.unselectedCheckbox'
10-06-2023 08:11:13.608 [java] [DEBUG] Found {} checkboxı seçili ise seçim kaldırılır in current project scope.
10-06-2023 08:11:13.608 [java] [DEBUG] Scanning packages for hooks
10-06-2023 08:11:13.619 [java] [DEBUG] Scanned steps (using static parsing + reflections): 
10-06-2023 08:11:13.621 [java] [DEBUG] 	{} checkboxı seçili ise seçim kaldırılır : public void unselectedCheckbox(String key)
10-06-2023 08:11:13.621 [java] [DEBUG] 	{} elementine {} texti yazılır : public void sendKeys(String key, String text)
10-06-2023 08:11:13.621 [java] [DEBUG] 	{} elementinin görünürlüğü kontrol edilir : public void checkElement(String key)
10-06-2023 08:11:13.621 [java] [DEBUG] 	{} elementine javascript ile tıklanır : public void clickToElementWithJavaScript(String key)
10-06-2023 08:11:13.621 [java] [DEBUG] 	{} elementine tıklanır : public void clickElement(String key)
10-06-2023 08:11:13.621 [java] [DEBUG] 	{} saniye beklenir : public void waitBySeconds(ınt saniye) throws InterruptedException
10-06-2023 08:11:13.621 [java] [DEBUG] 	Gün-Ay-Yıl(ddMMyy) formatında {}-{}-{} bilet tarihi girişi yapılır : public void selectDate(String day, String month, ınt year) throws InterruptedException
10-06-2023 08:11:13.621 [java] [DEBUG] 	{} adresine gidilir : public void goToUrl(String url)
10-06-2023 08:11:13.621 [java] [DEBUG] 	{} biletini {} adet {} biletini {} adet {} biletini {} adet {} biletini {} {} biletini {} adet arttır : public void passengerSelection(String yetiskin, ınt adet1, String cocuk, ınt adet2, String bebek, ınt adet3, String yas65, ınt adet4, String ogrenci, ınt adet5)
10-06-2023 08:11:13.621 [java] [DEBUG] 	{} checkboxı seçili degilse seçilir : public void selectionCheckbox(String key)
10-06-2023 08:11:14.976 [java] [DEBUG] started gRPC server on port 64247
10-06-2023 08:11:14.976 [Gauge] [DEBUG] Attempting to connect to grpc server at port: 64247
10-06-2023 08:11:15.062 [Gauge] [DEBUG] Successfully made the connection with runner with port: 64247
10-06-2023 08:11:15.062 [Gauge] [DEBUG] Validation started.
10-06-2023 08:11:16.126 [java] [INFO] 2023-06-10 08:11:16 INFO  Reflections:219 scan - Reflections took 984 ms to scan 127 urls, producing 11099 keys and 51964 values
10-06-2023 08:11:16.276 [Gauge] [DEBUG] Validation completed.
10-06-2023 08:11:16.277 [Gauge] [DEBUG] Run started
10-06-2023 08:11:16.277 [Gauge] [DEBUG] Starting Html Report plugin
10-06-2023 08:11:16.308 [Gauge] [DEBUG] Attempting to connect to grpc server at port: 64260
10-06-2023 08:11:16.315 [Gauge] [DEBUG] Successfully made the connection with plugin with port: 64260
10-06-2023 08:11:16.315 [Gauge] [DEBUG] Initialising suite data store.
10-06-2023 08:11:16.766 [java] [INFO] 2023-06-10 08:11:16 INFO  WebDriverManager:632 resolveDriverVersion - Using chromedriver 114.0.5735.90 (resolved driver for Chrome 114)
10-06-2023 08:11:16.787 [java] [INFO] 2023-06-10 08:11:16 INFO  WebDriverManager:689 exportDriver - Exporting webdriver.chrome.driver as /Users/testinium/.cache/selenium/chromedriver/mac64/114.0.5735.90/chromedriver
10-06-2023 08:11:16.818 [java] [ERROR] Haz 10, 2023 8:11:16 AM org.openqa.selenium.remote.service.DriverService$Builder getLogOutput
10-06-2023 08:11:16.818 [java] [ERROR] INFO: Driver logs no longer sent to console by default; https://www.selenium.dev/documentation/webdriver/drivers/service/#setting-log-output
10-06-2023 08:11:28.230 [java] [DEBUG] Executing '{} adresine gidilir' using 'class org.enuygun.step.BaseSteps.goToUrl
10-06-2023 08:11:47.371 [java] [DEBUG] Executing '{} elementine tıklanır' using 'class org.enuygun.step.BaseSteps.clickElement
10-06-2023 08:12:18.476 [html-report] [DEBUG] Transformed SuiteResult to report structure
10-06-2023 08:12:18.489 [html-report] [INFO] Successfully generated html-report to => /Users/testinium/Desktop/EnuygunWebProject/reports/html-report/index.html
10-06-2023 08:12:18.489 [html-report] [DEBUG] Done generating HTML report using theme from /Users/testinium/.gauge/plugins/html-report/4.1.4/themes/default
10-06-2023 08:12:18.490 [Gauge] [DEBUG] Sending kill message to Html Report plugin.
10-06-2023 08:12:18.495 [java] [DEBUG] Killing Java runner...
10-06-2023 08:12:18.500 [java] [DEBUG] Stopping execution pool...
10-06-2023 08:12:18.501 [java] [DEBUG] Shutting down grpc server...
10-06-2023 08:12:18.518 [java] [DEBUG] Runner killed gracefully.
10-06-2023 08:12:19.018 [Gauge] [DEBUG] Runner with PID:14928 has exited
10-06-2023 08:12:19.019 [Gauge] [INFO] Specifications:	1 executed	0 passed	1 failed	0 skipped
10-06-2023 08:12:19.019 [Gauge] [INFO] Scenarios:	1 executed	0 passed	1 failed	0 skipped
10-06-2023 08:12:19.019 [Gauge] [INFO] 
Total time taken: 1m2.196s
10-06-2023 08:12:19.019 [Gauge] [INFO] Updates are available. Run `gauge update -c` for more info.
10-06-2023 08:12:31.712 [Gauge] [DEBUG] Created gauge_screenshots_dir at /Users/testinium/Desktop/EnuygunWebProject/.gauge/screenshots
10-06-2023 08:12:31.713 [Gauge] [DEBUG] Plugin java is already installed.
10-06-2023 08:12:31.713 [Gauge] [DEBUG] Plugin html-report is already installed.
10-06-2023 08:12:31.713 [Gauge] [DEBUG] Parsing started.
10-06-2023 08:12:31.713 [Gauge] [DEBUG] Started concepts parsing.
10-06-2023 08:12:31.714 [Gauge] [DEBUG] 2 concepts parsing completed.
10-06-2023 08:12:31.714 [Gauge] [DEBUG] Started specifications parsing.
10-06-2023 08:12:31.714 [Gauge] [DEBUG] 1 specifications parsing completed.
10-06-2023 08:12:31.715 [Gauge] [DEBUG] Parsing completed.
10-06-2023 08:12:31.724 [java] [DEBUG] ***** Printing Properties/Env Values *****
10-06-2023 08:12:31.724 [java] [DEBUG] PATH: /Users/testinium/Library/Android/sdk/tools/bin:/Users/testinium/Library/Android/sdk/tools:/Users/testinium/Library/Android/sdk/platform-tools:/Users/testinium/Library/Android/sdk/build-tools:/opt/homebrew/bin:/opt/homebrew/sbin:/usr/local/bin:/usr/bin:/bin:/usr/sbin:/sbin:/Library/Apple/usr/bin:/Library/Java/JavaVirtualMachines/jdk1.8.0_351.jdk/Contents/Home/bin:/Library/Java/JavaVirtualMachines/jdk1.8.0_351.jdk/Contents/Home/lib:/Users/testinium/.gauge/plugins/screenshot/0.1.0
10-06-2023 08:12:31.724 [java] [DEBUG] JAVA_HOME: /Library/Java/JavaVirtualMachines/jdk1.8.0_351.jdk/Contents/Home
10-06-2023 08:12:31.724 [java] [DEBUG] gauge_project_root: 
10-06-2023 08:12:31.724 [java] [DEBUG] gauge_parallel_streams_count: 
10-06-2023 08:12:31.724 [java] [DEBUG] gauge_reports_dir: reports
10-06-2023 08:12:31.724 [java] [DEBUG] overwrite_reports: true
10-06-2023 08:12:31.724 [java] [DEBUG] logs_directory: logs
10-06-2023 08:12:31.724 [java] [DEBUG] enable_multithreading: 
10-06-2023 08:12:31.724 [java] [DEBUG] gauge_specs_dir: specs
10-06-2023 08:12:31.724 [java] [DEBUG] csv_delimiter: ,
10-06-2023 08:12:31.724 [java] [DEBUG] gauge_java_home: 
10-06-2023 08:12:31.724 [java] [DEBUG] gauge_custom_build_path: 
10-06-2023 08:12:31.724 [java] [DEBUG] gauge_additional_libs: libs/*
10-06-2023 08:12:31.724 [java] [DEBUG] gauge_jvm_args: 
10-06-2023 08:12:31.724 [java] [DEBUG] gauge_custom_compile_dir: 
10-06-2023 08:12:31.724 [java] [DEBUG] gauge_clear_state_level: scenario
10-06-2023 08:12:31.724 [java] [DEBUG] ***** END *****
10-06-2023 08:12:32.212 [Gauge] [DEBUG] Checking updates...
10-06-2023 08:12:32.213 [Gauge] [DEBUG] Downloading https://downloads.gauge.org/plugin/flash?l=java&p=flash,html-report,java,screenshot,spectacle,xml-report&o=darwin&a=arm64
10-06-2023 08:12:32.451 [Gauge] [DEBUG] Downloading https://downloads.gauge.org/plugin/html-report?l=java&p=flash,html-report,java,screenshot,spectacle,xml-report&o=darwin&a=arm64
10-06-2023 08:12:32.659 [Gauge] [DEBUG] Downloading https://downloads.gauge.org/plugin/java?l=java&p=flash,html-report,java,screenshot,spectacle,xml-report&o=darwin&a=arm64
10-06-2023 08:12:32.723 [Gauge] [DEBUG] Downloading https://downloads.gauge.org/plugin/screenshot?l=java&p=flash,html-report,java,screenshot,spectacle,xml-report&o=darwin&a=arm64
10-06-2023 08:12:32.787 [Gauge] [DEBUG] Downloading https://downloads.gauge.org/plugin/spectacle?l=java&p=flash,html-report,java,screenshot,spectacle,xml-report&o=darwin&a=arm64
10-06-2023 08:12:32.845 [Gauge] [DEBUG] Downloading https://downloads.gauge.org/plugin/xml-report?l=java&p=flash,html-report,java,screenshot,spectacle,xml-report&o=darwin&a=arm64
10-06-2023 08:12:36.619 [java] [DEBUG] classpath set to /Library/Java/JavaVirtualMachines/jdk1.8.0_351.jdk/Contents/Home/jre/lib/charsets.jar:/Library/Java/JavaVirtualMachines/jdk1.8.0_351.jdk/Contents/Home/jre/lib/deploy.jar:/Library/Java/JavaVirtualMachines/jdk1.8.0_351.jdk/Contents/Home/jre/lib/ext/cldrdata.jar:/Library/Java/JavaVirtualMachines/jdk1.8.0_351.jdk/Contents/Home/jre/lib/ext/dnsns.jar:/Library/Java/JavaVirtualMachines/jdk1.8.0_351.jdk/Contents/Home/jre/lib/ext/jaccess.jar:/Library/Java/JavaVirtualMachines/jdk1.8.0_351.jdk/Contents/Home/jre/lib/ext/jfxrt.jar:/Library/Java/JavaVirtualMachines/jdk1.8.0_351.jdk/Contents/Home/jre/lib/ext/localedata.jar:/Library/Java/JavaVirtualMachines/jdk1.8.0_351.jdk/Contents/Home/jre/lib/ext/nashorn.jar:/Library/Java/JavaVirtualMachines/jdk1.8.0_351.jdk/Contents/Home/jre/lib/ext/sunec.jar:/Library/Java/JavaVirtualMachines/jdk1.8.0_351.jdk/Contents/Home/jre/lib/ext/sunjce_provider.jar:/Library/Java/JavaVirtualMachines/jdk1.8.0_351.jdk/Contents/Home/jre/lib/ext/sunpkcs11.jar:/Library/Java/JavaVirtualMachines/jdk1.8.0_351.jdk/Contents/Home/jre/lib/ext/zipfs.jar:/Library/Java/JavaVirtualMachines/jdk1.8.0_351.jdk/Contents/Home/jre/lib/javaws.jar:/Library/Java/JavaVirtualMachines/jdk1.8.0_351.jdk/Contents/Home/jre/lib/jce.jar:/Library/Java/JavaVirtualMachines/jdk1.8.0_351.jdk/Contents/Home/jre/lib/jfr.jar:/Library/Java/JavaVirtualMachines/jdk1.8.0_351.jdk/Contents/Home/jre/lib/jfxswt.jar:/Library/Java/JavaVirtualMachines/jdk1.8.0_351.jdk/Contents/Home/jre/lib/jsse.jar:/Library/Java/JavaVirtualMachines/jdk1.8.0_351.jdk/Contents/Home/jre/lib/management-agent.jar:/Library/Java/JavaVirtualMachines/jdk1.8.0_351.jdk/Contents/Home/jre/lib/plugin.jar:/Library/Java/JavaVirtualMachines/jdk1.8.0_351.jdk/Contents/Home/jre/lib/resources.jar:/Library/Java/JavaVirtualMachines/jdk1.8.0_351.jdk/Contents/Home/jre/lib/rt.jar:/Users/testinium/Desktop/EnuygunWebProject/target/test-classes:/Users/testinium/.m2/repository/com/thoughtworks/gauge/gauge-java/0.9.1/gauge-java-0.9.1.jar:/Users/testinium/.m2/repository/org/assertj/assertj-core/3.22.0/assertj-core-3.22.0.jar:/Users/testinium/.m2/repository/org/reflections/reflections/0.10.2/reflections-0.10.2.jar:/Users/testinium/.m2/repository/org/javassist/javassist/3.28.0-GA/javassist-3.28.0-GA.jar:/Users/testinium/.m2/repository/com/google/code/findbugs/jsr305/3.0.2/jsr305-3.0.2.jar:/Users/testinium/.m2/repository/com/github/javaparser/javaparser-core/3.16.3/javaparser-core-3.16.3.jar:/Users/testinium/.m2/repository/commons-io/commons-io/2.11.0/commons-io-2.11.0.jar:/Users/testinium/.m2/repository/commons-lang/commons-lang/2.6/commons-lang-2.6.jar:/Users/testinium/.m2/repository/org/json/json/20220320/json-20220320.jar:/Users/testinium/.m2/repository/com/google/protobuf/protobuf-java/3.19.4/protobuf-java-3.19.4.jar:/Users/testinium/.m2/repository/io/grpc/grpc-netty-shaded/1.41.2/grpc-netty-shaded-1.41.2.jar:/Users/testinium/.m2/repository/com/google/errorprone/error_prone_annotations/2.9.0/error_prone_annotations-2.9.0.jar:/Users/testinium/.m2/repository/io/perfmark/perfmark-api/0.23.0/perfmark-api-0.23.0.jar:/Users/testinium/.m2/repository/io/grpc/grpc-core/1.41.2/grpc-core-1.41.2.jar:/Users/testinium/.m2/repository/com/google/android/annotations/4.1.1.4/annotations-4.1.1.4.jar:/Users/testinium/.m2/repository/org/codehaus/mojo/animal-sniffer-annotations/1.19/animal-sniffer-annotations-1.19.jar:/Users/testinium/.m2/repository/io/grpc/grpc-protobuf/1.41.2/grpc-protobuf-1.41.2.jar:/Users/testinium/.m2/repository/io/grpc/grpc-api/1.41.2/grpc-api-1.41.2.jar:/Users/testinium/.m2/repository/io/grpc/grpc-context/1.41.2/grpc-context-1.41.2.jar:/Users/testinium/.m2/repository/com/google/api/grpc/proto-google-common-protos/2.0.1/proto-google-common-protos-2.0.1.jar:/Users/testinium/.m2/repository/io/grpc/grpc-protobuf-lite/1.41.2/grpc-protobuf-lite-1.41.2.jar:/Users/testinium/.m2/repository/io/grpc/grpc-stub/1.41.2/grpc-stub-1.41.2.jar:/Users/testinium/.m2/repository/javax/annotation/javax.annotation-api/1.3.2/javax.annotation-api-1.3.2.jar:/Users/testinium/.m2/repository/org/junit/jupiter/junit-jupiter-engine/5.1.0/junit-jupiter-engine-5.1.0.jar:/Users/testinium/.m2/repository/org/apiguardian/apiguardian-api/1.0.0/apiguardian-api-1.0.0.jar:/Users/testinium/.m2/repository/org/junit/platform/junit-platform-engine/1.1.0/junit-platform-engine-1.1.0.jar:/Users/testinium/.m2/repository/org/junit/platform/junit-platform-commons/1.1.0/junit-platform-commons-1.1.0.jar:/Users/testinium/.m2/repository/org/opentest4j/opentest4j/1.0.0/opentest4j-1.0.0.jar:/Users/testinium/.m2/repository/org/junit/jupiter/junit-jupiter-api/5.1.0/junit-jupiter-api-5.1.0.jar:/Users/testinium/.m2/repository/org/seleniumhq/selenium/selenium-java/4.10.0/selenium-java-4.10.0.jar:/Users/testinium/.m2/repository/org/seleniumhq/selenium/selenium-api/4.10.0/selenium-api-4.10.0.jar:/Users/testinium/.m2/repository/org/seleniumhq/selenium/selenium-chrome-driver/4.10.0/selenium-chrome-driver-4.10.0.jar:/Users/testinium/.m2/repository/com/google/auto/service/auto-service-annotations/1.0.1/auto-service-annotations-1.0.1.jar:/Users/testinium/.m2/repository/com/google/auto/service/auto-service/1.0.1/auto-service-1.0.1.jar:/Users/testinium/.m2/repository/com/google/auto/auto-common/1.2/auto-common-1.2.jar:/Users/testinium/.m2/repository/com/google/guava/guava/31.1-jre/guava-31.1-jre.jar:/Users/testinium/.m2/repository/com/google/guava/failureaccess/1.0.1/failureaccess-1.0.1.jar:/Users/testinium/.m2/repository/com/google/guava/listenablefuture/9999.0-empty-to-avoid-conflict-with-guava/listenablefuture-9999.0-empty-to-avoid-conflict-with-guava.jar:/Users/testinium/.m2/repository/org/checkerframework/checker-qual/3.12.0/checker-qual-3.12.0.jar:/Users/testinium/.m2/repository/com/google/j2objc/j2objc-annotations/1.3/j2objc-annotations-1.3.jar:/Users/testinium/.m2/repository/org/seleniumhq/selenium/selenium-chromium-driver/4.10.0/selenium-chromium-driver-4.10.0.jar:/Users/testinium/.m2/repository/org/seleniumhq/selenium/selenium-json/4.10.0/selenium-json-4.10.0.jar:/Users/testinium/.m2/repository/org/seleniumhq/selenium/selenium-manager/4.10.0/selenium-manager-4.10.0.jar:/Users/testinium/.m2/repository/org/seleniumhq/selenium/selenium-devtools-v112/4.10.0/selenium-devtools-v112-4.10.0.jar:/Users/testinium/.m2/repository/org/seleniumhq/selenium/selenium-devtools-v113/4.10.0/selenium-devtools-v113-4.10.0.jar:/Users/testinium/.m2/repository/org/seleniumhq/selenium/selenium-devtools-v114/4.10.0/selenium-devtools-v114-4.10.0.jar:/Users/testinium/.m2/repository/org/seleniumhq/selenium/selenium-devtools-v85/4.10.0/selenium-devtools-v85-4.10.0.jar:/Users/testinium/.m2/repository/org/seleniumhq/selenium/selenium-edge-driver/4.10.0/selenium-edge-driver-4.10.0.jar:/Users/testinium/.m2/repository/org/seleniumhq/selenium/selenium-firefox-driver/4.10.0/selenium-firefox-driver-4.10.0.jar:/Users/testinium/.m2/repository/org/seleniumhq/selenium/selenium-http/4.10.0/selenium-http-4.10.0.jar:/Users/testinium/.m2/repository/dev/failsafe/failsafe/3.3.1/failsafe-3.3.1.jar:/Users/testinium/.m2/repository/org/seleniumhq/selenium/selenium-ie-driver/4.10.0/selenium-ie-driver-4.10.0.jar:/Users/testinium/.m2/repository/org/seleniumhq/selenium/selenium-remote-driver/4.10.0/selenium-remote-driver-4.10.0.jar:/Users/testinium/.m2/repository/io/netty/netty-buffer/4.1.92.Final/netty-buffer-4.1.92.Final.jar:/Users/testinium/.m2/repository/io/netty/netty-codec-http/4.1.92.Final/netty-codec-http-4.1.92.Final.jar:/Users/testinium/.m2/repository/io/netty/netty-codec/4.1.92.Final/netty-codec-4.1.92.Final.jar:/Users/testinium/.m2/repository/io/netty/netty-handler/4.1.92.Final/netty-handler-4.1.92.Final.jar:/Users/testinium/.m2/repository/io/netty/netty-common/4.1.92.Final/netty-common-4.1.92.Final.jar:/Users/testinium/.m2/repository/io/netty/netty-transport-classes-epoll/4.1.92.Final/netty-transport-classes-epoll-4.1.92.Final.jar:/Users/testinium/.m2/repository/io/netty/netty-transport-classes-kqueue/4.1.92.Final/netty-transport-classes-kqueue-4.1.92.Final.jar:/Users/testinium/.m2/repository/io/netty/netty-transport-native-epoll/4.1.92.Final/netty-transport-native-epoll-4.1.92.Final.jar:/Users/testinium/.m2/repository/io/netty/netty-transport-native-kqueue/4.1.92.Final/netty-transport-native-kqueue-4.1.92.Final.jar:/Users/testinium/.m2/repository/io/netty/netty-transport-native-unix-common/4.1.92.Final/netty-transport-native-unix-common-4.1.92.Final.jar:/Users/testinium/.m2/repository/io/netty/netty-transport/4.1.92.Final/netty-transport-4.1.92.Final.jar:/Users/testinium/.m2/repository/io/netty/netty-resolver/4.1.92.Final/netty-resolver-4.1.92.Final.jar:/Users/testinium/.m2/repository/io/opentelemetry/opentelemetry-api/1.26.0/opentelemetry-api-1.26.0.jar:/Users/testinium/.m2/repository/io/opentelemetry/opentelemetry-context/1.26.0/opentelemetry-context-1.26.0.jar:/Users/testinium/.m2/repository/io/opentelemetry/opentelemetry-exporter-logging/1.26.0/opentelemetry-exporter-logging-1.26.0.jar:/Users/testinium/.m2/repository/io/opentelemetry/opentelemetry-sdk-metrics/1.26.0/opentelemetry-sdk-metrics-1.26.0.jar:/Users/testinium/.m2/repository/io/opentelemetry/opentelemetry-extension-incubator/1.26.0-alpha/opentelemetry-extension-incubator-1.26.0-alpha.jar:/Users/testinium/.m2/repository/io/opentelemetry/opentelemetry-sdk-logs/1.26.0-alpha/opentelemetry-sdk-logs-1.26.0-alpha.jar:/Users/testinium/.m2/repository/io/opentelemetry/opentelemetry-api-logs/1.26.0-alpha/opentelemetry-api-logs-1.26.0-alpha.jar:/Users/testinium/.m2/repository/io/opentelemetry/opentelemetry-api-events/1.26.0-alpha/opentelemetry-api-events-1.26.0-alpha.jar:/Users/testinium/.m2/repository/io/opentelemetry/opentelemetry-sdk-common/1.26.0/opentelemetry-sdk-common-1.26.0.jar:/Users/testinium/.m2/repository/io/opentelemetry/opentelemetry-sdk-extension-autoconfigure-spi/1.26.0/opentelemetry-sdk-extension-autoconfigure-spi-1.26.0.jar:/Users/testinium/.m2/repository/io/opentelemetry/opentelemetry-sdk-extension-autoconfigure/1.26.0-alpha/opentelemetry-sdk-extension-autoconfigure-1.26.0-alpha.jar:/Users/testinium/.m2/repository/io/opentelemetry/opentelemetry-sdk-trace/1.26.0/opentelemetry-sdk-trace-1.26.0.jar:/Users/testinium/.m2/repository/io/opentelemetry/opentelemetry-sdk/1.26.0/opentelemetry-sdk-1.26.0.jar:/Users/testinium/.m2/repository/io/opentelemetry/opentelemetry-semconv/1.26.0-alpha/opentelemetry-semconv-1.26.0-alpha.jar:/Users/testinium/.m2/repository/net/bytebuddy/byte-buddy/1.14.4/byte-buddy-1.14.4.jar:/Users/testinium/.m2/repository/org/apache/commons/commons-exec/1.3/commons-exec-1.3.jar:/Users/testinium/.m2/repository/org/asynchttpclient/async-http-client/2.12.3/async-http-client-2.12.3.jar:/Users/testinium/.m2/repository/org/asynchttpclient/async-http-client-netty-utils/2.12.3/async-http-client-netty-utils-2.12.3.jar:/Users/testinium/.m2/repository/io/netty/netty-codec-socks/4.1.60.Final/netty-codec-socks-4.1.60.Final.jar:/Users/testinium/.m2/repository/io/netty/netty-handler-proxy/4.1.60.Final/netty-handler-proxy-4.1.60.Final.jar:/Users/testinium/.m2/repository/io/netty/netty-transport-native-epoll/4.1.60.Final/netty-transport-native-epoll-4.1.60.Final-linux-x86_64.jar:/Users/testinium/.m2/repository/io/netty/netty-transport-native-kqueue/4.1.60.Final/netty-transport-native-kqueue-4.1.60.Final-osx-x86_64.jar:/Users/testinium/.m2/repository/org/reactivestreams/reactive-streams/1.0.3/reactive-streams-1.0.3.jar:/Users/testinium/.m2/repository/com/typesafe/netty/netty-reactive-streams/2.0.4/netty-reactive-streams-2.0.4.jar:/Users/testinium/.m2/repository/com/sun/activation/jakarta.activation/1.2.2/jakarta.activation-1.2.2.jar:/Users/testinium/.m2/repository/org/seleniumhq/selenium/selenium-safari-driver/4.10.0/selenium-safari-driver-4.10.0.jar:/Users/testinium/.m2/repository/org/seleniumhq/selenium/selenium-support/4.10.0/selenium-support-4.10.0.jar:/Users/testinium/.m2/repository/org/slf4j/slf4j-log4j12/1.7.30/slf4j-log4j12-1.7.30.jar:/Users/testinium/.m2/repository/log4j/log4j/1.2.17/log4j-1.2.17.jar:/Users/testinium/.m2/repository/org/slf4j/slf4j-api/1.7.30/slf4j-api-1.7.30.jar:/Users/testinium/.m2/repository/com/google/code/gson/gson/2.8.8/gson-2.8.8.jar:/Users/testinium/.m2/repository/io/github/bonigarcia/webdrivermanager/4.4.3/webdrivermanager-4.4.3.jar:/Users/testinium/.m2/repository/org/apache/commons/commons-lang3/3.12.0/commons-lang3-3.12.0.jar:/Users/testinium/.m2/repository/org/apache/httpcomponents/client5/httpclient5/5.0.3/httpclient5-5.0.3.jar:/Users/testinium/.m2/repository/org/apache/httpcomponents/core5/httpcore5/5.0.2/httpcore5-5.0.2.jar:/Users/testinium/.m2/repository/org/apache/httpcomponents/core5/httpcore5-h2/5.0.2/httpcore5-h2-5.0.2.jar:/Users/testinium/.m2/repository/commons-codec/commons-codec/1.13/commons-codec-1.13.jar:/Users/testinium/.m2/repository/org/rauschig/jarchivelib/1.1.0/jarchivelib-1.1.0.jar:/Users/testinium/.m2/repository/org/apache/commons/commons-compress/1.20/commons-compress-1.20.jar:/Users/testinium/.m2/repository/org/jsoup/jsoup/1.13.1/jsoup-1.13.1.jar
10-06-2023 08:12:36.622 [java] [DEBUG] found java executable in /Library/Java/JavaVirtualMachines/jdk1.8.0_351.jdk/Contents/Home/jre/bin/java
10-06-2023 08:12:36.623 [java] [DEBUG] running - /Library/Java/JavaVirtualMachines/jdk1.8.0_351.jdk/Contents/Home/jre/bin/java [-Dfile.encoding=UTF-8 com.thoughtworks.gauge.GaugeRuntime --start]
10-06-2023 08:12:36.623 [java] [DEBUG] stdout/stderr is logged to logs/15043-java.out
10-06-2023 08:12:36.850 [java] [DEBUG] multithreading is set to false
10-06-2023 08:12:37.553 [java] [DEBUG] Using reflection to scan dependencies for gauge implementations...
10-06-2023 08:12:37.801 [java] [ERROR] SLF4J: A number (18) of logging calls during the initialization phase have been intercepted and are
10-06-2023 08:12:37.801 [java] [ERROR] SLF4J: now being replayed. These are subject to the filtering rules of the underlying logging system.
10-06-2023 08:12:37.801 [java] [ERROR] SLF4J: See also http://www.slf4j.org/codes.html#replay
10-06-2023 08:12:38.112 [java] [DEBUG] gauge-java took 1259milliseconds to load and scan. This should be less than 'runner_connection_timeout' config value.
10-06-2023 08:12:38.117 [java] [DEBUG] run 'gauge config runner_connection_timeout' and verify that it is < 1259
10-06-2023 08:12:38.117 [java] [DEBUG] starting gRPC server...
10-06-2023 08:12:41.083 [java] [INFO] 2023-06-10 08:12:41 INFO  Reflections:219 scan - Reflections took 3268 ms to scan 127 urls, producing 11198 keys and 62948 values
10-06-2023 08:12:41.881 [java] [DEBUG] Scanning packages for steps
10-06-2023 08:12:41.919 [java] [DEBUG] Comparing 'org.enuygun.step.BaseSteps.waitBySeconds' and 'org.enuygun.step.BaseSteps.waitBySeconds'
10-06-2023 08:12:41.919 [java] [DEBUG] Found {} saniye beklenir in current project scope.
10-06-2023 08:12:41.921 [java] [DEBUG] Comparing 'org.enuygun.step.BaseSteps.sendKeys' and 'org.enuygun.step.BaseSteps.sendKeys'
10-06-2023 08:12:41.921 [java] [DEBUG] Found {} elementine {} texti yazılır in current project scope.
10-06-2023 08:12:41.921 [java] [DEBUG] Comparing 'org.enuygun.step.BaseSteps.clickElement' and 'org.enuygun.step.BaseSteps.clickElement'
10-06-2023 08:12:41.921 [java] [DEBUG] Found {} elementine tıklanır in current project scope.
10-06-2023 08:12:41.922 [java] [DEBUG] Comparing 'org.enuygun.step.BaseSteps.checkElement' and 'org.enuygun.step.BaseSteps.checkElement'
10-06-2023 08:12:41.922 [java] [DEBUG] Found {} elementinin görünürlüğü kontrol edilir in current project scope.
10-06-2023 08:12:41.922 [java] [DEBUG] Comparing 'org.enuygun.step.BaseSteps.selectDate' and 'org.enuygun.step.BaseSteps.selectDate'
10-06-2023 08:12:41.922 [java] [DEBUG] Found Gün-Ay-Yıl(ddMMyy) formatında {}-{}-{} bilet tarihi girişi yapılır in current project scope.
10-06-2023 08:12:41.922 [java] [DEBUG] Comparing 'org.enuygun.step.BaseSteps.passengerSelection' and 'org.enuygun.step.BaseSteps.passengerSelection'
10-06-2023 08:12:41.922 [java] [DEBUG] Found {} biletini {} adet {} biletini {} adet {} biletini {} adet {} biletini {} {} biletini {} adet arttır in current project scope.
10-06-2023 08:12:41.922 [java] [DEBUG] Comparing 'org.enuygun.step.BaseSteps.goToUrl' and 'org.enuygun.step.BaseSteps.goToUrl'
10-06-2023 08:12:41.922 [java] [DEBUG] Found {} adresine gidilir in current project scope.
10-06-2023 08:12:41.922 [java] [DEBUG] Comparing 'org.enuygun.step.BaseSteps.selectionCheckbox' and 'org.enuygun.step.BaseSteps.selectionCheckbox'
10-06-2023 08:12:41.922 [java] [DEBUG] Found {} checkboxı seçili degilse seçilir in current project scope.
10-06-2023 08:12:41.922 [java] [DEBUG] Comparing 'org.enuygun.step.BaseSteps.clickToElementWithJavaScript' and 'org.enuygun.step.BaseSteps.clickToElementWithJavaScript'
10-06-2023 08:12:41.923 [java] [DEBUG] Found {} elementine javascript ile tıklanır in current project scope.
10-06-2023 08:12:41.923 [java] [DEBUG] Comparing 'org.enuygun.step.BaseSteps.unselectedCheckbox' and 'org.enuygun.step.BaseSteps.unselectedCheckbox'
10-06-2023 08:12:41.923 [java] [DEBUG] Found {} checkboxı seçili ise seçim kaldırılır in current project scope.
10-06-2023 08:12:41.923 [java] [DEBUG] Scanning packages for hooks
10-06-2023 08:12:41.935 [java] [DEBUG] Scanned steps (using static parsing + reflections): 
10-06-2023 08:12:41.935 [java] [DEBUG] 	{} checkboxı seçili ise seçim kaldırılır : public void unselectedCheckbox(String key)
10-06-2023 08:12:41.935 [java] [DEBUG] 	{} elementine {} texti yazılır : public void sendKeys(String key, String text)
10-06-2023 08:12:41.935 [java] [DEBUG] 	{} elementinin görünürlüğü kontrol edilir : public void checkElement(String key)
10-06-2023 08:12:41.935 [java] [DEBUG] 	{} elementine javascript ile tıklanır : public void clickToElementWithJavaScript(String key)
10-06-2023 08:12:41.935 [java] [DEBUG] 	{} elementine tıklanır : public void clickElement(String key)
10-06-2023 08:12:41.935 [java] [DEBUG] 	{} saniye beklenir : public void waitBySeconds(ınt saniye) throws InterruptedException
10-06-2023 08:12:41.935 [java] [DEBUG] 	Gün-Ay-Yıl(ddMMyy) formatında {}-{}-{} bilet tarihi girişi yapılır : public void selectDate(String day, String month, ınt year) throws InterruptedException
10-06-2023 08:12:41.935 [java] [DEBUG] 	{} adresine gidilir : public void goToUrl(String url)
10-06-2023 08:12:41.935 [java] [DEBUG] 	{} biletini {} adet {} biletini {} adet {} biletini {} adet {} biletini {} {} biletini {} adet arttır : public void passengerSelection(String yetiskin, ınt adet1, String cocuk, ınt adet2, String bebek, ınt adet3, String yas65, ınt adet4, String ogrenci, ınt adet5)
10-06-2023 08:12:41.935 [java] [DEBUG] 	{} checkboxı seçili degilse seçilir : public void selectionCheckbox(String key)
10-06-2023 08:12:43.330 [Gauge] [DEBUG] Attempting to connect to grpc server at port: 64661
10-06-2023 08:12:43.412 [Gauge] [DEBUG] Successfully made the connection with runner with port: 64661
10-06-2023 08:12:43.412 [Gauge] [DEBUG] Validation started.
10-06-2023 08:12:44.330 [java] [INFO] 2023-06-10 08:12:44 INFO  Reflections:219 scan - Reflections took 850 ms to scan 127 urls, producing 11099 keys and 51964 values
10-06-2023 08:12:44.453 [Gauge] [DEBUG] Validation completed.
10-06-2023 08:12:44.454 [Gauge] [DEBUG] Run started
10-06-2023 08:12:44.455 [Gauge] [DEBUG] Starting Html Report plugin
10-06-2023 08:12:44.489 [Gauge] [DEBUG] Attempting to connect to grpc server at port: 64670
10-06-2023 08:12:44.490 [Gauge] [DEBUG] Successfully made the connection with plugin with port: 64670
10-06-2023 08:12:44.490 [Gauge] [DEBUG] Initialising suite data store.
10-06-2023 08:12:44.996 [java] [INFO] 2023-06-10 08:12:44 INFO  WebDriverManager:632 resolveDriverVersion - Using chromedriver 114.0.5735.90 (resolved driver for Chrome 114)
10-06-2023 08:12:45.019 [java] [INFO] 2023-06-10 08:12:45 INFO  WebDriverManager:689 exportDriver - Exporting webdriver.chrome.driver as /Users/testinium/.cache/selenium/chromedriver/mac64/114.0.5735.90/chromedriver
10-06-2023 08:12:45.053 [java] [ERROR] Haz 10, 2023 8:12:45 AM org.openqa.selenium.remote.service.DriverService$Builder getLogOutput
10-06-2023 08:12:45.053 [java] [ERROR] INFO: Driver logs no longer sent to console by default; https://www.selenium.dev/documentation/webdriver/drivers/service/#setting-log-output
10-06-2023 08:12:56.525 [java] [DEBUG] Executing '{} adresine gidilir' using 'class org.enuygun.step.BaseSteps.goToUrl
10-06-2023 08:13:19.511 [java] [DEBUG] Executing '{} elementine tıklanır' using 'class org.enuygun.step.BaseSteps.clickElement
10-06-2023 08:13:22.454 [java] [INFO] 2023-06-10 08:13:22 INFO  BaseSteps:81 clickElement - neredenPlaceholder elementine tiklandi
10-06-2023 08:13:22.466 [java] [DEBUG] Executing '{} elementine {} texti yazılır' using 'class org.enuygun.step.BaseSteps.sendKeys
10-06-2023 08:13:25.767 [java] [INFO] 2023-06-10 08:13:25 INFO  BaseSteps:102 sendKeys - neredenPlaceholder elementine Samsun texti yazildi
10-06-2023 08:13:25.779 [java] [DEBUG] Executing '{} elementine tıklanır' using 'class org.enuygun.step.BaseSteps.clickElement
10-06-2023 08:13:31.510 [java] [INFO] 2023-06-10 08:13:31 INFO  BaseSteps:81 clickElement - gidisSecim elementine tiklandi
10-06-2023 08:13:31.530 [java] [DEBUG] Executing '{} elementine tıklanır' using 'class org.enuygun.step.BaseSteps.clickElement
10-06-2023 08:13:33.781 [java] [INFO] 2023-06-10 08:13:33 INFO  BaseSteps:81 clickElement - nereyePlaceholder elementine tiklandi
10-06-2023 08:13:33.796 [java] [DEBUG] Executing '{} elementine {} texti yazılır' using 'class org.enuygun.step.BaseSteps.sendKeys
10-06-2023 08:13:36.287 [java] [INFO] 2023-06-10 08:13:36 INFO  BaseSteps:102 sendKeys - nereyePlaceholder elementine Ankara texti yazildi
10-06-2023 08:13:36.301 [java] [DEBUG] Executing '{} elementine tıklanır' using 'class org.enuygun.step.BaseSteps.clickElement
10-06-2023 08:13:37.489 [java] [INFO] 2023-06-10 08:13:37 INFO  BaseSteps:81 clickElement - donusSecim elementine tiklandi
10-06-2023 08:13:37.503 [java] [DEBUG] Executing '{} checkboxı seçili ise seçim kaldırılır' using 'class org.enuygun.step.BaseSteps.unselectedCheckbox
10-06-2023 08:13:37.612 [java] [INFO] Tek yon checkboxi secili.true
10-06-2023 08:13:42.941 [java] [INFO] 2023-06-10 08:13:42 INFO  BaseSteps:81 clickElement - tekYonCheckbox elementine tiklandi
10-06-2023 08:13:42.941 [java] [INFO] ek yon checkboxi secildi.
10-06-2023 08:13:42.960 [java] [DEBUG] Executing '{} elementine tıklanır' using 'class org.enuygun.step.BaseSteps.clickElement
10-06-2023 08:13:44.874 [java] [INFO] 2023-06-10 08:13:44 INFO  BaseSteps:81 clickElement - gidisTarihiPlaceholder elementine tiklandi
10-06-2023 08:13:44.884 [java] [DEBUG] Executing 'Gün-Ay-Yıl(ddMMyy) formatında {}-{}-{} bilet tarihi girişi yapılır' using 'class org.enuygun.step.BaseSteps.selectDate
10-06-2023 08:13:44.885 [java] [INFO] Ay ve yıl bilgisi : Temmuz 2023
10-06-2023 08:13:48.894 [java] [INFO] 2023-06-10 08:13:48 INFO  BaseSteps:81 clickElement - gelecekAyButonu elementine tiklandi
10-06-2023 08:13:54.227 [java] [INFO] Elemente tiklandi..
10-06-2023 08:13:54.244 [java] [DEBUG] Executing '{} elementine javascript ile tıklanır' using 'class org.enuygun.step.BaseSteps.clickToElementWithJavaScript
10-06-2023 08:13:54.571 [java] [INFO] 2023-06-10 08:13:54 INFO  BaseSteps:94 clickToElementWithJavaScript - donusTarihiPlaceholder elementine javascript ile tiklandi
10-06-2023 08:13:54.583 [java] [DEBUG] Executing 'Gün-Ay-Yıl(ddMMyy) formatında {}-{}-{} bilet tarihi girişi yapılır' using 'class org.enuygun.step.BaseSteps.selectDate
10-06-2023 08:13:54.584 [java] [INFO] Ay ve yıl bilgisi : Eylül 2023
10-06-2023 08:13:56.650 [java] [INFO] 2023-06-10 08:13:56 INFO  BaseSteps:81 clickElement - gelecekAyButonu elementine tiklandi
10-06-2023 08:13:59.203 [java] [INFO] 2023-06-10 08:13:59 INFO  BaseSteps:81 clickElement - gelecekAyButonu elementine tiklandi
10-06-2023 08:14:01.646 [java] [DEBUG] Executing '{} checkboxı seçili degilse seçilir' using 'class org.enuygun.step.BaseSteps.selectionCheckbox
10-06-2023 08:14:02.018 [java] [INFO] Aktarmasiz checkboxi seçili değilfalse
10-06-2023 08:14:03.120 [java] [INFO] 2023-06-10 08:14:03 INFO  BaseSteps:81 clickElement - aktarmasizCheckbox elementine tiklandi
10-06-2023 08:14:03.120 [java] [INFO] Aktarmasiz checkboxi secildi.
10-06-2023 08:14:03.127 [java] [DEBUG] Executing '{} elementine tıklanır' using 'class org.enuygun.step.BaseSteps.clickElement
10-06-2023 08:14:03.553 [java] [INFO] 2023-06-10 08:14:03 INFO  BaseSteps:81 clickElement - yolcuSecimPlaceholder elementine tiklandi
10-06-2023 08:14:03.567 [java] [DEBUG] Executing '{} elementine tıklanır' using 'class org.enuygun.step.BaseSteps.clickElement
10-06-2023 08:14:04.167 [java] [INFO] 2023-06-10 08:14:04 INFO  BaseSteps:81 clickElement - businessButonu elementine tiklandi
10-06-2023 08:14:04.174 [java] [DEBUG] Executing '{} biletini {} adet {} biletini {} adet {} biletini {} adet {} biletini {} {} biletini {} adet arttır' using 'class org.enuygun.step.BaseSteps.passengerSelection
10-06-2023 08:14:04.732 [java] [INFO] 2023-06-10 08:14:04 INFO  BaseSteps:81 clickElement - yetiskinYolcuSayisiArttirmaButonu elementine tiklandi
10-06-2023 08:14:05.175 [java] [INFO] 2023-06-10 08:14:05 INFO  BaseSteps:81 clickElement - yetiskinYolcuSayisiArttirmaButonu elementine tiklandi
10-06-2023 08:14:05.445 [java] [INFO] 2023-06-10 08:14:05 INFO  BaseSteps:81 clickElement - yetiskinYolcuSayisiAzaltmaButonu elementine tiklandi
10-06-2023 08:14:06.025 [java] [INFO] 2023-06-10 08:14:06 INFO  BaseSteps:81 clickElement - cocukYolcuSayisiArttirmaButonu elementine tiklandi
10-06-2023 08:14:06.255 [java] [INFO] 2023-06-10 08:14:06 INFO  BaseSteps:81 clickElement - bebekYolcuSayisiArttirmaButonu elementine tiklandi
10-06-2023 08:14:06.485 [java] [INFO] 2023-06-10 08:14:06 INFO  BaseSteps:81 clickElement - bebekYolcuSayisiArttirmaButonu elementine tiklandi
10-06-2023 08:14:06.658 [java] [INFO] 2023-06-10 08:14:06 INFO  BaseSteps:81 clickElement - 65YasYolcuSayisiArttirmaButonu elementine tiklandi
10-06-2023 08:14:07.083 [java] [INFO] 2023-06-10 08:14:07 INFO  BaseSteps:81 clickElement - 65YasYolcuSayisiArttirmaButonu elementine tiklandi
10-06-2023 08:14:07.315 [java] [INFO] 2023-06-10 08:14:07 INFO  BaseSteps:81 clickElement - 65YasYolcuSayisiArttirmaButonu elementine tiklandi
10-06-2023 08:14:07.849 [java] [INFO] 2023-06-10 08:14:07 INFO  BaseSteps:81 clickElement - ogrenciYolcuSayisiArttirmaButonu elementine tiklandi
10-06-2023 08:14:08.014 [java] [INFO] 2023-06-10 08:14:08 INFO  BaseSteps:81 clickElement - ogrenciYolcuSayisiArttirmaButonu elementine tiklandi
10-06-2023 08:14:08.434 [java] [INFO] 2023-06-10 08:14:08 INFO  BaseSteps:81 clickElement - yolcuTamamButonu elementine tiklandi
10-06-2023 08:14:08.455 [java] [DEBUG] Executing '{} elementine tıklanır' using 'class org.enuygun.step.BaseSteps.clickElement
10-06-2023 08:15:13.120 [java] [INFO] 2023-06-10 08:15:13 INFO  BaseSteps:81 clickElement - ucuzBiletBulButonu elementine tiklandi
10-06-2023 08:15:13.149 [java] [DEBUG] Executing '{} elementinin görünürlüğü kontrol edilir' using 'class org.enuygun.step.BaseSteps.checkElement
10-06-2023 08:15:13.824 [java] [INFO] 2023-06-10 08:15:13 INFO  BaseSteps:135 checkElement - aramayiFavorilereEkleButonuelementi gorundu.
10-06-2023 08:15:14.068 [html-report] [DEBUG] Transformed SuiteResult to report structure
10-06-2023 08:15:14.082 [html-report] [INFO] Successfully generated html-report to => /Users/testinium/Desktop/EnuygunWebProject/reports/html-report/index.html
10-06-2023 08:15:14.082 [html-report] [DEBUG] Done generating HTML report using theme from /Users/testinium/.gauge/plugins/html-report/4.1.4/themes/default
10-06-2023 08:15:14.082 [Gauge] [DEBUG] Sending kill message to Html Report plugin.
10-06-2023 08:15:14.086 [java] [DEBUG] Killing Java runner...
10-06-2023 08:15:14.088 [java] [DEBUG] Stopping execution pool...
10-06-2023 08:15:14.088 [java] [DEBUG] Shutting down grpc server...
10-06-2023 08:15:14.106 [java] [DEBUG] Runner killed gracefully.
10-06-2023 08:15:14.604 [Gauge] [DEBUG] Runner with PID:15043 has exited
10-06-2023 08:15:14.604 [Gauge] [INFO] Specifications:	1 executed	1 passed	0 failed	0 skipped
10-06-2023 08:15:14.604 [Gauge] [INFO] Scenarios:	1 executed	1 passed	0 failed	0 skipped
10-06-2023 08:15:14.604 [Gauge] [INFO] 
Total time taken: 2m29.611s
10-06-2023 08:15:14.604 [Gauge] [INFO] Updates are available. Run `gauge update -c` for more info.
